<?xml version="1.0" encoding="UTF-8"?>
<!-- Generated by org.testng.reporters.JUnitXMLReporter -->
<testsuite ignored="0" hostname="Joanna" failures="17" tests="96" name="TestChrome" time="303.521" errors="0" timestamp="2024-11-23T23:02:10 GMT-05:00">
  <testcase classname="io.cucumber.testng.AbstractTestNGCucumberTests" name="runScenario" time="2.958"/>
  <testcase classname="io.cucumber.testng.AbstractTestNGCucumberTests" name="runScenario" time="4.208"/>
  <testcase classname="io.cucumber.testng.AbstractTestNGCucumberTests" name="runScenario" time="3.458"/>
  <testcase classname="io.cucumber.testng.AbstractTestNGCucumberTests" name="runScenario" time="3.366"/>
  <testcase classname="io.cucumber.testng.AbstractTestNGCucumberTests" name="runScenario" time="3.329"/>
  <testcase classname="io.cucumber.testng.AbstractTestNGCucumberTests" name="runScenario" time="1.47"/>
  <testcase classname="io.cucumber.testng.AbstractTestNGCucumberTests" name="runScenario" time="1.464"/>
  <testcase classname="io.cucumber.testng.AbstractTestNGCucumberTests" name="runScenario" time="1.541"/>
  <testcase classname="io.cucumber.testng.AbstractTestNGCucumberTests" name="runScenario" time="2.4"/>
  <testcase classname="io.cucumber.testng.AbstractTestNGCucumberTests" name="runScenario" time="0.492"/>
  <testcase classname="io.cucumber.testng.AbstractTestNGCucumberTests" name="runScenario" time="0.47"/>
  <testcase classname="io.cucumber.testng.AbstractTestNGCucumberTests" name="runScenario" time="0.403"/>
  <testcase classname="io.cucumber.testng.AbstractTestNGCucumberTests" name="runScenario" time="0.375"/>
  <testcase classname="io.cucumber.testng.AbstractTestNGCucumberTests" name="runScenario" time="0.394"/>
  <testcase classname="io.cucumber.testng.AbstractTestNGCucumberTests" name="runScenario" time="5.542"/>
  <testcase classname="io.cucumber.testng.AbstractTestNGCucumberTests" name="runScenario" time="2.658"/>
  <testcase classname="io.cucumber.testng.AbstractTestNGCucumberTests" name="runScenario" time="2.678"/>
  <testcase classname="io.cucumber.testng.AbstractTestNGCucumberTests" name="runScenario" time="2.662"/>
  <testcase classname="io.cucumber.testng.AbstractTestNGCucumberTests" name="runScenario" time="2.628"/>
  <testcase classname="io.cucumber.testng.AbstractTestNGCucumberTests" name="runScenario" time="2.683"/>
  <testcase classname="io.cucumber.testng.AbstractTestNGCucumberTests" name="runScenario" time="2.691"/>
  <testcase classname="io.cucumber.testng.AbstractTestNGCucumberTests" name="runScenario" time="2.943"/>
  <testcase classname="io.cucumber.testng.AbstractTestNGCucumberTests" name="runScenario" time="12.696"/>
  <testcase classname="io.cucumber.testng.AbstractTestNGCucumberTests" name="runScenario" time="2.695"/>
  <testcase classname="io.cucumber.testng.AbstractTestNGCucumberTests" name="runScenario" time="2.723"/>
  <testcase classname="io.cucumber.testng.AbstractTestNGCucumberTests" name="runScenario" time="2.573"/>
  <testcase classname="io.cucumber.testng.AbstractTestNGCucumberTests" name="runScenario" time="2.977"/>
  <testcase classname="io.cucumber.testng.AbstractTestNGCucumberTests" name="runScenario" time="2.562"/>
  <testcase classname="io.cucumber.testng.AbstractTestNGCucumberTests" name="runScenario" time="2.861"/>
  <testcase classname="io.cucumber.testng.AbstractTestNGCucumberTests" name="runScenario" time="2.803"/>
  <testcase classname="io.cucumber.testng.AbstractTestNGCucumberTests" name="runScenario" time="2.89"/>
  <testcase classname="io.cucumber.testng.AbstractTestNGCucumberTests" name="runScenario" time="2.888"/>
  <testcase classname="io.cucumber.testng.AbstractTestNGCucumberTests" name="runScenario" time="2.919"/>
  <testcase classname="io.cucumber.testng.AbstractTestNGCucumberTests" name="runScenario" time="2.871"/>
  <testcase classname="io.cucumber.testng.AbstractTestNGCucumberTests" name="runScenario" time="2.922"/>
  <testcase classname="io.cucumber.testng.AbstractTestNGCucumberTests" name="runScenario" time="2.991"/>
  <testcase classname="io.cucumber.testng.AbstractTestNGCucumberTests" name="runScenario" time="3.011"/>
  <testcase classname="io.cucumber.testng.AbstractTestNGCucumberTests" name="runScenario" time="2.997"/>
  <testcase classname="io.cucumber.testng.AbstractTestNGCucumberTests" name="runScenario" time="3.161"/>
  <testcase classname="io.cucumber.testng.AbstractTestNGCucumberTests" name="runScenario" time="3.106"/>
  <testcase classname="io.cucumber.testng.AbstractTestNGCucumberTests" name="runScenario" time="3.13"/>
  <testcase classname="io.cucumber.testng.AbstractTestNGCucumberTests" name="runScenario" time="1.257"/>
  <testcase classname="io.cucumber.testng.AbstractTestNGCucumberTests" name="runScenario" time="0.727">
    <failure type="java.lang.NullPointerException" message="Cannot invoke &amp;quot;pageobject.LinkedListPageObject.click_Intro_tryhere()&amp;quot; because &amp;quot;this.llPageObject&amp;quot; is null">
      <![CDATA[java.lang.NullPointerException: Cannot invoke "pageobject.LinkedListPageObject.click_Intro_tryhere()" because "this.llPageObject" is null
at stepdef.LinkedListPageStep.user_clicks_on_sub_try_here_link(LinkedListPageStep.java:219)
at ✽.User clicks on sub Try Here link(file:///C:/Users/golda/git/DsAlgoProject/DsAlgoProject/src/test/resources/Features/BGTree.feature:177)
]]>
    </failure>
  </testcase> <!-- runScenario -->
  <testcase classname="io.cucumber.testng.AbstractTestNGCucumberTests" name="runScenario" time="0.734">
    <failure type="java.lang.NullPointerException" message="Cannot invoke &amp;quot;pageobject.LinkedListPageObject.click_Intro_tryhere()&amp;quot; because &amp;quot;this.llPageObject&amp;quot; is null">
      <![CDATA[java.lang.NullPointerException: Cannot invoke "pageobject.LinkedListPageObject.click_Intro_tryhere()" because "this.llPageObject" is null
at stepdef.LinkedListPageStep.user_clicks_on_sub_try_here_link(LinkedListPageStep.java:219)
at ✽.User clicks on sub Try Here link(file:///C:/Users/golda/git/DsAlgoProject/DsAlgoProject/src/test/resources/Features/BGTree.feature:191)
]]>
    </failure>
  </testcase> <!-- runScenario -->
  <testcase classname="io.cucumber.testng.AbstractTestNGCucumberTests" name="runScenario" time="0.765">
    <failure type="java.lang.NullPointerException" message="Cannot invoke &amp;quot;pageobject.LinkedListPageObject.click_Intro_tryhere()&amp;quot; because &amp;quot;this.llPageObject&amp;quot; is null">
      <![CDATA[java.lang.NullPointerException: Cannot invoke "pageobject.LinkedListPageObject.click_Intro_tryhere()" because "this.llPageObject" is null
at stepdef.LinkedListPageStep.user_clicks_on_sub_try_here_link(LinkedListPageStep.java:219)
at ✽.User clicks on sub Try Here link(file:///C:/Users/golda/git/DsAlgoProject/DsAlgoProject/src/test/resources/Features/BGTree.feature:205)
]]>
    </failure>
  </testcase> <!-- runScenario -->
  <testcase classname="io.cucumber.testng.AbstractTestNGCucumberTests" name="runScenario" time="0.867">
    <failure type="java.lang.NullPointerException" message="Cannot invoke &amp;quot;pageobject.LinkedListPageObject.click_Intro_tryhere()&amp;quot; because &amp;quot;this.llPageObject&amp;quot; is null">
      <![CDATA[java.lang.NullPointerException: Cannot invoke "pageobject.LinkedListPageObject.click_Intro_tryhere()" because "this.llPageObject" is null
at stepdef.LinkedListPageStep.user_clicks_on_sub_try_here_link(LinkedListPageStep.java:219)
at ✽.User clicks on sub Try Here link(file:///C:/Users/golda/git/DsAlgoProject/DsAlgoProject/src/test/resources/Features/BGTree.feature:220)
]]>
    </failure>
  </testcase> <!-- runScenario -->
  <testcase classname="io.cucumber.testng.AbstractTestNGCucumberTests" name="runScenario" time="1.097">
    <failure type="java.lang.NullPointerException" message="Cannot invoke &amp;quot;pageobject.LinkedListPageObject.click_Intro_tryhere()&amp;quot; because &amp;quot;this.llPageObject&amp;quot; is null">
      <![CDATA[java.lang.NullPointerException: Cannot invoke "pageobject.LinkedListPageObject.click_Intro_tryhere()" because "this.llPageObject" is null
at stepdef.LinkedListPageStep.user_clicks_on_sub_try_here_link(LinkedListPageStep.java:219)
at ✽.User clicks on sub Try Here link(file:///C:/Users/golda/git/DsAlgoProject/DsAlgoProject/src/test/resources/Features/BGTree.feature:234)
]]>
    </failure>
  </testcase> <!-- runScenario -->
  <testcase classname="io.cucumber.testng.AbstractTestNGCucumberTests" name="runScenario" time="1.046">
    <failure type="java.lang.NullPointerException" message="Cannot invoke &amp;quot;pageobject.LinkedListPageObject.click_Intro_tryhere()&amp;quot; because &amp;quot;this.llPageObject&amp;quot; is null">
      <![CDATA[java.lang.NullPointerException: Cannot invoke "pageobject.LinkedListPageObject.click_Intro_tryhere()" because "this.llPageObject" is null
at stepdef.LinkedListPageStep.user_clicks_on_sub_try_here_link(LinkedListPageStep.java:219)
at ✽.User clicks on sub Try Here link(file:///C:/Users/golda/git/DsAlgoProject/DsAlgoProject/src/test/resources/Features/BGTree.feature:248)
]]>
    </failure>
  </testcase> <!-- runScenario -->
  <testcase classname="io.cucumber.testng.AbstractTestNGCucumberTests" name="runScenario" time="0.841">
    <failure type="java.lang.NullPointerException" message="Cannot invoke &amp;quot;pageobject.LinkedListPageObject.click_Intro_tryhere()&amp;quot; because &amp;quot;this.llPageObject&amp;quot; is null">
      <![CDATA[java.lang.NullPointerException: Cannot invoke "pageobject.LinkedListPageObject.click_Intro_tryhere()" because "this.llPageObject" is null
at stepdef.LinkedListPageStep.user_clicks_on_sub_try_here_link(LinkedListPageStep.java:219)
at ✽.User clicks on sub Try Here link(file:///C:/Users/golda/git/DsAlgoProject/DsAlgoProject/src/test/resources/Features/BGTree.feature:262)
]]>
    </failure>
  </testcase> <!-- runScenario -->
  <testcase classname="io.cucumber.testng.AbstractTestNGCucumberTests" name="runScenario" time="0.915">
    <failure type="java.lang.NullPointerException" message="Cannot invoke &amp;quot;pageobject.LinkedListPageObject.click_Intro_tryhere()&amp;quot; because &amp;quot;this.llPageObject&amp;quot; is null">
      <![CDATA[java.lang.NullPointerException: Cannot invoke "pageobject.LinkedListPageObject.click_Intro_tryhere()" because "this.llPageObject" is null
at stepdef.LinkedListPageStep.user_clicks_on_sub_try_here_link(LinkedListPageStep.java:219)
at ✽.User clicks on sub Try Here link(file:///C:/Users/golda/git/DsAlgoProject/DsAlgoProject/src/test/resources/Features/BGTree.feature:277)
]]>
    </failure>
  </testcase> <!-- runScenario -->
  <testcase classname="io.cucumber.testng.AbstractTestNGCucumberTests" name="runScenario" time="0.777">
    <failure type="java.lang.NullPointerException" message="Cannot invoke &amp;quot;pageobject.LinkedListPageObject.click_Intro_tryhere()&amp;quot; because &amp;quot;this.llPageObject&amp;quot; is null">
      <![CDATA[java.lang.NullPointerException: Cannot invoke "pageobject.LinkedListPageObject.click_Intro_tryhere()" because "this.llPageObject" is null
at stepdef.LinkedListPageStep.user_clicks_on_sub_try_here_link(LinkedListPageStep.java:219)
at ✽.User clicks on sub Try Here link(file:///C:/Users/golda/git/DsAlgoProject/DsAlgoProject/src/test/resources/Features/BGTree.feature:291)
]]>
    </failure>
  </testcase> <!-- runScenario -->
  <testcase classname="io.cucumber.testng.AbstractTestNGCucumberTests" name="runScenario" time="0.88">
    <failure type="java.lang.NullPointerException" message="Cannot invoke &amp;quot;pageobject.LinkedListPageObject.click_Intro_tryhere()&amp;quot; because &amp;quot;this.llPageObject&amp;quot; is null">
      <![CDATA[java.lang.NullPointerException: Cannot invoke "pageobject.LinkedListPageObject.click_Intro_tryhere()" because "this.llPageObject" is null
at stepdef.LinkedListPageStep.user_clicks_on_sub_try_here_link(LinkedListPageStep.java:219)
at ✽.User clicks on sub Try Here link(file:///C:/Users/golda/git/DsAlgoProject/DsAlgoProject/src/test/resources/Features/BGTree.feature:305)
]]>
    </failure>
  </testcase> <!-- runScenario -->
  <testcase classname="io.cucumber.testng.AbstractTestNGCucumberTests" name="runScenario" time="0.852">
    <failure type="java.lang.NullPointerException" message="Cannot invoke &amp;quot;pageobject.LinkedListPageObject.click_Intro_tryhere()&amp;quot; because &amp;quot;this.llPageObject&amp;quot; is null">
      <![CDATA[java.lang.NullPointerException: Cannot invoke "pageobject.LinkedListPageObject.click_Intro_tryhere()" because "this.llPageObject" is null
at stepdef.LinkedListPageStep.user_clicks_on_sub_try_here_link(LinkedListPageStep.java:219)
at ✽.User clicks on sub Try Here link(file:///C:/Users/golda/git/DsAlgoProject/DsAlgoProject/src/test/resources/Features/BGTree.feature:319)
]]>
    </failure>
  </testcase> <!-- runScenario -->
  <testcase classname="io.cucumber.testng.AbstractTestNGCucumberTests" name="runScenario" time="5.148"/>
  <testcase classname="io.cucumber.testng.AbstractTestNGCucumberTests" name="runScenario" time="2.945"/>
  <testcase classname="io.cucumber.testng.AbstractTestNGCucumberTests" name="runScenario" time="5.042"/>
  <testcase classname="io.cucumber.testng.AbstractTestNGCucumberTests" name="runScenario" time="5.006"/>
  <testcase classname="io.cucumber.testng.AbstractTestNGCucumberTests" name="runScenario" time="4.739"/>
  <testcase classname="io.cucumber.testng.AbstractTestNGCucumberTests" name="runScenario" time="4.706"/>
  <testcase classname="io.cucumber.testng.AbstractTestNGCucumberTests" name="runScenario" time="2.569"/>
  <testcase classname="io.cucumber.testng.AbstractTestNGCucumberTests" name="runScenario" time="4.898"/>
  <testcase classname="io.cucumber.testng.AbstractTestNGCucumberTests" name="runScenario" time="4.766"/>
  <testcase classname="io.cucumber.testng.AbstractTestNGCucumberTests" name="runScenario" time="4.882"/>
  <testcase classname="io.cucumber.testng.AbstractTestNGCucumberTests" name="runScenario" time="4.786"/>
  <testcase classname="io.cucumber.testng.AbstractTestNGCucumberTests" name="runScenario" time="4.808"/>
  <testcase classname="io.cucumber.testng.AbstractTestNGCucumberTests" name="runScenario" time="4.828"/>
  <testcase classname="io.cucumber.testng.AbstractTestNGCucumberTests" name="runScenario" time="4.78"/>
  <testcase classname="io.cucumber.testng.AbstractTestNGCucumberTests" name="runScenario" time="4.724"/>
  <testcase classname="io.cucumber.testng.AbstractTestNGCucumberTests" name="runScenario" time="3.332"/>
  <testcase classname="io.cucumber.testng.AbstractTestNGCucumberTests" name="runScenario" time="0.935"/>
  <testcase classname="io.cucumber.testng.AbstractTestNGCucumberTests" name="runScenario" time="2.932"/>
  <testcase classname="io.cucumber.testng.AbstractTestNGCucumberTests" name="runScenario" time="3.021"/>
  <testcase classname="io.cucumber.testng.AbstractTestNGCucumberTests" name="runScenario" time="3.057"/>
  <testcase classname="io.cucumber.testng.AbstractTestNGCucumberTests" name="runScenario" time="3.054"/>
  <testcase classname="io.cucumber.testng.AbstractTestNGCucumberTests" name="runScenario" time="0.965"/>
  <testcase classname="io.cucumber.testng.AbstractTestNGCucumberTests" name="runScenario" time="5.588"/>
  <testcase classname="io.cucumber.testng.AbstractTestNGCucumberTests" name="runScenario" time="5.727"/>
  <testcase classname="io.cucumber.testng.AbstractTestNGCucumberTests" name="runScenario" time="5.604"/>
  <testcase classname="io.cucumber.testng.AbstractTestNGCucumberTests" name="runScenario" time="5.61"/>
  <testcase classname="io.cucumber.testng.AbstractTestNGCucumberTests" name="runScenario" time="5.599"/>
  <testcase classname="io.cucumber.testng.AbstractTestNGCucumberTests" name="runScenario" time="5.655"/>
  <testcase classname="io.cucumber.testng.AbstractTestNGCucumberTests" name="runScenario" time="5.679"/>
  <testcase classname="io.cucumber.testng.AbstractTestNGCucumberTests" name="runScenario" time="5.742"/>
  <testcase classname="io.cucumber.testng.AbstractTestNGCucumberTests" name="runScenario" time="5.704">
    <failure type="org.junit.ComparisonFailure" message="expected:&amp;lt;[ Practice Questions ]&amp;gt; but was:&amp;lt;[Practice Questions]&amp;gt;">
      <![CDATA[org.junit.ComparisonFailure: expected:<[ Practice Questions ]> but was:<[Practice Questions]>
at org.junit.Assert.assertEquals(Assert.java:117)
at org.junit.Assert.assertEquals(Assert.java:146)
at stepdef.QueuePageStep.user_navigated_to_practise_test_page(QueuePageStep.java:92)
at ✽.User navigated to Practise Test page(file:///C:/Users/golda/git/DsAlgoProject/DsAlgoProject/src/test/resources/Features/FQueue.feature:60)
]]>
    </failure>
  </testcase> <!-- runScenario -->
  <testcase classname="io.cucumber.testng.AbstractTestNGCucumberTests" name="runScenario" time="0.934"/>
  <testcase classname="io.cucumber.testng.AbstractTestNGCucumberTests" name="runScenario" time="0.97"/>
  <testcase classname="io.cucumber.testng.AbstractTestNGCucumberTests" name="runScenario" time="0.819"/>
  <testcase classname="io.cucumber.testng.AbstractTestNGCucumberTests" name="runScenario" time="0.854"/>
  <testcase classname="io.cucumber.testng.AbstractTestNGCucumberTests" name="runScenario" time="5.624"/>
  <testcase classname="io.cucumber.testng.AbstractTestNGCucumberTests" name="runScenario" time="5.873">
    <failure type="org.junit.ComparisonFailure" message="expected:&amp;lt;Graph[]&amp;gt; but was:&amp;lt;Graph[ Representations]&amp;gt;">
      <![CDATA[org.junit.ComparisonFailure: expected:<Graph[]> but was:<Graph[ Representations]>
at org.junit.Assert.assertEquals(Assert.java:117)
at org.junit.Assert.assertEquals(Assert.java:146)
at stepdef.Homepagestepdef.user_navigated_to_graph_page(Homepagestepdef.java:158)
at ✽.User navigated to Graph page(file:///C:/Users/golda/git/DsAlgoProject/DsAlgoProject/src/test/resources/Features/MGraph.feature:15)
]]>
    </failure>
  </testcase> <!-- runScenario -->
  <testcase classname="io.cucumber.testng.AbstractTestNGCucumberTests" name="runScenario" time="5.804"/>
  <testcase classname="io.cucumber.testng.AbstractTestNGCucumberTests" name="runScenario" time="5.773"/>
  <testcase classname="io.cucumber.testng.AbstractTestNGCucumberTests" name="runScenario" time="5.802">
    <failure type="java.lang.NullPointerException" message="Cannot invoke &amp;quot;org.openqa.selenium.WebDriver.getTitle()&amp;quot; because &amp;quot;this.driver&amp;quot; is null">
      <![CDATA[java.lang.NullPointerException: Cannot invoke "org.openqa.selenium.WebDriver.getTitle()" because "this.driver" is null
at stepdef.QueuePageStep.user_navigated_to_practise_test_page(QueuePageStep.java:91)
at ✽.User navigated to Practise Test page(file:///C:/Users/golda/git/DsAlgoProject/DsAlgoProject/src/test/resources/Features/MGraph.feature:35)
]]>
    </failure>
  </testcase> <!-- runScenario -->
  <testcase classname="io.cucumber.testng.AbstractTestNGCucumberTests" name="runScenario" time="5.748">
    <failure type="java.lang.NullPointerException" message="Cannot invoke &amp;quot;org.openqa.selenium.WebDriver.getTitle()&amp;quot; because &amp;quot;this.driver&amp;quot; is null">
      <![CDATA[java.lang.NullPointerException: Cannot invoke "org.openqa.selenium.WebDriver.getTitle()" because "this.driver" is null
at stepdef.QueuePageStep.user_navigated_to_practise_test_page(QueuePageStep.java:91)
at ✽.User navigated to Practise Test page(file:///C:/Users/golda/git/DsAlgoProject/DsAlgoProject/src/test/resources/Features/MGraph.feature:41)
]]>
    </failure>
  </testcase> <!-- runScenario -->
  <testcase classname="io.cucumber.testng.AbstractTestNGCucumberTests" name="runScenario" time="0.767">
    <failure type="java.lang.NullPointerException" message="Cannot invoke &amp;quot;util.ExcelReader.getData(String)&amp;quot; because &amp;quot;this.xcelRead&amp;quot; is null">
      <![CDATA[java.lang.NullPointerException: Cannot invoke "util.ExcelReader.getData(String)" because "this.xcelRead" is null
at stepdef.TryEditorPageStep.user_enters_data_from_and(TryEditorPageStep.java:53)
at ✽.User enters data from "Sheet1" and 0(file:///C:/Users/golda/git/DsAlgoProject/DsAlgoProject/src/test/resources/Features/MGraph.feature:48)
]]>
    </failure>
  </testcase> <!-- runScenario -->
  <testcase classname="io.cucumber.testng.AbstractTestNGCucumberTests" name="runScenario" time="0.829">
    <failure type="java.lang.NullPointerException" message="Cannot invoke &amp;quot;util.ExcelReader.getData(String)&amp;quot; because &amp;quot;this.xcelRead&amp;quot; is null">
      <![CDATA[java.lang.NullPointerException: Cannot invoke "util.ExcelReader.getData(String)" because "this.xcelRead" is null
at stepdef.TryEditorPageStep.user_enters_data_from_and(TryEditorPageStep.java:53)
at ✽.User enters data from "Sheet1" and 0(file:///C:/Users/golda/git/DsAlgoProject/DsAlgoProject/src/test/resources/Features/MGraph.feature:61)
]]>
    </failure>
  </testcase> <!-- runScenario -->
</testsuite> <!-- TestChrome -->
