<?xml version="1.0" encoding="UTF-8"?>
<!-- Generated by org.testng.reporters.JUnitXMLReporter -->
<testsuite ignored="0" hostname="Joanna" failures="83" tests="85" name="Testedge" time="25.313" errors="0" timestamp="2024-11-12T14:03:58 GMT-05:00">
  <testcase classname="io.cucumber.testng.AbstractTestNGCucumberTests" name="runScenario" time="10.146"/>
  <testcase classname="io.cucumber.testng.AbstractTestNGCucumberTests" name="runScenario" time="7.043">
    <failure type="org.junit.ComparisonFailure" message="expected:&amp;lt;[ Login ]&amp;gt; but was:&amp;lt;[Login]&amp;gt;">
      <![CDATA[org.junit.ComparisonFailure: expected:<[ Login ]> but was:<[Login]>
at org.junit.Assert.assertEquals(Assert.java:117)
at org.junit.Assert.assertEquals(Assert.java:146)
at stepdef.LoginPageStep.user_remains_on_login_page(LoginPageStep.java:63)
at ✽.user remains on login page(file:///C:/Users/golda/git/DsAlgoProject/DsAlgoProject/src/test/resources/Features/Blogin.feature:8)
]]>
    </failure>
  </testcase> <!-- runScenario -->
  <testcase classname="io.cucumber.testng.AbstractTestNGCucumberTests" name="runScenario" time="5.012"/>
  <testcase classname="io.cucumber.testng.AbstractTestNGCucumberTests" name="runScenario" time="2.343">
    <failure type="org.openqa.selenium.NoSuchElementException" message="Unable to find element with locator By.xpath: /html/body/div[2]/ul[1]/a
For documentation on this error, please visit: https://www.selenium.dev/documentation/webdriver/troubleshooting/errors#no-such-element-exception
Build info: version: &amp;apos;4.23.1&amp;apos;, revision: &amp;apos;656257d8e9&amp;apos;
System info: os.name: &amp;apos;Windows 11&amp;apos;, os.arch: &amp;apos;amd64&amp;apos;, os.version: &amp;apos;10.0&amp;apos;, java.version: &amp;apos;22.0.2&amp;apos;
Driver info: driver.version: RemoteWebDriver">
      <![CDATA[org.openqa.selenium.NoSuchElementException: Unable to find element with locator By.xpath: /html/body/div[2]/ul[1]/a
For documentation on this error, please visit: https://www.selenium.dev/documentation/webdriver/troubleshooting/errors#no-such-element-exception
Build info: version: '4.23.1', revision: '656257d8e9'
System info: os.name: 'Windows 11', os.arch: 'amd64', os.version: '10.0', java.version: '22.0.2'
Driver info: driver.version: RemoteWebDriver
at org.openqa.selenium.remote.ElementLocation$ElementFinder$2.findElement(ElementLocation.java:168)
at org.openqa.selenium.remote.ElementLocation.findElement(ElementLocation.java:59)
at org.openqa.selenium.remote.RemoteWebDriver.findElement(RemoteWebDriver.java:368)
at org.openqa.selenium.remote.RemoteWebDriver.findElement(RemoteWebDriver.java:362)
at org.openqa.selenium.support.pagefactory.DefaultElementLocator.findElement(DefaultElementLocator.java:68)
at org.openqa.selenium.support.pagefactory.internal.LocatingElementHandler.invoke(LocatingElementHandler.java:38)
at jdk.proxy2/jdk.proxy2.$Proxy24.click(Unknown Source)
at pageobject.LinkedListPageObject.click_Intro(LinkedListPageObject.java:53)
at stepdef.LinkedListPageStep.user_clicks_on_introduction_link(LinkedListPageStep.java:36)
at ✽.user clicks on Introduction link(file:///C:/Users/golda/git/DsAlgoProject/DsAlgoProject/src/test/resources/Features/Clinkedlist.feature:6)
]]>
    </failure>
  </testcase> <!-- runScenario -->
  <testcase classname="io.cucumber.testng.AbstractTestNGCucumberTests" name="runScenario" time="0.008">
    <failure type="org.openqa.selenium.NoSuchWindowException" message="no such window: target window already closed
from unknown error: web view not found
  (Session info: MicrosoftEdge=130.0.2849.80)
Build info: version: &amp;apos;4.23.1&amp;apos;, revision: &amp;apos;656257d8e9&amp;apos;
System info: os.name: &amp;apos;Windows 11&amp;apos;, os.arch: &amp;apos;amd64&amp;apos;, os.version: &amp;apos;10.0&amp;apos;, java.version: &amp;apos;22.0.2&amp;apos;
Driver info: org.openqa.selenium.edge.EdgeDriver
Command: [fc67c3436242a45d843aa9ce4c303228, get {url=https://dsportalapp.herokuapp.com/linked-list/}]
Capabilities {acceptInsecureCerts: false, browserName: MicrosoftEdge, browserVersion: 130.0.2849.80, fedcm:accounts: true, ms:edgeOptions: {debuggerAddress: localhost:62964}, msedge: {msedgedriverVersion: 130.0.2849.80 (bbf5e2881b22..., userDataDir: C:\Users\golda\AppData\Loca...}, networkConnectionEnabled: false, pageLoadStrategy: normal, platformName: windows, proxy: Proxy(), se:cdp: ws://localhost:62964/devtoo..., se:cdpVersion: 130.0.2849.80, setWindowRect: true, strictFileInteractability: false, timeouts: {implicit: 0, pageLoad: 300000, script: 30000}, unhandledPromptBehavior: dismiss and notify, webauthn:extension:credBlob: true, webauthn:extension:largeBlob: true, webauthn:extension:minPinLength: true, webauthn:extension:prf: true, webauthn:virtualAuthenticators: true}
Session ID: fc67c3436242a45d843aa9ce4c303228">
      <![CDATA[org.openqa.selenium.NoSuchWindowException: no such window: target window already closed
from unknown error: web view not found
  (Session info: MicrosoftEdge=130.0.2849.80)
Build info: version: '4.23.1', revision: '656257d8e9'
System info: os.name: 'Windows 11', os.arch: 'amd64', os.version: '10.0', java.version: '22.0.2'
Driver info: org.openqa.selenium.edge.EdgeDriver
Command: [fc67c3436242a45d843aa9ce4c303228, get {url=https://dsportalapp.herokuapp.com/linked-list/}]
Capabilities {acceptInsecureCerts: false, browserName: MicrosoftEdge, browserVersion: 130.0.2849.80, fedcm:accounts: true, ms:edgeOptions: {debuggerAddress: localhost:62964}, msedge: {msedgedriverVersion: 130.0.2849.80 (bbf5e2881b22..., userDataDir: C:\Users\golda\AppData\Loca...}, networkConnectionEnabled: false, pageLoadStrategy: normal, platformName: windows, proxy: Proxy(), se:cdp: ws://localhost:62964/devtoo..., se:cdpVersion: 130.0.2849.80, setWindowRect: true, strictFileInteractability: false, timeouts: {implicit: 0, pageLoad: 300000, script: 30000}, unhandledPromptBehavior: dismiss and notify, webauthn:extension:credBlob: true, webauthn:extension:largeBlob: true, webauthn:extension:minPinLength: true, webauthn:extension:prf: true, webauthn:virtualAuthenticators: true}
Session ID: fc67c3436242a45d843aa9ce4c303228
at org.openqa.selenium.remote.ErrorCodec.decode(ErrorCodec.java:167)
at org.openqa.selenium.remote.codec.w3c.W3CHttpResponseCodec.decode(W3CHttpResponseCodec.java:138)
at org.openqa.selenium.remote.codec.w3c.W3CHttpResponseCodec.decode(W3CHttpResponseCodec.java:50)
at org.openqa.selenium.remote.HttpCommandExecutor.execute(HttpCommandExecutor.java:190)
at org.openqa.selenium.remote.service.DriverCommandExecutor.invokeExecute(DriverCommandExecutor.java:216)
at org.openqa.selenium.remote.service.DriverCommandExecutor.execute(DriverCommandExecutor.java:174)
at org.openqa.selenium.remote.RemoteWebDriver.execute(RemoteWebDriver.java:545)
at org.openqa.selenium.remote.RemoteWebDriver.get(RemoteWebDriver.java:313)
at stepdef.LinkedListPageStep.user_is_on_linked_list_page(LinkedListPageStep.java:27)
at ✽.User is on LinkedList Page(file:///C:/Users/golda/git/DsAlgoProject/DsAlgoProject/src/test/resources/Features/Clinkedlist.feature:12)
... Removed 3 stack frames]]>
    </failure>
  </testcase> <!-- runScenario -->
  <testcase classname="io.cucumber.testng.AbstractTestNGCucumberTests" name="runScenario" time="0.01">
    <failure type="org.openqa.selenium.NoSuchWindowException" message="no such window: target window already closed
from unknown error: web view not found
  (Session info: MicrosoftEdge=130.0.2849.80)
Build info: version: &amp;apos;4.23.1&amp;apos;, revision: &amp;apos;656257d8e9&amp;apos;
System info: os.name: &amp;apos;Windows 11&amp;apos;, os.arch: &amp;apos;amd64&amp;apos;, os.version: &amp;apos;10.0&amp;apos;, java.version: &amp;apos;22.0.2&amp;apos;
Driver info: org.openqa.selenium.edge.EdgeDriver
Command: [fc67c3436242a45d843aa9ce4c303228, get {url=https://dsportalapp.herokuapp.com/linked-list/}]
Capabilities {acceptInsecureCerts: false, browserName: MicrosoftEdge, browserVersion: 130.0.2849.80, fedcm:accounts: true, ms:edgeOptions: {debuggerAddress: localhost:62964}, msedge: {msedgedriverVersion: 130.0.2849.80 (bbf5e2881b22..., userDataDir: C:\Users\golda\AppData\Loca...}, networkConnectionEnabled: false, pageLoadStrategy: normal, platformName: windows, proxy: Proxy(), se:cdp: ws://localhost:62964/devtoo..., se:cdpVersion: 130.0.2849.80, setWindowRect: true, strictFileInteractability: false, timeouts: {implicit: 0, pageLoad: 300000, script: 30000}, unhandledPromptBehavior: dismiss and notify, webauthn:extension:credBlob: true, webauthn:extension:largeBlob: true, webauthn:extension:minPinLength: true, webauthn:extension:prf: true, webauthn:virtualAuthenticators: true}
Session ID: fc67c3436242a45d843aa9ce4c303228">
      <![CDATA[org.openqa.selenium.NoSuchWindowException: no such window: target window already closed
from unknown error: web view not found
  (Session info: MicrosoftEdge=130.0.2849.80)
Build info: version: '4.23.1', revision: '656257d8e9'
System info: os.name: 'Windows 11', os.arch: 'amd64', os.version: '10.0', java.version: '22.0.2'
Driver info: org.openqa.selenium.edge.EdgeDriver
Command: [fc67c3436242a45d843aa9ce4c303228, get {url=https://dsportalapp.herokuapp.com/linked-list/}]
Capabilities {acceptInsecureCerts: false, browserName: MicrosoftEdge, browserVersion: 130.0.2849.80, fedcm:accounts: true, ms:edgeOptions: {debuggerAddress: localhost:62964}, msedge: {msedgedriverVersion: 130.0.2849.80 (bbf5e2881b22..., userDataDir: C:\Users\golda\AppData\Loca...}, networkConnectionEnabled: false, pageLoadStrategy: normal, platformName: windows, proxy: Proxy(), se:cdp: ws://localhost:62964/devtoo..., se:cdpVersion: 130.0.2849.80, setWindowRect: true, strictFileInteractability: false, timeouts: {implicit: 0, pageLoad: 300000, script: 30000}, unhandledPromptBehavior: dismiss and notify, webauthn:extension:credBlob: true, webauthn:extension:largeBlob: true, webauthn:extension:minPinLength: true, webauthn:extension:prf: true, webauthn:virtualAuthenticators: true}
Session ID: fc67c3436242a45d843aa9ce4c303228
at org.openqa.selenium.remote.ErrorCodec.decode(ErrorCodec.java:167)
at org.openqa.selenium.remote.codec.w3c.W3CHttpResponseCodec.decode(W3CHttpResponseCodec.java:138)
at org.openqa.selenium.remote.codec.w3c.W3CHttpResponseCodec.decode(W3CHttpResponseCodec.java:50)
at org.openqa.selenium.remote.HttpCommandExecutor.execute(HttpCommandExecutor.java:190)
at org.openqa.selenium.remote.service.DriverCommandExecutor.invokeExecute(DriverCommandExecutor.java:216)
at org.openqa.selenium.remote.service.DriverCommandExecutor.execute(DriverCommandExecutor.java:174)
at org.openqa.selenium.remote.RemoteWebDriver.execute(RemoteWebDriver.java:545)
at org.openqa.selenium.remote.RemoteWebDriver.get(RemoteWebDriver.java:313)
at stepdef.LinkedListPageStep.user_is_on_linked_list_page(LinkedListPageStep.java:27)
at ✽.User is on LinkedList Page(file:///C:/Users/golda/git/DsAlgoProject/DsAlgoProject/src/test/resources/Features/Clinkedlist.feature:19)
... Removed 3 stack frames]]>
    </failure>
  </testcase> <!-- runScenario -->
  <testcase classname="io.cucumber.testng.AbstractTestNGCucumberTests" name="runScenario" time="0.01">
    <failure type="org.openqa.selenium.NoSuchWindowException" message="no such window: target window already closed
from unknown error: web view not found
  (Session info: MicrosoftEdge=130.0.2849.80)
Build info: version: &amp;apos;4.23.1&amp;apos;, revision: &amp;apos;656257d8e9&amp;apos;
System info: os.name: &amp;apos;Windows 11&amp;apos;, os.arch: &amp;apos;amd64&amp;apos;, os.version: &amp;apos;10.0&amp;apos;, java.version: &amp;apos;22.0.2&amp;apos;
Driver info: org.openqa.selenium.edge.EdgeDriver
Command: [fc67c3436242a45d843aa9ce4c303228, get {url=https://dsportalapp.herokuapp.com/linked-list/}]
Capabilities {acceptInsecureCerts: false, browserName: MicrosoftEdge, browserVersion: 130.0.2849.80, fedcm:accounts: true, ms:edgeOptions: {debuggerAddress: localhost:62964}, msedge: {msedgedriverVersion: 130.0.2849.80 (bbf5e2881b22..., userDataDir: C:\Users\golda\AppData\Loca...}, networkConnectionEnabled: false, pageLoadStrategy: normal, platformName: windows, proxy: Proxy(), se:cdp: ws://localhost:62964/devtoo..., se:cdpVersion: 130.0.2849.80, setWindowRect: true, strictFileInteractability: false, timeouts: {implicit: 0, pageLoad: 300000, script: 30000}, unhandledPromptBehavior: dismiss and notify, webauthn:extension:credBlob: true, webauthn:extension:largeBlob: true, webauthn:extension:minPinLength: true, webauthn:extension:prf: true, webauthn:virtualAuthenticators: true}
Session ID: fc67c3436242a45d843aa9ce4c303228">
      <![CDATA[org.openqa.selenium.NoSuchWindowException: no such window: target window already closed
from unknown error: web view not found
  (Session info: MicrosoftEdge=130.0.2849.80)
Build info: version: '4.23.1', revision: '656257d8e9'
System info: os.name: 'Windows 11', os.arch: 'amd64', os.version: '10.0', java.version: '22.0.2'
Driver info: org.openqa.selenium.edge.EdgeDriver
Command: [fc67c3436242a45d843aa9ce4c303228, get {url=https://dsportalapp.herokuapp.com/linked-list/}]
Capabilities {acceptInsecureCerts: false, browserName: MicrosoftEdge, browserVersion: 130.0.2849.80, fedcm:accounts: true, ms:edgeOptions: {debuggerAddress: localhost:62964}, msedge: {msedgedriverVersion: 130.0.2849.80 (bbf5e2881b22..., userDataDir: C:\Users\golda\AppData\Loca...}, networkConnectionEnabled: false, pageLoadStrategy: normal, platformName: windows, proxy: Proxy(), se:cdp: ws://localhost:62964/devtoo..., se:cdpVersion: 130.0.2849.80, setWindowRect: true, strictFileInteractability: false, timeouts: {implicit: 0, pageLoad: 300000, script: 30000}, unhandledPromptBehavior: dismiss and notify, webauthn:extension:credBlob: true, webauthn:extension:largeBlob: true, webauthn:extension:minPinLength: true, webauthn:extension:prf: true, webauthn:virtualAuthenticators: true}
Session ID: fc67c3436242a45d843aa9ce4c303228
at org.openqa.selenium.remote.ErrorCodec.decode(ErrorCodec.java:167)
at org.openqa.selenium.remote.codec.w3c.W3CHttpResponseCodec.decode(W3CHttpResponseCodec.java:138)
at org.openqa.selenium.remote.codec.w3c.W3CHttpResponseCodec.decode(W3CHttpResponseCodec.java:50)
at org.openqa.selenium.remote.HttpCommandExecutor.execute(HttpCommandExecutor.java:190)
at org.openqa.selenium.remote.service.DriverCommandExecutor.invokeExecute(DriverCommandExecutor.java:216)
at org.openqa.selenium.remote.service.DriverCommandExecutor.execute(DriverCommandExecutor.java:174)
at org.openqa.selenium.remote.RemoteWebDriver.execute(RemoteWebDriver.java:545)
at org.openqa.selenium.remote.RemoteWebDriver.get(RemoteWebDriver.java:313)
at stepdef.LinkedListPageStep.user_is_on_linked_list_page(LinkedListPageStep.java:27)
at ✽.User is on LinkedList Page(file:///C:/Users/golda/git/DsAlgoProject/DsAlgoProject/src/test/resources/Features/Clinkedlist.feature:27)
... Removed 3 stack frames]]>
    </failure>
  </testcase> <!-- runScenario -->
  <testcase classname="io.cucumber.testng.AbstractTestNGCucumberTests" name="runScenario" time="0.006">
    <failure type="org.openqa.selenium.NoSuchWindowException" message="no such window: target window already closed
from unknown error: web view not found
  (Session info: MicrosoftEdge=130.0.2849.80)
Build info: version: &amp;apos;4.23.1&amp;apos;, revision: &amp;apos;656257d8e9&amp;apos;
System info: os.name: &amp;apos;Windows 11&amp;apos;, os.arch: &amp;apos;amd64&amp;apos;, os.version: &amp;apos;10.0&amp;apos;, java.version: &amp;apos;22.0.2&amp;apos;
Driver info: org.openqa.selenium.edge.EdgeDriver
Command: [fc67c3436242a45d843aa9ce4c303228, get {url=https://dsportalapp.herokuapp.com/linked-list/}]
Capabilities {acceptInsecureCerts: false, browserName: MicrosoftEdge, browserVersion: 130.0.2849.80, fedcm:accounts: true, ms:edgeOptions: {debuggerAddress: localhost:62964}, msedge: {msedgedriverVersion: 130.0.2849.80 (bbf5e2881b22..., userDataDir: C:\Users\golda\AppData\Loca...}, networkConnectionEnabled: false, pageLoadStrategy: normal, platformName: windows, proxy: Proxy(), se:cdp: ws://localhost:62964/devtoo..., se:cdpVersion: 130.0.2849.80, setWindowRect: true, strictFileInteractability: false, timeouts: {implicit: 0, pageLoad: 300000, script: 30000}, unhandledPromptBehavior: dismiss and notify, webauthn:extension:credBlob: true, webauthn:extension:largeBlob: true, webauthn:extension:minPinLength: true, webauthn:extension:prf: true, webauthn:virtualAuthenticators: true}
Session ID: fc67c3436242a45d843aa9ce4c303228">
      <![CDATA[org.openqa.selenium.NoSuchWindowException: no such window: target window already closed
from unknown error: web view not found
  (Session info: MicrosoftEdge=130.0.2849.80)
Build info: version: '4.23.1', revision: '656257d8e9'
System info: os.name: 'Windows 11', os.arch: 'amd64', os.version: '10.0', java.version: '22.0.2'
Driver info: org.openqa.selenium.edge.EdgeDriver
Command: [fc67c3436242a45d843aa9ce4c303228, get {url=https://dsportalapp.herokuapp.com/linked-list/}]
Capabilities {acceptInsecureCerts: false, browserName: MicrosoftEdge, browserVersion: 130.0.2849.80, fedcm:accounts: true, ms:edgeOptions: {debuggerAddress: localhost:62964}, msedge: {msedgedriverVersion: 130.0.2849.80 (bbf5e2881b22..., userDataDir: C:\Users\golda\AppData\Loca...}, networkConnectionEnabled: false, pageLoadStrategy: normal, platformName: windows, proxy: Proxy(), se:cdp: ws://localhost:62964/devtoo..., se:cdpVersion: 130.0.2849.80, setWindowRect: true, strictFileInteractability: false, timeouts: {implicit: 0, pageLoad: 300000, script: 30000}, unhandledPromptBehavior: dismiss and notify, webauthn:extension:credBlob: true, webauthn:extension:largeBlob: true, webauthn:extension:minPinLength: true, webauthn:extension:prf: true, webauthn:virtualAuthenticators: true}
Session ID: fc67c3436242a45d843aa9ce4c303228
at org.openqa.selenium.remote.ErrorCodec.decode(ErrorCodec.java:167)
at org.openqa.selenium.remote.codec.w3c.W3CHttpResponseCodec.decode(W3CHttpResponseCodec.java:138)
at org.openqa.selenium.remote.codec.w3c.W3CHttpResponseCodec.decode(W3CHttpResponseCodec.java:50)
at org.openqa.selenium.remote.HttpCommandExecutor.execute(HttpCommandExecutor.java:190)
at org.openqa.selenium.remote.service.DriverCommandExecutor.invokeExecute(DriverCommandExecutor.java:216)
at org.openqa.selenium.remote.service.DriverCommandExecutor.execute(DriverCommandExecutor.java:174)
at org.openqa.selenium.remote.RemoteWebDriver.execute(RemoteWebDriver.java:545)
at org.openqa.selenium.remote.RemoteWebDriver.get(RemoteWebDriver.java:313)
at stepdef.LinkedListPageStep.user_is_on_linked_list_page(LinkedListPageStep.java:27)
at ✽.User is on LinkedList Page(file:///C:/Users/golda/git/DsAlgoProject/DsAlgoProject/src/test/resources/Features/Clinkedlist.feature:33)
... Removed 3 stack frames]]>
    </failure>
  </testcase> <!-- runScenario -->
  <testcase classname="io.cucumber.testng.AbstractTestNGCucumberTests" name="runScenario" time="0.007">
    <failure type="org.openqa.selenium.NoSuchWindowException" message="no such window: target window already closed
from unknown error: web view not found
  (Session info: MicrosoftEdge=130.0.2849.80)
Build info: version: &amp;apos;4.23.1&amp;apos;, revision: &amp;apos;656257d8e9&amp;apos;
System info: os.name: &amp;apos;Windows 11&amp;apos;, os.arch: &amp;apos;amd64&amp;apos;, os.version: &amp;apos;10.0&amp;apos;, java.version: &amp;apos;22.0.2&amp;apos;
Driver info: org.openqa.selenium.edge.EdgeDriver
Command: [fc67c3436242a45d843aa9ce4c303228, get {url=https://dsportalapp.herokuapp.com/linked-list/}]
Capabilities {acceptInsecureCerts: false, browserName: MicrosoftEdge, browserVersion: 130.0.2849.80, fedcm:accounts: true, ms:edgeOptions: {debuggerAddress: localhost:62964}, msedge: {msedgedriverVersion: 130.0.2849.80 (bbf5e2881b22..., userDataDir: C:\Users\golda\AppData\Loca...}, networkConnectionEnabled: false, pageLoadStrategy: normal, platformName: windows, proxy: Proxy(), se:cdp: ws://localhost:62964/devtoo..., se:cdpVersion: 130.0.2849.80, setWindowRect: true, strictFileInteractability: false, timeouts: {implicit: 0, pageLoad: 300000, script: 30000}, unhandledPromptBehavior: dismiss and notify, webauthn:extension:credBlob: true, webauthn:extension:largeBlob: true, webauthn:extension:minPinLength: true, webauthn:extension:prf: true, webauthn:virtualAuthenticators: true}
Session ID: fc67c3436242a45d843aa9ce4c303228">
      <![CDATA[org.openqa.selenium.NoSuchWindowException: no such window: target window already closed
from unknown error: web view not found
  (Session info: MicrosoftEdge=130.0.2849.80)
Build info: version: '4.23.1', revision: '656257d8e9'
System info: os.name: 'Windows 11', os.arch: 'amd64', os.version: '10.0', java.version: '22.0.2'
Driver info: org.openqa.selenium.edge.EdgeDriver
Command: [fc67c3436242a45d843aa9ce4c303228, get {url=https://dsportalapp.herokuapp.com/linked-list/}]
Capabilities {acceptInsecureCerts: false, browserName: MicrosoftEdge, browserVersion: 130.0.2849.80, fedcm:accounts: true, ms:edgeOptions: {debuggerAddress: localhost:62964}, msedge: {msedgedriverVersion: 130.0.2849.80 (bbf5e2881b22..., userDataDir: C:\Users\golda\AppData\Loca...}, networkConnectionEnabled: false, pageLoadStrategy: normal, platformName: windows, proxy: Proxy(), se:cdp: ws://localhost:62964/devtoo..., se:cdpVersion: 130.0.2849.80, setWindowRect: true, strictFileInteractability: false, timeouts: {implicit: 0, pageLoad: 300000, script: 30000}, unhandledPromptBehavior: dismiss and notify, webauthn:extension:credBlob: true, webauthn:extension:largeBlob: true, webauthn:extension:minPinLength: true, webauthn:extension:prf: true, webauthn:virtualAuthenticators: true}
Session ID: fc67c3436242a45d843aa9ce4c303228
at org.openqa.selenium.remote.ErrorCodec.decode(ErrorCodec.java:167)
at org.openqa.selenium.remote.codec.w3c.W3CHttpResponseCodec.decode(W3CHttpResponseCodec.java:138)
at org.openqa.selenium.remote.codec.w3c.W3CHttpResponseCodec.decode(W3CHttpResponseCodec.java:50)
at org.openqa.selenium.remote.HttpCommandExecutor.execute(HttpCommandExecutor.java:190)
at org.openqa.selenium.remote.service.DriverCommandExecutor.invokeExecute(DriverCommandExecutor.java:216)
at org.openqa.selenium.remote.service.DriverCommandExecutor.execute(DriverCommandExecutor.java:174)
at org.openqa.selenium.remote.RemoteWebDriver.execute(RemoteWebDriver.java:545)
at org.openqa.selenium.remote.RemoteWebDriver.get(RemoteWebDriver.java:313)
at stepdef.LinkedListPageStep.user_is_on_linked_list_page(LinkedListPageStep.java:27)
at ✽.User is on LinkedList Page(file:///C:/Users/golda/git/DsAlgoProject/DsAlgoProject/src/test/resources/Features/Clinkedlist.feature:39)
... Removed 3 stack frames]]>
    </failure>
  </testcase> <!-- runScenario -->
  <testcase classname="io.cucumber.testng.AbstractTestNGCucumberTests" name="runScenario" time="0.011">
    <failure type="org.openqa.selenium.NoSuchWindowException" message="no such window: target window already closed
from unknown error: web view not found
  (Session info: MicrosoftEdge=130.0.2849.80)
Build info: version: &amp;apos;4.23.1&amp;apos;, revision: &amp;apos;656257d8e9&amp;apos;
System info: os.name: &amp;apos;Windows 11&amp;apos;, os.arch: &amp;apos;amd64&amp;apos;, os.version: &amp;apos;10.0&amp;apos;, java.version: &amp;apos;22.0.2&amp;apos;
Driver info: org.openqa.selenium.edge.EdgeDriver
Command: [fc67c3436242a45d843aa9ce4c303228, get {url=https://dsportalapp.herokuapp.com/linked-list/}]
Capabilities {acceptInsecureCerts: false, browserName: MicrosoftEdge, browserVersion: 130.0.2849.80, fedcm:accounts: true, ms:edgeOptions: {debuggerAddress: localhost:62964}, msedge: {msedgedriverVersion: 130.0.2849.80 (bbf5e2881b22..., userDataDir: C:\Users\golda\AppData\Loca...}, networkConnectionEnabled: false, pageLoadStrategy: normal, platformName: windows, proxy: Proxy(), se:cdp: ws://localhost:62964/devtoo..., se:cdpVersion: 130.0.2849.80, setWindowRect: true, strictFileInteractability: false, timeouts: {implicit: 0, pageLoad: 300000, script: 30000}, unhandledPromptBehavior: dismiss and notify, webauthn:extension:credBlob: true, webauthn:extension:largeBlob: true, webauthn:extension:minPinLength: true, webauthn:extension:prf: true, webauthn:virtualAuthenticators: true}
Session ID: fc67c3436242a45d843aa9ce4c303228">
      <![CDATA[org.openqa.selenium.NoSuchWindowException: no such window: target window already closed
from unknown error: web view not found
  (Session info: MicrosoftEdge=130.0.2849.80)
Build info: version: '4.23.1', revision: '656257d8e9'
System info: os.name: 'Windows 11', os.arch: 'amd64', os.version: '10.0', java.version: '22.0.2'
Driver info: org.openqa.selenium.edge.EdgeDriver
Command: [fc67c3436242a45d843aa9ce4c303228, get {url=https://dsportalapp.herokuapp.com/linked-list/}]
Capabilities {acceptInsecureCerts: false, browserName: MicrosoftEdge, browserVersion: 130.0.2849.80, fedcm:accounts: true, ms:edgeOptions: {debuggerAddress: localhost:62964}, msedge: {msedgedriverVersion: 130.0.2849.80 (bbf5e2881b22..., userDataDir: C:\Users\golda\AppData\Loca...}, networkConnectionEnabled: false, pageLoadStrategy: normal, platformName: windows, proxy: Proxy(), se:cdp: ws://localhost:62964/devtoo..., se:cdpVersion: 130.0.2849.80, setWindowRect: true, strictFileInteractability: false, timeouts: {implicit: 0, pageLoad: 300000, script: 30000}, unhandledPromptBehavior: dismiss and notify, webauthn:extension:credBlob: true, webauthn:extension:largeBlob: true, webauthn:extension:minPinLength: true, webauthn:extension:prf: true, webauthn:virtualAuthenticators: true}
Session ID: fc67c3436242a45d843aa9ce4c303228
at org.openqa.selenium.remote.ErrorCodec.decode(ErrorCodec.java:167)
at org.openqa.selenium.remote.codec.w3c.W3CHttpResponseCodec.decode(W3CHttpResponseCodec.java:138)
at org.openqa.selenium.remote.codec.w3c.W3CHttpResponseCodec.decode(W3CHttpResponseCodec.java:50)
at org.openqa.selenium.remote.HttpCommandExecutor.execute(HttpCommandExecutor.java:190)
at org.openqa.selenium.remote.service.DriverCommandExecutor.invokeExecute(DriverCommandExecutor.java:216)
at org.openqa.selenium.remote.service.DriverCommandExecutor.execute(DriverCommandExecutor.java:174)
at org.openqa.selenium.remote.RemoteWebDriver.execute(RemoteWebDriver.java:545)
at org.openqa.selenium.remote.RemoteWebDriver.get(RemoteWebDriver.java:313)
at stepdef.LinkedListPageStep.user_is_on_linked_list_page(LinkedListPageStep.java:27)
at ✽.User is on LinkedList Page(file:///C:/Users/golda/git/DsAlgoProject/DsAlgoProject/src/test/resources/Features/Clinkedlist.feature:45)
... Removed 3 stack frames]]>
    </failure>
  </testcase> <!-- runScenario -->
  <testcase classname="io.cucumber.testng.AbstractTestNGCucumberTests" name="runScenario" time="0.029">
    <failure type="org.openqa.selenium.NoSuchWindowException" message="no such window: target window already closed
from unknown error: web view not found
  (Session info: MicrosoftEdge=130.0.2849.80)
Build info: version: &amp;apos;4.23.1&amp;apos;, revision: &amp;apos;656257d8e9&amp;apos;
System info: os.name: &amp;apos;Windows 11&amp;apos;, os.arch: &amp;apos;amd64&amp;apos;, os.version: &amp;apos;10.0&amp;apos;, java.version: &amp;apos;22.0.2&amp;apos;
Driver info: org.openqa.selenium.edge.EdgeDriver
Command: [fc67c3436242a45d843aa9ce4c303228, get {url=https://dsportalapp.herokuapp.com/linked-list/introduction/}]
Capabilities {acceptInsecureCerts: false, browserName: MicrosoftEdge, browserVersion: 130.0.2849.80, fedcm:accounts: true, ms:edgeOptions: {debuggerAddress: localhost:62964}, msedge: {msedgedriverVersion: 130.0.2849.80 (bbf5e2881b22..., userDataDir: C:\Users\golda\AppData\Loca...}, networkConnectionEnabled: false, pageLoadStrategy: normal, platformName: windows, proxy: Proxy(), se:cdp: ws://localhost:62964/devtoo..., se:cdpVersion: 130.0.2849.80, setWindowRect: true, strictFileInteractability: false, timeouts: {implicit: 0, pageLoad: 300000, script: 30000}, unhandledPromptBehavior: dismiss and notify, webauthn:extension:credBlob: true, webauthn:extension:largeBlob: true, webauthn:extension:minPinLength: true, webauthn:extension:prf: true, webauthn:virtualAuthenticators: true}
Session ID: fc67c3436242a45d843aa9ce4c303228">
      <![CDATA[org.openqa.selenium.NoSuchWindowException: no such window: target window already closed
from unknown error: web view not found
  (Session info: MicrosoftEdge=130.0.2849.80)
Build info: version: '4.23.1', revision: '656257d8e9'
System info: os.name: 'Windows 11', os.arch: 'amd64', os.version: '10.0', java.version: '22.0.2'
Driver info: org.openqa.selenium.edge.EdgeDriver
Command: [fc67c3436242a45d843aa9ce4c303228, get {url=https://dsportalapp.herokuapp.com/linked-list/introduction/}]
Capabilities {acceptInsecureCerts: false, browserName: MicrosoftEdge, browserVersion: 130.0.2849.80, fedcm:accounts: true, ms:edgeOptions: {debuggerAddress: localhost:62964}, msedge: {msedgedriverVersion: 130.0.2849.80 (bbf5e2881b22..., userDataDir: C:\Users\golda\AppData\Loca...}, networkConnectionEnabled: false, pageLoadStrategy: normal, platformName: windows, proxy: Proxy(), se:cdp: ws://localhost:62964/devtoo..., se:cdpVersion: 130.0.2849.80, setWindowRect: true, strictFileInteractability: false, timeouts: {implicit: 0, pageLoad: 300000, script: 30000}, unhandledPromptBehavior: dismiss and notify, webauthn:extension:credBlob: true, webauthn:extension:largeBlob: true, webauthn:extension:minPinLength: true, webauthn:extension:prf: true, webauthn:virtualAuthenticators: true}
Session ID: fc67c3436242a45d843aa9ce4c303228
at org.openqa.selenium.remote.ErrorCodec.decode(ErrorCodec.java:167)
at org.openqa.selenium.remote.codec.w3c.W3CHttpResponseCodec.decode(W3CHttpResponseCodec.java:138)
at org.openqa.selenium.remote.codec.w3c.W3CHttpResponseCodec.decode(W3CHttpResponseCodec.java:50)
at org.openqa.selenium.remote.HttpCommandExecutor.execute(HttpCommandExecutor.java:190)
at org.openqa.selenium.remote.service.DriverCommandExecutor.invokeExecute(DriverCommandExecutor.java:216)
at org.openqa.selenium.remote.service.DriverCommandExecutor.execute(DriverCommandExecutor.java:174)
at org.openqa.selenium.remote.RemoteWebDriver.execute(RemoteWebDriver.java:545)
at org.openqa.selenium.remote.RemoteWebDriver.get(RemoteWebDriver.java:313)
at stepdef.LinkedListPageStep.user_is_on_linked_list_introduction_page(LinkedListPageStep.java:137)
at ✽.User is on LinkedList Introduction page(file:///C:/Users/golda/git/DsAlgoProject/DsAlgoProject/src/test/resources/Features/DIntroductionLinkedList.feature:4)
... Removed 3 stack frames]]>
    </failure>
  </testcase> <!-- runScenario -->
  <testcase classname="io.cucumber.testng.AbstractTestNGCucumberTests" name="runScenario" time="0.017">
    <failure type="org.openqa.selenium.NoSuchWindowException" message="no such window: target window already closed
from unknown error: web view not found
  (Session info: MicrosoftEdge=130.0.2849.80)
Build info: version: &amp;apos;4.23.1&amp;apos;, revision: &amp;apos;656257d8e9&amp;apos;
System info: os.name: &amp;apos;Windows 11&amp;apos;, os.arch: &amp;apos;amd64&amp;apos;, os.version: &amp;apos;10.0&amp;apos;, java.version: &amp;apos;22.0.2&amp;apos;
Driver info: org.openqa.selenium.edge.EdgeDriver
Command: [fc67c3436242a45d843aa9ce4c303228, get {url=https://dsportalapp.herokuapp.com/linked-list/introduction/}]
Capabilities {acceptInsecureCerts: false, browserName: MicrosoftEdge, browserVersion: 130.0.2849.80, fedcm:accounts: true, ms:edgeOptions: {debuggerAddress: localhost:62964}, msedge: {msedgedriverVersion: 130.0.2849.80 (bbf5e2881b22..., userDataDir: C:\Users\golda\AppData\Loca...}, networkConnectionEnabled: false, pageLoadStrategy: normal, platformName: windows, proxy: Proxy(), se:cdp: ws://localhost:62964/devtoo..., se:cdpVersion: 130.0.2849.80, setWindowRect: true, strictFileInteractability: false, timeouts: {implicit: 0, pageLoad: 300000, script: 30000}, unhandledPromptBehavior: dismiss and notify, webauthn:extension:credBlob: true, webauthn:extension:largeBlob: true, webauthn:extension:minPinLength: true, webauthn:extension:prf: true, webauthn:virtualAuthenticators: true}
Session ID: fc67c3436242a45d843aa9ce4c303228">
      <![CDATA[org.openqa.selenium.NoSuchWindowException: no such window: target window already closed
from unknown error: web view not found
  (Session info: MicrosoftEdge=130.0.2849.80)
Build info: version: '4.23.1', revision: '656257d8e9'
System info: os.name: 'Windows 11', os.arch: 'amd64', os.version: '10.0', java.version: '22.0.2'
Driver info: org.openqa.selenium.edge.EdgeDriver
Command: [fc67c3436242a45d843aa9ce4c303228, get {url=https://dsportalapp.herokuapp.com/linked-list/introduction/}]
Capabilities {acceptInsecureCerts: false, browserName: MicrosoftEdge, browserVersion: 130.0.2849.80, fedcm:accounts: true, ms:edgeOptions: {debuggerAddress: localhost:62964}, msedge: {msedgedriverVersion: 130.0.2849.80 (bbf5e2881b22..., userDataDir: C:\Users\golda\AppData\Loca...}, networkConnectionEnabled: false, pageLoadStrategy: normal, platformName: windows, proxy: Proxy(), se:cdp: ws://localhost:62964/devtoo..., se:cdpVersion: 130.0.2849.80, setWindowRect: true, strictFileInteractability: false, timeouts: {implicit: 0, pageLoad: 300000, script: 30000}, unhandledPromptBehavior: dismiss and notify, webauthn:extension:credBlob: true, webauthn:extension:largeBlob: true, webauthn:extension:minPinLength: true, webauthn:extension:prf: true, webauthn:virtualAuthenticators: true}
Session ID: fc67c3436242a45d843aa9ce4c303228
at org.openqa.selenium.remote.ErrorCodec.decode(ErrorCodec.java:167)
at org.openqa.selenium.remote.codec.w3c.W3CHttpResponseCodec.decode(W3CHttpResponseCodec.java:138)
at org.openqa.selenium.remote.codec.w3c.W3CHttpResponseCodec.decode(W3CHttpResponseCodec.java:50)
at org.openqa.selenium.remote.HttpCommandExecutor.execute(HttpCommandExecutor.java:190)
at org.openqa.selenium.remote.service.DriverCommandExecutor.invokeExecute(DriverCommandExecutor.java:216)
at org.openqa.selenium.remote.service.DriverCommandExecutor.execute(DriverCommandExecutor.java:174)
at org.openqa.selenium.remote.RemoteWebDriver.execute(RemoteWebDriver.java:545)
at org.openqa.selenium.remote.RemoteWebDriver.get(RemoteWebDriver.java:313)
at stepdef.LinkedListPageStep.user_is_on_linked_list_introduction_page(LinkedListPageStep.java:137)
at ✽.User is on LinkedList Introduction page(file:///C:/Users/golda/git/DsAlgoProject/DsAlgoProject/src/test/resources/Features/DIntroductionLinkedList.feature:9)
... Removed 3 stack frames]]>
    </failure>
  </testcase> <!-- runScenario -->
  <testcase classname="io.cucumber.testng.AbstractTestNGCucumberTests" name="runScenario" time="0.008">
    <failure type="org.openqa.selenium.NoSuchWindowException" message="no such window: target window already closed
from unknown error: web view not found
  (Session info: MicrosoftEdge=130.0.2849.80)
Build info: version: &amp;apos;4.23.1&amp;apos;, revision: &amp;apos;656257d8e9&amp;apos;
System info: os.name: &amp;apos;Windows 11&amp;apos;, os.arch: &amp;apos;amd64&amp;apos;, os.version: &amp;apos;10.0&amp;apos;, java.version: &amp;apos;22.0.2&amp;apos;
Driver info: org.openqa.selenium.edge.EdgeDriver
Command: [fc67c3436242a45d843aa9ce4c303228, get {url=https://dsportalapp.herokuapp.com/linked-list/introduction/}]
Capabilities {acceptInsecureCerts: false, browserName: MicrosoftEdge, browserVersion: 130.0.2849.80, fedcm:accounts: true, ms:edgeOptions: {debuggerAddress: localhost:62964}, msedge: {msedgedriverVersion: 130.0.2849.80 (bbf5e2881b22..., userDataDir: C:\Users\golda\AppData\Loca...}, networkConnectionEnabled: false, pageLoadStrategy: normal, platformName: windows, proxy: Proxy(), se:cdp: ws://localhost:62964/devtoo..., se:cdpVersion: 130.0.2849.80, setWindowRect: true, strictFileInteractability: false, timeouts: {implicit: 0, pageLoad: 300000, script: 30000}, unhandledPromptBehavior: dismiss and notify, webauthn:extension:credBlob: true, webauthn:extension:largeBlob: true, webauthn:extension:minPinLength: true, webauthn:extension:prf: true, webauthn:virtualAuthenticators: true}
Session ID: fc67c3436242a45d843aa9ce4c303228">
      <![CDATA[org.openqa.selenium.NoSuchWindowException: no such window: target window already closed
from unknown error: web view not found
  (Session info: MicrosoftEdge=130.0.2849.80)
Build info: version: '4.23.1', revision: '656257d8e9'
System info: os.name: 'Windows 11', os.arch: 'amd64', os.version: '10.0', java.version: '22.0.2'
Driver info: org.openqa.selenium.edge.EdgeDriver
Command: [fc67c3436242a45d843aa9ce4c303228, get {url=https://dsportalapp.herokuapp.com/linked-list/introduction/}]
Capabilities {acceptInsecureCerts: false, browserName: MicrosoftEdge, browserVersion: 130.0.2849.80, fedcm:accounts: true, ms:edgeOptions: {debuggerAddress: localhost:62964}, msedge: {msedgedriverVersion: 130.0.2849.80 (bbf5e2881b22..., userDataDir: C:\Users\golda\AppData\Loca...}, networkConnectionEnabled: false, pageLoadStrategy: normal, platformName: windows, proxy: Proxy(), se:cdp: ws://localhost:62964/devtoo..., se:cdpVersion: 130.0.2849.80, setWindowRect: true, strictFileInteractability: false, timeouts: {implicit: 0, pageLoad: 300000, script: 30000}, unhandledPromptBehavior: dismiss and notify, webauthn:extension:credBlob: true, webauthn:extension:largeBlob: true, webauthn:extension:minPinLength: true, webauthn:extension:prf: true, webauthn:virtualAuthenticators: true}
Session ID: fc67c3436242a45d843aa9ce4c303228
at org.openqa.selenium.remote.ErrorCodec.decode(ErrorCodec.java:167)
at org.openqa.selenium.remote.codec.w3c.W3CHttpResponseCodec.decode(W3CHttpResponseCodec.java:138)
at org.openqa.selenium.remote.codec.w3c.W3CHttpResponseCodec.decode(W3CHttpResponseCodec.java:50)
at org.openqa.selenium.remote.HttpCommandExecutor.execute(HttpCommandExecutor.java:190)
at org.openqa.selenium.remote.service.DriverCommandExecutor.invokeExecute(DriverCommandExecutor.java:216)
at org.openqa.selenium.remote.service.DriverCommandExecutor.execute(DriverCommandExecutor.java:174)
at org.openqa.selenium.remote.RemoteWebDriver.execute(RemoteWebDriver.java:545)
at org.openqa.selenium.remote.RemoteWebDriver.get(RemoteWebDriver.java:313)
at stepdef.LinkedListPageStep.user_is_on_linked_list_introduction_page(LinkedListPageStep.java:137)
at ✽.User is on LinkedList Introduction page(file:///C:/Users/golda/git/DsAlgoProject/DsAlgoProject/src/test/resources/Features/DIntroductionLinkedList.feature:14)
... Removed 3 stack frames]]>
    </failure>
  </testcase> <!-- runScenario -->
  <testcase classname="io.cucumber.testng.AbstractTestNGCucumberTests" name="runScenario" time="0.008">
    <failure type="org.openqa.selenium.NoSuchWindowException" message="no such window: target window already closed
from unknown error: web view not found
  (Session info: MicrosoftEdge=130.0.2849.80)
Build info: version: &amp;apos;4.23.1&amp;apos;, revision: &amp;apos;656257d8e9&amp;apos;
System info: os.name: &amp;apos;Windows 11&amp;apos;, os.arch: &amp;apos;amd64&amp;apos;, os.version: &amp;apos;10.0&amp;apos;, java.version: &amp;apos;22.0.2&amp;apos;
Driver info: org.openqa.selenium.edge.EdgeDriver
Command: [fc67c3436242a45d843aa9ce4c303228, get {url=https://dsportalapp.herokuapp.com/linked-list/introduction/}]
Capabilities {acceptInsecureCerts: false, browserName: MicrosoftEdge, browserVersion: 130.0.2849.80, fedcm:accounts: true, ms:edgeOptions: {debuggerAddress: localhost:62964}, msedge: {msedgedriverVersion: 130.0.2849.80 (bbf5e2881b22..., userDataDir: C:\Users\golda\AppData\Loca...}, networkConnectionEnabled: false, pageLoadStrategy: normal, platformName: windows, proxy: Proxy(), se:cdp: ws://localhost:62964/devtoo..., se:cdpVersion: 130.0.2849.80, setWindowRect: true, strictFileInteractability: false, timeouts: {implicit: 0, pageLoad: 300000, script: 30000}, unhandledPromptBehavior: dismiss and notify, webauthn:extension:credBlob: true, webauthn:extension:largeBlob: true, webauthn:extension:minPinLength: true, webauthn:extension:prf: true, webauthn:virtualAuthenticators: true}
Session ID: fc67c3436242a45d843aa9ce4c303228">
      <![CDATA[org.openqa.selenium.NoSuchWindowException: no such window: target window already closed
from unknown error: web view not found
  (Session info: MicrosoftEdge=130.0.2849.80)
Build info: version: '4.23.1', revision: '656257d8e9'
System info: os.name: 'Windows 11', os.arch: 'amd64', os.version: '10.0', java.version: '22.0.2'
Driver info: org.openqa.selenium.edge.EdgeDriver
Command: [fc67c3436242a45d843aa9ce4c303228, get {url=https://dsportalapp.herokuapp.com/linked-list/introduction/}]
Capabilities {acceptInsecureCerts: false, browserName: MicrosoftEdge, browserVersion: 130.0.2849.80, fedcm:accounts: true, ms:edgeOptions: {debuggerAddress: localhost:62964}, msedge: {msedgedriverVersion: 130.0.2849.80 (bbf5e2881b22..., userDataDir: C:\Users\golda\AppData\Loca...}, networkConnectionEnabled: false, pageLoadStrategy: normal, platformName: windows, proxy: Proxy(), se:cdp: ws://localhost:62964/devtoo..., se:cdpVersion: 130.0.2849.80, setWindowRect: true, strictFileInteractability: false, timeouts: {implicit: 0, pageLoad: 300000, script: 30000}, unhandledPromptBehavior: dismiss and notify, webauthn:extension:credBlob: true, webauthn:extension:largeBlob: true, webauthn:extension:minPinLength: true, webauthn:extension:prf: true, webauthn:virtualAuthenticators: true}
Session ID: fc67c3436242a45d843aa9ce4c303228
at org.openqa.selenium.remote.ErrorCodec.decode(ErrorCodec.java:167)
at org.openqa.selenium.remote.codec.w3c.W3CHttpResponseCodec.decode(W3CHttpResponseCodec.java:138)
at org.openqa.selenium.remote.codec.w3c.W3CHttpResponseCodec.decode(W3CHttpResponseCodec.java:50)
at org.openqa.selenium.remote.HttpCommandExecutor.execute(HttpCommandExecutor.java:190)
at org.openqa.selenium.remote.service.DriverCommandExecutor.invokeExecute(DriverCommandExecutor.java:216)
at org.openqa.selenium.remote.service.DriverCommandExecutor.execute(DriverCommandExecutor.java:174)
at org.openqa.selenium.remote.RemoteWebDriver.execute(RemoteWebDriver.java:545)
at org.openqa.selenium.remote.RemoteWebDriver.get(RemoteWebDriver.java:313)
at stepdef.LinkedListPageStep.user_is_on_linked_list_introduction_page(LinkedListPageStep.java:137)
at ✽.User is on LinkedList Introduction page(file:///C:/Users/golda/git/DsAlgoProject/DsAlgoProject/src/test/resources/Features/DIntroductionLinkedList.feature:19)
... Removed 3 stack frames]]>
    </failure>
  </testcase> <!-- runScenario -->
  <testcase classname="io.cucumber.testng.AbstractTestNGCucumberTests" name="runScenario" time="0.007">
    <failure type="org.openqa.selenium.NoSuchWindowException" message="no such window: target window already closed
from unknown error: web view not found
  (Session info: MicrosoftEdge=130.0.2849.80)
Build info: version: &amp;apos;4.23.1&amp;apos;, revision: &amp;apos;656257d8e9&amp;apos;
System info: os.name: &amp;apos;Windows 11&amp;apos;, os.arch: &amp;apos;amd64&amp;apos;, os.version: &amp;apos;10.0&amp;apos;, java.version: &amp;apos;22.0.2&amp;apos;
Driver info: org.openqa.selenium.edge.EdgeDriver
Command: [fc67c3436242a45d843aa9ce4c303228, get {url=https://dsportalapp.herokuapp.com/linked-list/introduction/}]
Capabilities {acceptInsecureCerts: false, browserName: MicrosoftEdge, browserVersion: 130.0.2849.80, fedcm:accounts: true, ms:edgeOptions: {debuggerAddress: localhost:62964}, msedge: {msedgedriverVersion: 130.0.2849.80 (bbf5e2881b22..., userDataDir: C:\Users\golda\AppData\Loca...}, networkConnectionEnabled: false, pageLoadStrategy: normal, platformName: windows, proxy: Proxy(), se:cdp: ws://localhost:62964/devtoo..., se:cdpVersion: 130.0.2849.80, setWindowRect: true, strictFileInteractability: false, timeouts: {implicit: 0, pageLoad: 300000, script: 30000}, unhandledPromptBehavior: dismiss and notify, webauthn:extension:credBlob: true, webauthn:extension:largeBlob: true, webauthn:extension:minPinLength: true, webauthn:extension:prf: true, webauthn:virtualAuthenticators: true}
Session ID: fc67c3436242a45d843aa9ce4c303228">
      <![CDATA[org.openqa.selenium.NoSuchWindowException: no such window: target window already closed
from unknown error: web view not found
  (Session info: MicrosoftEdge=130.0.2849.80)
Build info: version: '4.23.1', revision: '656257d8e9'
System info: os.name: 'Windows 11', os.arch: 'amd64', os.version: '10.0', java.version: '22.0.2'
Driver info: org.openqa.selenium.edge.EdgeDriver
Command: [fc67c3436242a45d843aa9ce4c303228, get {url=https://dsportalapp.herokuapp.com/linked-list/introduction/}]
Capabilities {acceptInsecureCerts: false, browserName: MicrosoftEdge, browserVersion: 130.0.2849.80, fedcm:accounts: true, ms:edgeOptions: {debuggerAddress: localhost:62964}, msedge: {msedgedriverVersion: 130.0.2849.80 (bbf5e2881b22..., userDataDir: C:\Users\golda\AppData\Loca...}, networkConnectionEnabled: false, pageLoadStrategy: normal, platformName: windows, proxy: Proxy(), se:cdp: ws://localhost:62964/devtoo..., se:cdpVersion: 130.0.2849.80, setWindowRect: true, strictFileInteractability: false, timeouts: {implicit: 0, pageLoad: 300000, script: 30000}, unhandledPromptBehavior: dismiss and notify, webauthn:extension:credBlob: true, webauthn:extension:largeBlob: true, webauthn:extension:minPinLength: true, webauthn:extension:prf: true, webauthn:virtualAuthenticators: true}
Session ID: fc67c3436242a45d843aa9ce4c303228
at org.openqa.selenium.remote.ErrorCodec.decode(ErrorCodec.java:167)
at org.openqa.selenium.remote.codec.w3c.W3CHttpResponseCodec.decode(W3CHttpResponseCodec.java:138)
at org.openqa.selenium.remote.codec.w3c.W3CHttpResponseCodec.decode(W3CHttpResponseCodec.java:50)
at org.openqa.selenium.remote.HttpCommandExecutor.execute(HttpCommandExecutor.java:190)
at org.openqa.selenium.remote.service.DriverCommandExecutor.invokeExecute(DriverCommandExecutor.java:216)
at org.openqa.selenium.remote.service.DriverCommandExecutor.execute(DriverCommandExecutor.java:174)
at org.openqa.selenium.remote.RemoteWebDriver.execute(RemoteWebDriver.java:545)
at org.openqa.selenium.remote.RemoteWebDriver.get(RemoteWebDriver.java:313)
at stepdef.LinkedListPageStep.user_is_on_linked_list_introduction_page(LinkedListPageStep.java:137)
at ✽.User is on LinkedList Introduction page(file:///C:/Users/golda/git/DsAlgoProject/DsAlgoProject/src/test/resources/Features/DIntroductionLinkedList.feature:25)
... Removed 3 stack frames]]>
    </failure>
  </testcase> <!-- runScenario -->
  <testcase classname="io.cucumber.testng.AbstractTestNGCucumberTests" name="runScenario" time="0.006">
    <failure type="org.openqa.selenium.NoSuchWindowException" message="no such window: target window already closed
from unknown error: web view not found
  (Session info: MicrosoftEdge=130.0.2849.80)
Build info: version: &amp;apos;4.23.1&amp;apos;, revision: &amp;apos;656257d8e9&amp;apos;
System info: os.name: &amp;apos;Windows 11&amp;apos;, os.arch: &amp;apos;amd64&amp;apos;, os.version: &amp;apos;10.0&amp;apos;, java.version: &amp;apos;22.0.2&amp;apos;
Driver info: org.openqa.selenium.edge.EdgeDriver
Command: [fc67c3436242a45d843aa9ce4c303228, get {url=https://dsportalapp.herokuapp.com/linked-list/introduction/}]
Capabilities {acceptInsecureCerts: false, browserName: MicrosoftEdge, browserVersion: 130.0.2849.80, fedcm:accounts: true, ms:edgeOptions: {debuggerAddress: localhost:62964}, msedge: {msedgedriverVersion: 130.0.2849.80 (bbf5e2881b22..., userDataDir: C:\Users\golda\AppData\Loca...}, networkConnectionEnabled: false, pageLoadStrategy: normal, platformName: windows, proxy: Proxy(), se:cdp: ws://localhost:62964/devtoo..., se:cdpVersion: 130.0.2849.80, setWindowRect: true, strictFileInteractability: false, timeouts: {implicit: 0, pageLoad: 300000, script: 30000}, unhandledPromptBehavior: dismiss and notify, webauthn:extension:credBlob: true, webauthn:extension:largeBlob: true, webauthn:extension:minPinLength: true, webauthn:extension:prf: true, webauthn:virtualAuthenticators: true}
Session ID: fc67c3436242a45d843aa9ce4c303228">
      <![CDATA[org.openqa.selenium.NoSuchWindowException: no such window: target window already closed
from unknown error: web view not found
  (Session info: MicrosoftEdge=130.0.2849.80)
Build info: version: '4.23.1', revision: '656257d8e9'
System info: os.name: 'Windows 11', os.arch: 'amd64', os.version: '10.0', java.version: '22.0.2'
Driver info: org.openqa.selenium.edge.EdgeDriver
Command: [fc67c3436242a45d843aa9ce4c303228, get {url=https://dsportalapp.herokuapp.com/linked-list/introduction/}]
Capabilities {acceptInsecureCerts: false, browserName: MicrosoftEdge, browserVersion: 130.0.2849.80, fedcm:accounts: true, ms:edgeOptions: {debuggerAddress: localhost:62964}, msedge: {msedgedriverVersion: 130.0.2849.80 (bbf5e2881b22..., userDataDir: C:\Users\golda\AppData\Loca...}, networkConnectionEnabled: false, pageLoadStrategy: normal, platformName: windows, proxy: Proxy(), se:cdp: ws://localhost:62964/devtoo..., se:cdpVersion: 130.0.2849.80, setWindowRect: true, strictFileInteractability: false, timeouts: {implicit: 0, pageLoad: 300000, script: 30000}, unhandledPromptBehavior: dismiss and notify, webauthn:extension:credBlob: true, webauthn:extension:largeBlob: true, webauthn:extension:minPinLength: true, webauthn:extension:prf: true, webauthn:virtualAuthenticators: true}
Session ID: fc67c3436242a45d843aa9ce4c303228
at org.openqa.selenium.remote.ErrorCodec.decode(ErrorCodec.java:167)
at org.openqa.selenium.remote.codec.w3c.W3CHttpResponseCodec.decode(W3CHttpResponseCodec.java:138)
at org.openqa.selenium.remote.codec.w3c.W3CHttpResponseCodec.decode(W3CHttpResponseCodec.java:50)
at org.openqa.selenium.remote.HttpCommandExecutor.execute(HttpCommandExecutor.java:190)
at org.openqa.selenium.remote.service.DriverCommandExecutor.invokeExecute(DriverCommandExecutor.java:216)
at org.openqa.selenium.remote.service.DriverCommandExecutor.execute(DriverCommandExecutor.java:174)
at org.openqa.selenium.remote.RemoteWebDriver.execute(RemoteWebDriver.java:545)
at org.openqa.selenium.remote.RemoteWebDriver.get(RemoteWebDriver.java:313)
at stepdef.LinkedListPageStep.user_is_on_linked_list_introduction_page(LinkedListPageStep.java:137)
at ✽.User is on LinkedList Introduction page(file:///C:/Users/golda/git/DsAlgoProject/DsAlgoProject/src/test/resources/Features/DIntroductionLinkedList.feature:30)
... Removed 3 stack frames]]>
    </failure>
  </testcase> <!-- runScenario -->
  <testcase classname="io.cucumber.testng.AbstractTestNGCucumberTests" name="runScenario" time="0.006">
    <failure type="org.openqa.selenium.NoSuchWindowException" message="no such window: target window already closed
from unknown error: web view not found
  (Session info: MicrosoftEdge=130.0.2849.80)
Build info: version: &amp;apos;4.23.1&amp;apos;, revision: &amp;apos;656257d8e9&amp;apos;
System info: os.name: &amp;apos;Windows 11&amp;apos;, os.arch: &amp;apos;amd64&amp;apos;, os.version: &amp;apos;10.0&amp;apos;, java.version: &amp;apos;22.0.2&amp;apos;
Driver info: org.openqa.selenium.edge.EdgeDriver
Command: [fc67c3436242a45d843aa9ce4c303228, get {url=https://dsportalapp.herokuapp.com/linked-list/introduction/}]
Capabilities {acceptInsecureCerts: false, browserName: MicrosoftEdge, browserVersion: 130.0.2849.80, fedcm:accounts: true, ms:edgeOptions: {debuggerAddress: localhost:62964}, msedge: {msedgedriverVersion: 130.0.2849.80 (bbf5e2881b22..., userDataDir: C:\Users\golda\AppData\Loca...}, networkConnectionEnabled: false, pageLoadStrategy: normal, platformName: windows, proxy: Proxy(), se:cdp: ws://localhost:62964/devtoo..., se:cdpVersion: 130.0.2849.80, setWindowRect: true, strictFileInteractability: false, timeouts: {implicit: 0, pageLoad: 300000, script: 30000}, unhandledPromptBehavior: dismiss and notify, webauthn:extension:credBlob: true, webauthn:extension:largeBlob: true, webauthn:extension:minPinLength: true, webauthn:extension:prf: true, webauthn:virtualAuthenticators: true}
Session ID: fc67c3436242a45d843aa9ce4c303228">
      <![CDATA[org.openqa.selenium.NoSuchWindowException: no such window: target window already closed
from unknown error: web view not found
  (Session info: MicrosoftEdge=130.0.2849.80)
Build info: version: '4.23.1', revision: '656257d8e9'
System info: os.name: 'Windows 11', os.arch: 'amd64', os.version: '10.0', java.version: '22.0.2'
Driver info: org.openqa.selenium.edge.EdgeDriver
Command: [fc67c3436242a45d843aa9ce4c303228, get {url=https://dsportalapp.herokuapp.com/linked-list/introduction/}]
Capabilities {acceptInsecureCerts: false, browserName: MicrosoftEdge, browserVersion: 130.0.2849.80, fedcm:accounts: true, ms:edgeOptions: {debuggerAddress: localhost:62964}, msedge: {msedgedriverVersion: 130.0.2849.80 (bbf5e2881b22..., userDataDir: C:\Users\golda\AppData\Loca...}, networkConnectionEnabled: false, pageLoadStrategy: normal, platformName: windows, proxy: Proxy(), se:cdp: ws://localhost:62964/devtoo..., se:cdpVersion: 130.0.2849.80, setWindowRect: true, strictFileInteractability: false, timeouts: {implicit: 0, pageLoad: 300000, script: 30000}, unhandledPromptBehavior: dismiss and notify, webauthn:extension:credBlob: true, webauthn:extension:largeBlob: true, webauthn:extension:minPinLength: true, webauthn:extension:prf: true, webauthn:virtualAuthenticators: true}
Session ID: fc67c3436242a45d843aa9ce4c303228
at org.openqa.selenium.remote.ErrorCodec.decode(ErrorCodec.java:167)
at org.openqa.selenium.remote.codec.w3c.W3CHttpResponseCodec.decode(W3CHttpResponseCodec.java:138)
at org.openqa.selenium.remote.codec.w3c.W3CHttpResponseCodec.decode(W3CHttpResponseCodec.java:50)
at org.openqa.selenium.remote.HttpCommandExecutor.execute(HttpCommandExecutor.java:190)
at org.openqa.selenium.remote.service.DriverCommandExecutor.invokeExecute(DriverCommandExecutor.java:216)
at org.openqa.selenium.remote.service.DriverCommandExecutor.execute(DriverCommandExecutor.java:174)
at org.openqa.selenium.remote.RemoteWebDriver.execute(RemoteWebDriver.java:545)
at org.openqa.selenium.remote.RemoteWebDriver.get(RemoteWebDriver.java:313)
at stepdef.LinkedListPageStep.user_is_on_linked_list_introduction_page(LinkedListPageStep.java:137)
at ✽.User is on LinkedList Introduction page(file:///C:/Users/golda/git/DsAlgoProject/DsAlgoProject/src/test/resources/Features/DIntroductionLinkedList.feature:35)
... Removed 3 stack frames]]>
    </failure>
  </testcase> <!-- runScenario -->
  <testcase classname="io.cucumber.testng.AbstractTestNGCucumberTests" name="runScenario" time="0.007">
    <failure type="org.openqa.selenium.NoSuchWindowException" message="no such window: target window already closed
from unknown error: web view not found
  (Session info: MicrosoftEdge=130.0.2849.80)
Build info: version: &amp;apos;4.23.1&amp;apos;, revision: &amp;apos;656257d8e9&amp;apos;
System info: os.name: &amp;apos;Windows 11&amp;apos;, os.arch: &amp;apos;amd64&amp;apos;, os.version: &amp;apos;10.0&amp;apos;, java.version: &amp;apos;22.0.2&amp;apos;
Driver info: org.openqa.selenium.edge.EdgeDriver
Command: [fc67c3436242a45d843aa9ce4c303228, get {url=https://dsportalapp.herokuapp.com/linked-list/introduction/}]
Capabilities {acceptInsecureCerts: false, browserName: MicrosoftEdge, browserVersion: 130.0.2849.80, fedcm:accounts: true, ms:edgeOptions: {debuggerAddress: localhost:62964}, msedge: {msedgedriverVersion: 130.0.2849.80 (bbf5e2881b22..., userDataDir: C:\Users\golda\AppData\Loca...}, networkConnectionEnabled: false, pageLoadStrategy: normal, platformName: windows, proxy: Proxy(), se:cdp: ws://localhost:62964/devtoo..., se:cdpVersion: 130.0.2849.80, setWindowRect: true, strictFileInteractability: false, timeouts: {implicit: 0, pageLoad: 300000, script: 30000}, unhandledPromptBehavior: dismiss and notify, webauthn:extension:credBlob: true, webauthn:extension:largeBlob: true, webauthn:extension:minPinLength: true, webauthn:extension:prf: true, webauthn:virtualAuthenticators: true}
Session ID: fc67c3436242a45d843aa9ce4c303228">
      <![CDATA[org.openqa.selenium.NoSuchWindowException: no such window: target window already closed
from unknown error: web view not found
  (Session info: MicrosoftEdge=130.0.2849.80)
Build info: version: '4.23.1', revision: '656257d8e9'
System info: os.name: 'Windows 11', os.arch: 'amd64', os.version: '10.0', java.version: '22.0.2'
Driver info: org.openqa.selenium.edge.EdgeDriver
Command: [fc67c3436242a45d843aa9ce4c303228, get {url=https://dsportalapp.herokuapp.com/linked-list/introduction/}]
Capabilities {acceptInsecureCerts: false, browserName: MicrosoftEdge, browserVersion: 130.0.2849.80, fedcm:accounts: true, ms:edgeOptions: {debuggerAddress: localhost:62964}, msedge: {msedgedriverVersion: 130.0.2849.80 (bbf5e2881b22..., userDataDir: C:\Users\golda\AppData\Loca...}, networkConnectionEnabled: false, pageLoadStrategy: normal, platformName: windows, proxy: Proxy(), se:cdp: ws://localhost:62964/devtoo..., se:cdpVersion: 130.0.2849.80, setWindowRect: true, strictFileInteractability: false, timeouts: {implicit: 0, pageLoad: 300000, script: 30000}, unhandledPromptBehavior: dismiss and notify, webauthn:extension:credBlob: true, webauthn:extension:largeBlob: true, webauthn:extension:minPinLength: true, webauthn:extension:prf: true, webauthn:virtualAuthenticators: true}
Session ID: fc67c3436242a45d843aa9ce4c303228
at org.openqa.selenium.remote.ErrorCodec.decode(ErrorCodec.java:167)
at org.openqa.selenium.remote.codec.w3c.W3CHttpResponseCodec.decode(W3CHttpResponseCodec.java:138)
at org.openqa.selenium.remote.codec.w3c.W3CHttpResponseCodec.decode(W3CHttpResponseCodec.java:50)
at org.openqa.selenium.remote.HttpCommandExecutor.execute(HttpCommandExecutor.java:190)
at org.openqa.selenium.remote.service.DriverCommandExecutor.invokeExecute(DriverCommandExecutor.java:216)
at org.openqa.selenium.remote.service.DriverCommandExecutor.execute(DriverCommandExecutor.java:174)
at org.openqa.selenium.remote.RemoteWebDriver.execute(RemoteWebDriver.java:545)
at org.openqa.selenium.remote.RemoteWebDriver.get(RemoteWebDriver.java:313)
at stepdef.LinkedListPageStep.user_is_on_linked_list_introduction_page(LinkedListPageStep.java:137)
at ✽.User is on LinkedList Introduction page(file:///C:/Users/golda/git/DsAlgoProject/DsAlgoProject/src/test/resources/Features/DIntroductionLinkedList.feature:40)
... Removed 3 stack frames]]>
    </failure>
  </testcase> <!-- runScenario -->
  <testcase classname="io.cucumber.testng.AbstractTestNGCucumberTests" name="runScenario" time="0.015">
    <failure type="org.openqa.selenium.NoSuchWindowException" message="no such window: target window already closed
from unknown error: web view not found
  (Session info: MicrosoftEdge=130.0.2849.80)
Build info: version: &amp;apos;4.23.1&amp;apos;, revision: &amp;apos;656257d8e9&amp;apos;
System info: os.name: &amp;apos;Windows 11&amp;apos;, os.arch: &amp;apos;amd64&amp;apos;, os.version: &amp;apos;10.0&amp;apos;, java.version: &amp;apos;22.0.2&amp;apos;
Driver info: org.openqa.selenium.edge.EdgeDriver
Command: [fc67c3436242a45d843aa9ce4c303228, get {url=https://dsportalapp.herokuapp.com/linked-list/introduction/}]
Capabilities {acceptInsecureCerts: false, browserName: MicrosoftEdge, browserVersion: 130.0.2849.80, fedcm:accounts: true, ms:edgeOptions: {debuggerAddress: localhost:62964}, msedge: {msedgedriverVersion: 130.0.2849.80 (bbf5e2881b22..., userDataDir: C:\Users\golda\AppData\Loca...}, networkConnectionEnabled: false, pageLoadStrategy: normal, platformName: windows, proxy: Proxy(), se:cdp: ws://localhost:62964/devtoo..., se:cdpVersion: 130.0.2849.80, setWindowRect: true, strictFileInteractability: false, timeouts: {implicit: 0, pageLoad: 300000, script: 30000}, unhandledPromptBehavior: dismiss and notify, webauthn:extension:credBlob: true, webauthn:extension:largeBlob: true, webauthn:extension:minPinLength: true, webauthn:extension:prf: true, webauthn:virtualAuthenticators: true}
Session ID: fc67c3436242a45d843aa9ce4c303228">
      <![CDATA[org.openqa.selenium.NoSuchWindowException: no such window: target window already closed
from unknown error: web view not found
  (Session info: MicrosoftEdge=130.0.2849.80)
Build info: version: '4.23.1', revision: '656257d8e9'
System info: os.name: 'Windows 11', os.arch: 'amd64', os.version: '10.0', java.version: '22.0.2'
Driver info: org.openqa.selenium.edge.EdgeDriver
Command: [fc67c3436242a45d843aa9ce4c303228, get {url=https://dsportalapp.herokuapp.com/linked-list/introduction/}]
Capabilities {acceptInsecureCerts: false, browserName: MicrosoftEdge, browserVersion: 130.0.2849.80, fedcm:accounts: true, ms:edgeOptions: {debuggerAddress: localhost:62964}, msedge: {msedgedriverVersion: 130.0.2849.80 (bbf5e2881b22..., userDataDir: C:\Users\golda\AppData\Loca...}, networkConnectionEnabled: false, pageLoadStrategy: normal, platformName: windows, proxy: Proxy(), se:cdp: ws://localhost:62964/devtoo..., se:cdpVersion: 130.0.2849.80, setWindowRect: true, strictFileInteractability: false, timeouts: {implicit: 0, pageLoad: 300000, script: 30000}, unhandledPromptBehavior: dismiss and notify, webauthn:extension:credBlob: true, webauthn:extension:largeBlob: true, webauthn:extension:minPinLength: true, webauthn:extension:prf: true, webauthn:virtualAuthenticators: true}
Session ID: fc67c3436242a45d843aa9ce4c303228
at org.openqa.selenium.remote.ErrorCodec.decode(ErrorCodec.java:167)
at org.openqa.selenium.remote.codec.w3c.W3CHttpResponseCodec.decode(W3CHttpResponseCodec.java:138)
at org.openqa.selenium.remote.codec.w3c.W3CHttpResponseCodec.decode(W3CHttpResponseCodec.java:50)
at org.openqa.selenium.remote.HttpCommandExecutor.execute(HttpCommandExecutor.java:190)
at org.openqa.selenium.remote.service.DriverCommandExecutor.invokeExecute(DriverCommandExecutor.java:216)
at org.openqa.selenium.remote.service.DriverCommandExecutor.execute(DriverCommandExecutor.java:174)
at org.openqa.selenium.remote.RemoteWebDriver.execute(RemoteWebDriver.java:545)
at org.openqa.selenium.remote.RemoteWebDriver.get(RemoteWebDriver.java:313)
at stepdef.LinkedListPageStep.user_is_on_linked_list_introduction_page(LinkedListPageStep.java:137)
at ✽.User is on LinkedList Introduction page(file:///C:/Users/golda/git/DsAlgoProject/DsAlgoProject/src/test/resources/Features/DIntroductionLinkedList.feature:46)
... Removed 3 stack frames]]>
    </failure>
  </testcase> <!-- runScenario -->
  <testcase classname="io.cucumber.testng.AbstractTestNGCucumberTests" name="runScenario" time="0.009">
    <failure type="org.openqa.selenium.NoSuchWindowException" message="no such window: target window already closed
from unknown error: web view not found
  (Session info: MicrosoftEdge=130.0.2849.80)
Build info: version: &amp;apos;4.23.1&amp;apos;, revision: &amp;apos;656257d8e9&amp;apos;
System info: os.name: &amp;apos;Windows 11&amp;apos;, os.arch: &amp;apos;amd64&amp;apos;, os.version: &amp;apos;10.0&amp;apos;, java.version: &amp;apos;22.0.2&amp;apos;
Driver info: org.openqa.selenium.edge.EdgeDriver
Command: [fc67c3436242a45d843aa9ce4c303228, get {url=https://dsportalapp.herokuapp.com/queue/}]
Capabilities {acceptInsecureCerts: false, browserName: MicrosoftEdge, browserVersion: 130.0.2849.80, fedcm:accounts: true, ms:edgeOptions: {debuggerAddress: localhost:62964}, msedge: {msedgedriverVersion: 130.0.2849.80 (bbf5e2881b22..., userDataDir: C:\Users\golda\AppData\Loca...}, networkConnectionEnabled: false, pageLoadStrategy: normal, platformName: windows, proxy: Proxy(), se:cdp: ws://localhost:62964/devtoo..., se:cdpVersion: 130.0.2849.80, setWindowRect: true, strictFileInteractability: false, timeouts: {implicit: 0, pageLoad: 300000, script: 30000}, unhandledPromptBehavior: dismiss and notify, webauthn:extension:credBlob: true, webauthn:extension:largeBlob: true, webauthn:extension:minPinLength: true, webauthn:extension:prf: true, webauthn:virtualAuthenticators: true}
Session ID: fc67c3436242a45d843aa9ce4c303228">
      <![CDATA[org.openqa.selenium.NoSuchWindowException: no such window: target window already closed
from unknown error: web view not found
  (Session info: MicrosoftEdge=130.0.2849.80)
Build info: version: '4.23.1', revision: '656257d8e9'
System info: os.name: 'Windows 11', os.arch: 'amd64', os.version: '10.0', java.version: '22.0.2'
Driver info: org.openqa.selenium.edge.EdgeDriver
Command: [fc67c3436242a45d843aa9ce4c303228, get {url=https://dsportalapp.herokuapp.com/queue/}]
Capabilities {acceptInsecureCerts: false, browserName: MicrosoftEdge, browserVersion: 130.0.2849.80, fedcm:accounts: true, ms:edgeOptions: {debuggerAddress: localhost:62964}, msedge: {msedgedriverVersion: 130.0.2849.80 (bbf5e2881b22..., userDataDir: C:\Users\golda\AppData\Loca...}, networkConnectionEnabled: false, pageLoadStrategy: normal, platformName: windows, proxy: Proxy(), se:cdp: ws://localhost:62964/devtoo..., se:cdpVersion: 130.0.2849.80, setWindowRect: true, strictFileInteractability: false, timeouts: {implicit: 0, pageLoad: 300000, script: 30000}, unhandledPromptBehavior: dismiss and notify, webauthn:extension:credBlob: true, webauthn:extension:largeBlob: true, webauthn:extension:minPinLength: true, webauthn:extension:prf: true, webauthn:virtualAuthenticators: true}
Session ID: fc67c3436242a45d843aa9ce4c303228
at org.openqa.selenium.remote.ErrorCodec.decode(ErrorCodec.java:167)
at org.openqa.selenium.remote.codec.w3c.W3CHttpResponseCodec.decode(W3CHttpResponseCodec.java:138)
at org.openqa.selenium.remote.codec.w3c.W3CHttpResponseCodec.decode(W3CHttpResponseCodec.java:50)
at org.openqa.selenium.remote.HttpCommandExecutor.execute(HttpCommandExecutor.java:190)
at org.openqa.selenium.remote.service.DriverCommandExecutor.invokeExecute(DriverCommandExecutor.java:216)
at org.openqa.selenium.remote.service.DriverCommandExecutor.execute(DriverCommandExecutor.java:174)
at org.openqa.selenium.remote.RemoteWebDriver.execute(RemoteWebDriver.java:545)
at org.openqa.selenium.remote.RemoteWebDriver.get(RemoteWebDriver.java:313)
at stepdef.QueuePageStep.user_is_on_queue_page(QueuePageStep.java:21)
at ✽.User is on Queue page(file:///C:/Users/golda/git/DsAlgoProject/DsAlgoProject/src/test/resources/Features/IQueue.feature:4)
... Removed 3 stack frames]]>
    </failure>
  </testcase> <!-- runScenario -->
  <testcase classname="io.cucumber.testng.AbstractTestNGCucumberTests" name="runScenario" time="0.016">
    <failure type="org.openqa.selenium.NoSuchWindowException" message="no such window: target window already closed
from unknown error: web view not found
  (Session info: MicrosoftEdge=130.0.2849.80)
Build info: version: &amp;apos;4.23.1&amp;apos;, revision: &amp;apos;656257d8e9&amp;apos;
System info: os.name: &amp;apos;Windows 11&amp;apos;, os.arch: &amp;apos;amd64&amp;apos;, os.version: &amp;apos;10.0&amp;apos;, java.version: &amp;apos;22.0.2&amp;apos;
Driver info: org.openqa.selenium.edge.EdgeDriver
Command: [fc67c3436242a45d843aa9ce4c303228, get {url=https://dsportalapp.herokuapp.com/queue/}]
Capabilities {acceptInsecureCerts: false, browserName: MicrosoftEdge, browserVersion: 130.0.2849.80, fedcm:accounts: true, ms:edgeOptions: {debuggerAddress: localhost:62964}, msedge: {msedgedriverVersion: 130.0.2849.80 (bbf5e2881b22..., userDataDir: C:\Users\golda\AppData\Loca...}, networkConnectionEnabled: false, pageLoadStrategy: normal, platformName: windows, proxy: Proxy(), se:cdp: ws://localhost:62964/devtoo..., se:cdpVersion: 130.0.2849.80, setWindowRect: true, strictFileInteractability: false, timeouts: {implicit: 0, pageLoad: 300000, script: 30000}, unhandledPromptBehavior: dismiss and notify, webauthn:extension:credBlob: true, webauthn:extension:largeBlob: true, webauthn:extension:minPinLength: true, webauthn:extension:prf: true, webauthn:virtualAuthenticators: true}
Session ID: fc67c3436242a45d843aa9ce4c303228">
      <![CDATA[org.openqa.selenium.NoSuchWindowException: no such window: target window already closed
from unknown error: web view not found
  (Session info: MicrosoftEdge=130.0.2849.80)
Build info: version: '4.23.1', revision: '656257d8e9'
System info: os.name: 'Windows 11', os.arch: 'amd64', os.version: '10.0', java.version: '22.0.2'
Driver info: org.openqa.selenium.edge.EdgeDriver
Command: [fc67c3436242a45d843aa9ce4c303228, get {url=https://dsportalapp.herokuapp.com/queue/}]
Capabilities {acceptInsecureCerts: false, browserName: MicrosoftEdge, browserVersion: 130.0.2849.80, fedcm:accounts: true, ms:edgeOptions: {debuggerAddress: localhost:62964}, msedge: {msedgedriverVersion: 130.0.2849.80 (bbf5e2881b22..., userDataDir: C:\Users\golda\AppData\Loca...}, networkConnectionEnabled: false, pageLoadStrategy: normal, platformName: windows, proxy: Proxy(), se:cdp: ws://localhost:62964/devtoo..., se:cdpVersion: 130.0.2849.80, setWindowRect: true, strictFileInteractability: false, timeouts: {implicit: 0, pageLoad: 300000, script: 30000}, unhandledPromptBehavior: dismiss and notify, webauthn:extension:credBlob: true, webauthn:extension:largeBlob: true, webauthn:extension:minPinLength: true, webauthn:extension:prf: true, webauthn:virtualAuthenticators: true}
Session ID: fc67c3436242a45d843aa9ce4c303228
at org.openqa.selenium.remote.ErrorCodec.decode(ErrorCodec.java:167)
at org.openqa.selenium.remote.codec.w3c.W3CHttpResponseCodec.decode(W3CHttpResponseCodec.java:138)
at org.openqa.selenium.remote.codec.w3c.W3CHttpResponseCodec.decode(W3CHttpResponseCodec.java:50)
at org.openqa.selenium.remote.HttpCommandExecutor.execute(HttpCommandExecutor.java:190)
at org.openqa.selenium.remote.service.DriverCommandExecutor.invokeExecute(DriverCommandExecutor.java:216)
at org.openqa.selenium.remote.service.DriverCommandExecutor.execute(DriverCommandExecutor.java:174)
at org.openqa.selenium.remote.RemoteWebDriver.execute(RemoteWebDriver.java:545)
at org.openqa.selenium.remote.RemoteWebDriver.get(RemoteWebDriver.java:313)
at stepdef.QueuePageStep.user_is_on_queue_page(QueuePageStep.java:21)
at ✽.User is on Queue page(file:///C:/Users/golda/git/DsAlgoProject/DsAlgoProject/src/test/resources/Features/IQueue.feature:9)
... Removed 3 stack frames]]>
    </failure>
  </testcase> <!-- runScenario -->
  <testcase classname="io.cucumber.testng.AbstractTestNGCucumberTests" name="runScenario" time="0.008">
    <failure type="org.openqa.selenium.NoSuchWindowException" message="no such window: target window already closed
from unknown error: web view not found
  (Session info: MicrosoftEdge=130.0.2849.80)
Build info: version: &amp;apos;4.23.1&amp;apos;, revision: &amp;apos;656257d8e9&amp;apos;
System info: os.name: &amp;apos;Windows 11&amp;apos;, os.arch: &amp;apos;amd64&amp;apos;, os.version: &amp;apos;10.0&amp;apos;, java.version: &amp;apos;22.0.2&amp;apos;
Driver info: org.openqa.selenium.edge.EdgeDriver
Command: [fc67c3436242a45d843aa9ce4c303228, get {url=https://dsportalapp.herokuapp.com/queue/}]
Capabilities {acceptInsecureCerts: false, browserName: MicrosoftEdge, browserVersion: 130.0.2849.80, fedcm:accounts: true, ms:edgeOptions: {debuggerAddress: localhost:62964}, msedge: {msedgedriverVersion: 130.0.2849.80 (bbf5e2881b22..., userDataDir: C:\Users\golda\AppData\Loca...}, networkConnectionEnabled: false, pageLoadStrategy: normal, platformName: windows, proxy: Proxy(), se:cdp: ws://localhost:62964/devtoo..., se:cdpVersion: 130.0.2849.80, setWindowRect: true, strictFileInteractability: false, timeouts: {implicit: 0, pageLoad: 300000, script: 30000}, unhandledPromptBehavior: dismiss and notify, webauthn:extension:credBlob: true, webauthn:extension:largeBlob: true, webauthn:extension:minPinLength: true, webauthn:extension:prf: true, webauthn:virtualAuthenticators: true}
Session ID: fc67c3436242a45d843aa9ce4c303228">
      <![CDATA[org.openqa.selenium.NoSuchWindowException: no such window: target window already closed
from unknown error: web view not found
  (Session info: MicrosoftEdge=130.0.2849.80)
Build info: version: '4.23.1', revision: '656257d8e9'
System info: os.name: 'Windows 11', os.arch: 'amd64', os.version: '10.0', java.version: '22.0.2'
Driver info: org.openqa.selenium.edge.EdgeDriver
Command: [fc67c3436242a45d843aa9ce4c303228, get {url=https://dsportalapp.herokuapp.com/queue/}]
Capabilities {acceptInsecureCerts: false, browserName: MicrosoftEdge, browserVersion: 130.0.2849.80, fedcm:accounts: true, ms:edgeOptions: {debuggerAddress: localhost:62964}, msedge: {msedgedriverVersion: 130.0.2849.80 (bbf5e2881b22..., userDataDir: C:\Users\golda\AppData\Loca...}, networkConnectionEnabled: false, pageLoadStrategy: normal, platformName: windows, proxy: Proxy(), se:cdp: ws://localhost:62964/devtoo..., se:cdpVersion: 130.0.2849.80, setWindowRect: true, strictFileInteractability: false, timeouts: {implicit: 0, pageLoad: 300000, script: 30000}, unhandledPromptBehavior: dismiss and notify, webauthn:extension:credBlob: true, webauthn:extension:largeBlob: true, webauthn:extension:minPinLength: true, webauthn:extension:prf: true, webauthn:virtualAuthenticators: true}
Session ID: fc67c3436242a45d843aa9ce4c303228
at org.openqa.selenium.remote.ErrorCodec.decode(ErrorCodec.java:167)
at org.openqa.selenium.remote.codec.w3c.W3CHttpResponseCodec.decode(W3CHttpResponseCodec.java:138)
at org.openqa.selenium.remote.codec.w3c.W3CHttpResponseCodec.decode(W3CHttpResponseCodec.java:50)
at org.openqa.selenium.remote.HttpCommandExecutor.execute(HttpCommandExecutor.java:190)
at org.openqa.selenium.remote.service.DriverCommandExecutor.invokeExecute(DriverCommandExecutor.java:216)
at org.openqa.selenium.remote.service.DriverCommandExecutor.execute(DriverCommandExecutor.java:174)
at org.openqa.selenium.remote.RemoteWebDriver.execute(RemoteWebDriver.java:545)
at org.openqa.selenium.remote.RemoteWebDriver.get(RemoteWebDriver.java:313)
at stepdef.QueuePageStep.user_is_on_queue_page(QueuePageStep.java:21)
at ✽.User is on Queue page(file:///C:/Users/golda/git/DsAlgoProject/DsAlgoProject/src/test/resources/Features/IQueue.feature:14)
... Removed 3 stack frames]]>
    </failure>
  </testcase> <!-- runScenario -->
  <testcase classname="io.cucumber.testng.AbstractTestNGCucumberTests" name="runScenario" time="0.011">
    <failure type="org.openqa.selenium.NoSuchWindowException" message="no such window: target window already closed
from unknown error: web view not found
  (Session info: MicrosoftEdge=130.0.2849.80)
Build info: version: &amp;apos;4.23.1&amp;apos;, revision: &amp;apos;656257d8e9&amp;apos;
System info: os.name: &amp;apos;Windows 11&amp;apos;, os.arch: &amp;apos;amd64&amp;apos;, os.version: &amp;apos;10.0&amp;apos;, java.version: &amp;apos;22.0.2&amp;apos;
Driver info: org.openqa.selenium.edge.EdgeDriver
Command: [fc67c3436242a45d843aa9ce4c303228, get {url=https://dsportalapp.herokuapp.com/queue/}]
Capabilities {acceptInsecureCerts: false, browserName: MicrosoftEdge, browserVersion: 130.0.2849.80, fedcm:accounts: true, ms:edgeOptions: {debuggerAddress: localhost:62964}, msedge: {msedgedriverVersion: 130.0.2849.80 (bbf5e2881b22..., userDataDir: C:\Users\golda\AppData\Loca...}, networkConnectionEnabled: false, pageLoadStrategy: normal, platformName: windows, proxy: Proxy(), se:cdp: ws://localhost:62964/devtoo..., se:cdpVersion: 130.0.2849.80, setWindowRect: true, strictFileInteractability: false, timeouts: {implicit: 0, pageLoad: 300000, script: 30000}, unhandledPromptBehavior: dismiss and notify, webauthn:extension:credBlob: true, webauthn:extension:largeBlob: true, webauthn:extension:minPinLength: true, webauthn:extension:prf: true, webauthn:virtualAuthenticators: true}
Session ID: fc67c3436242a45d843aa9ce4c303228">
      <![CDATA[org.openqa.selenium.NoSuchWindowException: no such window: target window already closed
from unknown error: web view not found
  (Session info: MicrosoftEdge=130.0.2849.80)
Build info: version: '4.23.1', revision: '656257d8e9'
System info: os.name: 'Windows 11', os.arch: 'amd64', os.version: '10.0', java.version: '22.0.2'
Driver info: org.openqa.selenium.edge.EdgeDriver
Command: [fc67c3436242a45d843aa9ce4c303228, get {url=https://dsportalapp.herokuapp.com/queue/}]
Capabilities {acceptInsecureCerts: false, browserName: MicrosoftEdge, browserVersion: 130.0.2849.80, fedcm:accounts: true, ms:edgeOptions: {debuggerAddress: localhost:62964}, msedge: {msedgedriverVersion: 130.0.2849.80 (bbf5e2881b22..., userDataDir: C:\Users\golda\AppData\Loca...}, networkConnectionEnabled: false, pageLoadStrategy: normal, platformName: windows, proxy: Proxy(), se:cdp: ws://localhost:62964/devtoo..., se:cdpVersion: 130.0.2849.80, setWindowRect: true, strictFileInteractability: false, timeouts: {implicit: 0, pageLoad: 300000, script: 30000}, unhandledPromptBehavior: dismiss and notify, webauthn:extension:credBlob: true, webauthn:extension:largeBlob: true, webauthn:extension:minPinLength: true, webauthn:extension:prf: true, webauthn:virtualAuthenticators: true}
Session ID: fc67c3436242a45d843aa9ce4c303228
at org.openqa.selenium.remote.ErrorCodec.decode(ErrorCodec.java:167)
at org.openqa.selenium.remote.codec.w3c.W3CHttpResponseCodec.decode(W3CHttpResponseCodec.java:138)
at org.openqa.selenium.remote.codec.w3c.W3CHttpResponseCodec.decode(W3CHttpResponseCodec.java:50)
at org.openqa.selenium.remote.HttpCommandExecutor.execute(HttpCommandExecutor.java:190)
at org.openqa.selenium.remote.service.DriverCommandExecutor.invokeExecute(DriverCommandExecutor.java:216)
at org.openqa.selenium.remote.service.DriverCommandExecutor.execute(DriverCommandExecutor.java:174)
at org.openqa.selenium.remote.RemoteWebDriver.execute(RemoteWebDriver.java:545)
at org.openqa.selenium.remote.RemoteWebDriver.get(RemoteWebDriver.java:313)
at stepdef.QueuePageStep.user_is_on_queue_page(QueuePageStep.java:21)
at ✽.User is on Queue page(file:///C:/Users/golda/git/DsAlgoProject/DsAlgoProject/src/test/resources/Features/IQueue.feature:19)
... Removed 3 stack frames]]>
    </failure>
  </testcase> <!-- runScenario -->
  <testcase classname="io.cucumber.testng.AbstractTestNGCucumberTests" name="runScenario" time="0.008">
    <failure type="org.openqa.selenium.NoSuchWindowException" message="no such window: target window already closed
from unknown error: web view not found
  (Session info: MicrosoftEdge=130.0.2849.80)
Build info: version: &amp;apos;4.23.1&amp;apos;, revision: &amp;apos;656257d8e9&amp;apos;
System info: os.name: &amp;apos;Windows 11&amp;apos;, os.arch: &amp;apos;amd64&amp;apos;, os.version: &amp;apos;10.0&amp;apos;, java.version: &amp;apos;22.0.2&amp;apos;
Driver info: org.openqa.selenium.edge.EdgeDriver
Command: [fc67c3436242a45d843aa9ce4c303228, get {url=https://dsportalapp.herokuapp.com/queue/implementation-lists/}]
Capabilities {acceptInsecureCerts: false, browserName: MicrosoftEdge, browserVersion: 130.0.2849.80, fedcm:accounts: true, ms:edgeOptions: {debuggerAddress: localhost:62964}, msedge: {msedgedriverVersion: 130.0.2849.80 (bbf5e2881b22..., userDataDir: C:\Users\golda\AppData\Loca...}, networkConnectionEnabled: false, pageLoadStrategy: normal, platformName: windows, proxy: Proxy(), se:cdp: ws://localhost:62964/devtoo..., se:cdpVersion: 130.0.2849.80, setWindowRect: true, strictFileInteractability: false, timeouts: {implicit: 0, pageLoad: 300000, script: 30000}, unhandledPromptBehavior: dismiss and notify, webauthn:extension:credBlob: true, webauthn:extension:largeBlob: true, webauthn:extension:minPinLength: true, webauthn:extension:prf: true, webauthn:virtualAuthenticators: true}
Session ID: fc67c3436242a45d843aa9ce4c303228">
      <![CDATA[org.openqa.selenium.NoSuchWindowException: no such window: target window already closed
from unknown error: web view not found
  (Session info: MicrosoftEdge=130.0.2849.80)
Build info: version: '4.23.1', revision: '656257d8e9'
System info: os.name: 'Windows 11', os.arch: 'amd64', os.version: '10.0', java.version: '22.0.2'
Driver info: org.openqa.selenium.edge.EdgeDriver
Command: [fc67c3436242a45d843aa9ce4c303228, get {url=https://dsportalapp.herokuapp.com/queue/implementation-lists/}]
[...]
at org.openqa.selenium.remote.RemoteWebDriver.execute(RemoteWebDriver.java:545)
at org.openqa.selenium.remote.RemoteWebDriver.get(RemoteWebDriver.java:313)
at stepdef.GraphPageStep.user_is_on_sub_graph_page(GraphPageStep.java:47)
at ✽.User is on Sub Graph Page(file:///C:/Users/golda/git/DsAlgoProject/DsAlgoProject/src/test/resources/Features/MGraph.feature:14)
... Removed 3 stack frames]]>
    </failure>
  </testcase> <!-- runScenario -->
  <testcase classname="io.cucumber.testng.AbstractTestNGCucumberTests" name="runScenario" time="0.006">
    <failure type="org.openqa.selenium.NoSuchWindowException" message="no such window: target window already closed
from unknown error: web view not found
  (Session info: MicrosoftEdge=130.0.2849.80)
Build info: version: &amp;apos;4.23.1&amp;apos;, revision: &amp;apos;656257d8e9&amp;apos;
System info: os.name: &amp;apos;Windows 11&amp;apos;, os.arch: &amp;apos;amd64&amp;apos;, os.version: &amp;apos;10.0&amp;apos;, java.version: &amp;apos;22.0.2&amp;apos;
Driver info: org.openqa.selenium.edge.EdgeDriver
Command: [fc67c3436242a45d843aa9ce4c303228, get {url=https://dsportalapp.herokuapp.com/graph/graph/}]
Capabilities {acceptInsecureCerts: false, browserName: MicrosoftEdge, browserVersion: 130.0.2849.80, fedcm:accounts: true, ms:edgeOptions: {debuggerAddress: localhost:62964}, msedge: {msedgedriverVersion: 130.0.2849.80 (bbf5e2881b22..., userDataDir: C:\Users\golda\AppData\Loca...}, networkConnectionEnabled: false, pageLoadStrategy: normal, platformName: windows, proxy: Proxy(), se:cdp: ws://localhost:62964/devtoo..., se:cdpVersion: 130.0.2849.80, setWindowRect: true, strictFileInteractability: false, timeouts: {implicit: 0, pageLoad: 300000, script: 30000}, unhandledPromptBehavior: dismiss and notify, webauthn:extension:credBlob: true, webauthn:extension:largeBlob: true, webauthn:extension:minPinLength: true, webauthn:extension:prf: true, webauthn:virtualAuthenticators: true}
Session ID: fc67c3436242a45d843aa9ce4c303228">
      <![CDATA[org.openqa.selenium.NoSuchWindowException: no such window: target window already closed
from unknown error: web view not found
  (Session info: MicrosoftEdge=130.0.2849.80)
Build info: version: '4.23.1', revision: '656257d8e9'
System info: os.name: 'Windows 11', os.arch: 'amd64', os.version: '10.0', java.version: '22.0.2'
Driver info: org.openqa.selenium.edge.EdgeDriver
Command: [fc67c3436242a45d843aa9ce4c303228, get {url=https://dsportalapp.herokuapp.com/graph/graph/}]
Capabilities {acceptInsecureCerts: false, browserName: MicrosoftEdge, browserVersion: 130.0.2849.80, fedcm:accounts: true, ms:edgeOptions: {debuggerAddress: localhost:62964}, msedge: {msedgedriverVersion: 130.0.2849.80 (bbf5e2881b22..., userDataDir: C:\Users\golda\AppData\Loca...}, networkConnectionEnabled: false, pageLoadStrategy: normal, platformName: windows, proxy: Proxy(), se:cdp: ws://localhost:62964/devtoo..., se:cdpVersion: 130.0.2849.80, setWindowRect: true, strictFileInteractability: false, timeouts: {implicit: 0, pageLoad: 300000, script: 30000}, unhandledPromptBehavior: dismiss and notify, webauthn:extension:credBlob: true, webauthn:extension:largeBlob: true, webauthn:extension:minPinLength: true, webauthn:extension:prf: true, webauthn:virtualAuthenticators: true}
Session ID: fc67c3436242a45d843aa9ce4c303228
at org.openqa.selenium.remote.ErrorCodec.decode(ErrorCodec.java:167)
at org.openqa.selenium.remote.codec.w3c.W3CHttpResponseCodec.decode(W3CHttpResponseCodec.java:138)
at org.openqa.selenium.remote.codec.w3c.W3CHttpResponseCodec.decode(W3CHttpResponseCodec.java:50)
at org.openqa.selenium.remote.HttpCommandExecutor.execute(HttpCommandExecutor.java:190)
at org.openqa.selenium.remote.service.DriverCommandExecutor.invokeExecute(DriverCommandExecutor.java:216)
at org.openqa.selenium.remote.service.DriverCommandExecutor.execute(DriverCommandExecutor.java:174)
at org.openqa.selenium.remote.RemoteWebDriver.execute(RemoteWebDriver.java:545)
at org.openqa.selenium.remote.RemoteWebDriver.get(RemoteWebDriver.java:313)
at stepdef.GraphPageStep.user_is_on_sub_graph_page(GraphPageStep.java:47)
at ✽.User is on Sub Graph Page(file:///C:/Users/golda/git/DsAlgoProject/DsAlgoProject/src/test/resources/Features/MGraph.feature:19)
... Removed 3 stack frames]]>
    </failure>
  </testcase> <!-- runScenario -->
  <testcase classname="io.cucumber.testng.AbstractTestNGCucumberTests" name="runScenario" time="0.006">
    <failure type="org.openqa.selenium.NoSuchWindowException" message="no such window: target window already closed
from unknown error: web view not found
  (Session info: MicrosoftEdge=130.0.2849.80)
Build info: version: &amp;apos;4.23.1&amp;apos;, revision: &amp;apos;656257d8e9&amp;apos;
System info: os.name: &amp;apos;Windows 11&amp;apos;, os.arch: &amp;apos;amd64&amp;apos;, os.version: &amp;apos;10.0&amp;apos;, java.version: &amp;apos;22.0.2&amp;apos;
Driver info: org.openqa.selenium.edge.EdgeDriver
Command: [fc67c3436242a45d843aa9ce4c303228, get {url=https://dsportalapp.herokuapp.com/graph/graph/}]
Capabilities {acceptInsecureCerts: false, browserName: MicrosoftEdge, browserVersion: 130.0.2849.80, fedcm:accounts: true, ms:edgeOptions: {debuggerAddress: localhost:62964}, msedge: {msedgedriverVersion: 130.0.2849.80 (bbf5e2881b22..., userDataDir: C:\Users\golda\AppData\Loca...}, networkConnectionEnabled: false, pageLoadStrategy: normal, platformName: windows, proxy: Proxy(), se:cdp: ws://localhost:62964/devtoo..., se:cdpVersion: 130.0.2849.80, setWindowRect: true, strictFileInteractability: false, timeouts: {implicit: 0, pageLoad: 300000, script: 30000}, unhandledPromptBehavior: dismiss and notify, webauthn:extension:credBlob: true, webauthn:extension:largeBlob: true, webauthn:extension:minPinLength: true, webauthn:extension:prf: true, webauthn:virtualAuthenticators: true}
Session ID: fc67c3436242a45d843aa9ce4c303228">
      <![CDATA[org.openqa.selenium.NoSuchWindowException: no such window: target window already closed
from unknown error: web view not found
  (Session info: MicrosoftEdge=130.0.2849.80)
Build info: version: '4.23.1', revision: '656257d8e9'
System info: os.name: 'Windows 11', os.arch: 'amd64', os.version: '10.0', java.version: '22.0.2'
Driver info: org.openqa.selenium.edge.EdgeDriver
Command: [fc67c3436242a45d843aa9ce4c303228, get {url=https://dsportalapp.herokuapp.com/graph/graph/}]
Capabilities {acceptInsecureCerts: false, browserName: MicrosoftEdge, browserVersion: 130.0.2849.80, fedcm:accounts: true, ms:edgeOptions: {debuggerAddress: localhost:62964}, msedge: {msedgedriverVersion: 130.0.2849.80 (bbf5e2881b22..., userDataDir: C:\Users\golda\AppData\Loca...}, networkConnectionEnabled: false, pageLoadStrategy: normal, platformName: windows, proxy: Proxy(), se:cdp: ws://localhost:62964/devtoo..., se:cdpVersion: 130.0.2849.80, setWindowRect: true, strictFileInteractability: false, timeouts: {implicit: 0, pageLoad: 300000, script: 30000}, unhandledPromptBehavior: dismiss and notify, webauthn:extension:credBlob: true, webauthn:extension:largeBlob: true, webauthn:extension:minPinLength: true, webauthn:extension:prf: true, webauthn:virtualAuthenticators: true}
Session ID: fc67c3436242a45d843aa9ce4c303228
at org.openqa.selenium.remote.ErrorCodec.decode(ErrorCodec.java:167)
at org.openqa.selenium.remote.codec.w3c.W3CHttpResponseCodec.decode(W3CHttpResponseCodec.java:138)
at org.openqa.selenium.remote.codec.w3c.W3CHttpResponseCodec.decode(W3CHttpResponseCodec.java:50)
at org.openqa.selenium.remote.HttpCommandExecutor.execute(HttpCommandExecutor.java:190)
at org.openqa.selenium.remote.service.DriverCommandExecutor.invokeExecute(DriverCommandExecutor.java:216)
at org.openqa.selenium.remote.service.DriverCommandExecutor.execute(DriverCommandExecutor.java:174)
at org.openqa.selenium.remote.RemoteWebDriver.execute(RemoteWebDriver.java:545)
at org.openqa.selenium.remote.RemoteWebDriver.get(RemoteWebDriver.java:313)
at stepdef.GraphPageStep.user_is_on_sub_graph_page(GraphPageStep.java:47)
at ✽.User is on Sub Graph Page(file:///C:/Users/golda/git/DsAlgoProject/DsAlgoProject/src/test/resources/Features/MGraph.feature:24)
... Removed 3 stack frames]]>
    </failure>
  </testcase> <!-- runScenario -->
  <testcase classname="io.cucumber.testng.AbstractTestNGCucumberTests" name="runScenario" time="0.005">
    <failure type="org.openqa.selenium.NoSuchWindowException" message="no such window: target window already closed
from unknown error: web view not found
  (Session info: MicrosoftEdge=130.0.2849.80)
Build info: version: &amp;apos;4.23.1&amp;apos;, revision: &amp;apos;656257d8e9&amp;apos;
System info: os.name: &amp;apos;Windows 11&amp;apos;, os.arch: &amp;apos;amd64&amp;apos;, os.version: &amp;apos;10.0&amp;apos;, java.version: &amp;apos;22.0.2&amp;apos;
Driver info: org.openqa.selenium.edge.EdgeDriver
Command: [fc67c3436242a45d843aa9ce4c303228, get {url=https://dsportalapp.herokuapp.com/graph/graph/}]
Capabilities {acceptInsecureCerts: false, browserName: MicrosoftEdge, browserVersion: 130.0.2849.80, fedcm:accounts: true, ms:edgeOptions: {debuggerAddress: localhost:62964}, msedge: {msedgedriverVersion: 130.0.2849.80 (bbf5e2881b22..., userDataDir: C:\Users\golda\AppData\Loca...}, networkConnectionEnabled: false, pageLoadStrategy: normal, platformName: windows, proxy: Proxy(), se:cdp: ws://localhost:62964/devtoo..., se:cdpVersion: 130.0.2849.80, setWindowRect: true, strictFileInteractability: false, timeouts: {implicit: 0, pageLoad: 300000, script: 30000}, unhandledPromptBehavior: dismiss and notify, webauthn:extension:credBlob: true, webauthn:extension:largeBlob: true, webauthn:extension:minPinLength: true, webauthn:extension:prf: true, webauthn:virtualAuthenticators: true}
Session ID: fc67c3436242a45d843aa9ce4c303228">
      <![CDATA[org.openqa.selenium.NoSuchWindowException: no such window: target window already closed
from unknown error: web view not found
  (Session info: MicrosoftEdge=130.0.2849.80)
Build info: version: '4.23.1', revision: '656257d8e9'
System info: os.name: 'Windows 11', os.arch: 'amd64', os.version: '10.0', java.version: '22.0.2'
Driver info: org.openqa.selenium.edge.EdgeDriver
Command: [fc67c3436242a45d843aa9ce4c303228, get {url=https://dsportalapp.herokuapp.com/graph/graph/}]
Capabilities {acceptInsecureCerts: false, browserName: MicrosoftEdge, browserVersion: 130.0.2849.80, fedcm:accounts: true, ms:edgeOptions: {debuggerAddress: localhost:62964}, msedge: {msedgedriverVersion: 130.0.2849.80 (bbf5e2881b22..., userDataDir: C:\Users\golda\AppData\Loca...}, networkConnectionEnabled: false, pageLoadStrategy: normal, platformName: windows, proxy: Proxy(), se:cdp: ws://localhost:62964/devtoo..., se:cdpVersion: 130.0.2849.80, setWindowRect: true, strictFileInteractability: false, timeouts: {implicit: 0, pageLoad: 300000, script: 30000}, unhandledPromptBehavior: dismiss and notify, webauthn:extension:credBlob: true, webauthn:extension:largeBlob: true, webauthn:extension:minPinLength: true, webauthn:extension:prf: true, webauthn:virtualAuthenticators: true}
Session ID: fc67c3436242a45d843aa9ce4c303228
at org.openqa.selenium.remote.ErrorCodec.decode(ErrorCodec.java:167)
at org.openqa.selenium.remote.codec.w3c.W3CHttpResponseCodec.decode(W3CHttpResponseCodec.java:138)
at org.openqa.selenium.remote.codec.w3c.W3CHttpResponseCodec.decode(W3CHttpResponseCodec.java:50)
at org.openqa.selenium.remote.HttpCommandExecutor.execute(HttpCommandExecutor.java:190)
at org.openqa.selenium.remote.service.DriverCommandExecutor.invokeExecute(DriverCommandExecutor.java:216)
at org.openqa.selenium.remote.service.DriverCommandExecutor.execute(DriverCommandExecutor.java:174)
at org.openqa.selenium.remote.RemoteWebDriver.execute(RemoteWebDriver.java:545)
at org.openqa.selenium.remote.RemoteWebDriver.get(RemoteWebDriver.java:313)
at stepdef.GraphPageStep.user_is_on_sub_graph_page(GraphPageStep.java:47)
at ✽.User is on Sub Graph Page(file:///C:/Users/golda/git/DsAlgoProject/DsAlgoProject/src/test/resources/Features/MGraph.feature:29)
... Removed 3 stack frames]]>
    </failure>
  </testcase> <!-- runScenario -->
  <testcase classname="io.cucumber.testng.AbstractTestNGCucumberTests" name="runScenario" time="0.006">
    <failure type="org.openqa.selenium.NoSuchWindowException" message="no such window: target window already closed
from unknown error: web view not found
  (Session info: MicrosoftEdge=130.0.2849.80)
Build info: version: &amp;apos;4.23.1&amp;apos;, revision: &amp;apos;656257d8e9&amp;apos;
System info: os.name: &amp;apos;Windows 11&amp;apos;, os.arch: &amp;apos;amd64&amp;apos;, os.version: &amp;apos;10.0&amp;apos;, java.version: &amp;apos;22.0.2&amp;apos;
Driver info: org.openqa.selenium.edge.EdgeDriver
Command: [fc67c3436242a45d843aa9ce4c303228, get {url=https://dsportalapp.herokuapp.com/graph/graph-representations/}]
Capabilities {acceptInsecureCerts: false, browserName: MicrosoftEdge, browserVersion: 130.0.2849.80, fedcm:accounts: true, ms:edgeOptions: {debuggerAddress: localhost:62964}, msedge: {msedgedriverVersion: 130.0.2849.80 (bbf5e2881b22..., userDataDir: C:\Users\golda\AppData\Loca...}, networkConnectionEnabled: false, pageLoadStrategy: normal, platformName: windows, proxy: Proxy(), se:cdp: ws://localhost:62964/devtoo..., se:cdpVersion: 130.0.2849.80, setWindowRect: true, strictFileInteractability: false, timeouts: {implicit: 0, pageLoad: 300000, script: 30000}, unhandledPromptBehavior: dismiss and notify, webauthn:extension:credBlob: true, webauthn:extension:largeBlob: true, webauthn:extension:minPinLength: true, webauthn:extension:prf: true, webauthn:virtualAuthenticators: true}
Session ID: fc67c3436242a45d843aa9ce4c303228">
      <![CDATA[org.openqa.selenium.NoSuchWindowException: no such window: target window already closed
from unknown error: web view not found
  (Session info: MicrosoftEdge=130.0.2849.80)
Build info: version: '4.23.1', revision: '656257d8e9'
System info: os.name: 'Windows 11', os.arch: 'amd64', os.version: '10.0', java.version: '22.0.2'
Driver info: org.openqa.selenium.edge.EdgeDriver
Command: [fc67c3436242a45d843aa9ce4c303228, get {url=https://dsportalapp.herokuapp.com/graph/graph-representations/}]
Capabilities {acceptInsecureCerts: false, browserName: MicrosoftEdge, browserVersion: 130.0.2849.80, fedcm:accounts: true, ms:edgeOptions: {debuggerAddress: localhost:62964}, msedge: {msedgedriverVersion: 130.0.2849.80 (bbf5e2881b22..., userDataDir: C:\Users\golda\AppData\Loca...}, networkConnectionEnabled: false, pageLoadStrategy: normal, platformName: windows, proxy: Proxy(), se:cdp: ws://localhost:62964/devtoo..., se:cdpVersion: 130.0.2849.80, setWindowRect: true, strictFileInteractability: false, timeouts: {implicit: 0, pageLoad: 300000, script: 30000}, unhandledPromptBehavior: dismiss and notify, webauthn:extension:credBlob: true, webauthn:extension:largeBlob: true, webauthn:extension:minPinLength: true, webauthn:extension:prf: true, webauthn:virtualAuthenticators: true}
Session ID: fc67c3436242a45d843aa9ce4c303228
at org.openqa.selenium.remote.ErrorCodec.decode(ErrorCodec.java:167)
at org.openqa.selenium.remote.codec.w3c.W3CHttpResponseCodec.decode(W3CHttpResponseCodec.java:138)
at org.openqa.selenium.remote.codec.w3c.W3CHttpResponseCodec.decode(W3CHttpResponseCodec.java:50)
at org.openqa.selenium.remote.HttpCommandExecutor.execute(HttpCommandExecutor.java:190)
at org.openqa.selenium.remote.service.DriverCommandExecutor.invokeExecute(DriverCommandExecutor.java:216)
at org.openqa.selenium.remote.service.DriverCommandExecutor.execute(DriverCommandExecutor.java:174)
at org.openqa.selenium.remote.RemoteWebDriver.execute(RemoteWebDriver.java:545)
at org.openqa.selenium.remote.RemoteWebDriver.get(RemoteWebDriver.java:313)
at stepdef.GraphPageStep.user_is_on_sub_graph_represent_page(GraphPageStep.java:70)
at ✽.User is on Sub Graph Represent page(file:///C:/Users/golda/git/DsAlgoProject/DsAlgoProject/src/test/resources/Features/MGraph.feature:34)
... Removed 3 stack frames]]>
    </failure>
  </testcase> <!-- runScenario -->
  <testcase classname="io.cucumber.testng.AbstractTestNGCucumberTests" name="runScenario" time="0.005">
    <failure type="org.openqa.selenium.NoSuchWindowException" message="no such window: target window already closed
from unknown error: web view not found
  (Session info: MicrosoftEdge=130.0.2849.80)
Build info: version: &amp;apos;4.23.1&amp;apos;, revision: &amp;apos;656257d8e9&amp;apos;
System info: os.name: &amp;apos;Windows 11&amp;apos;, os.arch: &amp;apos;amd64&amp;apos;, os.version: &amp;apos;10.0&amp;apos;, java.version: &amp;apos;22.0.2&amp;apos;
Driver info: org.openqa.selenium.edge.EdgeDriver
Command: [fc67c3436242a45d843aa9ce4c303228, get {url=https://dsportalapp.herokuapp.com/graph/graph-representations/}]
Capabilities {acceptInsecureCerts: false, browserName: MicrosoftEdge, browserVersion: 130.0.2849.80, fedcm:accounts: true, ms:edgeOptions: {debuggerAddress: localhost:62964}, msedge: {msedgedriverVersion: 130.0.2849.80 (bbf5e2881b22..., userDataDir: C:\Users\golda\AppData\Loca...}, networkConnectionEnabled: false, pageLoadStrategy: normal, platformName: windows, proxy: Proxy(), se:cdp: ws://localhost:62964/devtoo..., se:cdpVersion: 130.0.2849.80, setWindowRect: true, strictFileInteractability: false, timeouts: {implicit: 0, pageLoad: 300000, script: 30000}, unhandledPromptBehavior: dismiss and notify, webauthn:extension:credBlob: true, webauthn:extension:largeBlob: true, webauthn:extension:minPinLength: true, webauthn:extension:prf: true, webauthn:virtualAuthenticators: true}
Session ID: fc67c3436242a45d843aa9ce4c303228">
      <![CDATA[org.openqa.selenium.NoSuchWindowException: no such window: target window already closed
from unknown error: web view not found
  (Session info: MicrosoftEdge=130.0.2849.80)
Build info: version: '4.23.1', revision: '656257d8e9'
System info: os.name: 'Windows 11', os.arch: 'amd64', os.version: '10.0', java.version: '22.0.2'
Driver info: org.openqa.selenium.edge.EdgeDriver
Command: [fc67c3436242a45d843aa9ce4c303228, get {url=https://dsportalapp.herokuapp.com/graph/graph-representations/}]
Capabilities {acceptInsecureCerts: false, browserName: MicrosoftEdge, browserVersion: 130.0.2849.80, fedcm:accounts: true, ms:edgeOptions: {debuggerAddress: localhost:62964}, msedge: {msedgedriverVersion: 130.0.2849.80 (bbf5e2881b22..., userDataDir: C:\Users\golda\AppData\Loca...}, networkConnectionEnabled: false, pageLoadStrategy: normal, platformName: windows, proxy: Proxy(), se:cdp: ws://localhost:62964/devtoo..., se:cdpVersion: 130.0.2849.80, setWindowRect: true, strictFileInteractability: false, timeouts: {implicit: 0, pageLoad: 300000, script: 30000}, unhandledPromptBehavior: dismiss and notify, webauthn:extension:credBlob: true, webauthn:extension:largeBlob: true, webauthn:extension:minPinLength: true, webauthn:extension:prf: true, webauthn:virtualAuthenticators: true}
Session ID: fc67c3436242a45d843aa9ce4c303228
at org.openqa.selenium.remote.ErrorCodec.decode(ErrorCodec.java:167)
at org.openqa.selenium.remote.codec.w3c.W3CHttpResponseCodec.decode(W3CHttpResponseCodec.java:138)
at org.openqa.selenium.remote.codec.w3c.W3CHttpResponseCodec.decode(W3CHttpResponseCodec.java:50)
at org.openqa.selenium.remote.HttpCommandExecutor.execute(HttpCommandExecutor.java:190)
at org.openqa.selenium.remote.service.DriverCommandExecutor.invokeExecute(DriverCommandExecutor.java:216)
at org.openqa.selenium.remote.service.DriverCommandExecutor.execute(DriverCommandExecutor.java:174)
at org.openqa.selenium.remote.RemoteWebDriver.execute(RemoteWebDriver.java:545)
at org.openqa.selenium.remote.RemoteWebDriver.get(RemoteWebDriver.java:313)
at stepdef.GraphPageStep.user_is_on_sub_graph_represent_page(GraphPageStep.java:70)
at ✽.User is on Sub Graph Represent page(file:///C:/Users/golda/git/DsAlgoProject/DsAlgoProject/src/test/resources/Features/MGraph.feature:39)
... Removed 3 stack frames]]>
    </failure>
  </testcase> <!-- runScenario -->
</testsuite> <!-- Testedge -->
