<?xml version="1.0" encoding="UTF-8"?>
<!-- Generated by org.testng.reporters.JUnitXMLReporter -->
<testsuite ignored="0" hostname="Joanna" failures="16" tests="96" name="TestChrome" time="317.676" errors="0" timestamp="2024-11-24T11:39:42 GMT-05:00">
  <testcase classname="io.cucumber.testng.AbstractTestNGCucumberTests" name="runScenario" time="3.099"/>
  <testcase classname="io.cucumber.testng.AbstractTestNGCucumberTests" name="runScenario" time="4.691"/>
  <testcase classname="io.cucumber.testng.AbstractTestNGCucumberTests" name="runScenario" time="3.613"/>
  <testcase classname="io.cucumber.testng.AbstractTestNGCucumberTests" name="runScenario" time="3.616"/>
  <testcase classname="io.cucumber.testng.AbstractTestNGCucumberTests" name="runScenario" time="3.418"/>
  <testcase classname="io.cucumber.testng.AbstractTestNGCucumberTests" name="runScenario" time="1.652"/>
  <testcase classname="io.cucumber.testng.AbstractTestNGCucumberTests" name="runScenario" time="1.577"/>
  <testcase classname="io.cucumber.testng.AbstractTestNGCucumberTests" name="runScenario" time="1.782"/>
  <testcase classname="io.cucumber.testng.AbstractTestNGCucumberTests" name="runScenario" time="2.473"/>
  <testcase classname="io.cucumber.testng.AbstractTestNGCucumberTests" name="runScenario" time="0.439"/>
  <testcase classname="io.cucumber.testng.AbstractTestNGCucumberTests" name="runScenario" time="0.59"/>
  <testcase classname="io.cucumber.testng.AbstractTestNGCucumberTests" name="runScenario" time="0.518"/>
  <testcase classname="io.cucumber.testng.AbstractTestNGCucumberTests" name="runScenario" time="0.475"/>
  <testcase classname="io.cucumber.testng.AbstractTestNGCucumberTests" name="runScenario" time="0.498"/>
  <testcase classname="io.cucumber.testng.AbstractTestNGCucumberTests" name="runScenario" time="5.588"/>
  <testcase classname="io.cucumber.testng.AbstractTestNGCucumberTests" name="runScenario" time="2.945"/>
  <testcase classname="io.cucumber.testng.AbstractTestNGCucumberTests" name="runScenario" time="2.874"/>
  <testcase classname="io.cucumber.testng.AbstractTestNGCucumberTests" name="runScenario" time="2.74"/>
  <testcase classname="io.cucumber.testng.AbstractTestNGCucumberTests" name="runScenario" time="2.837"/>
  <testcase classname="io.cucumber.testng.AbstractTestNGCucumberTests" name="runScenario" time="2.947"/>
  <testcase classname="io.cucumber.testng.AbstractTestNGCucumberTests" name="runScenario" time="2.931"/>
  <testcase classname="io.cucumber.testng.AbstractTestNGCucumberTests" name="runScenario" time="3.014"/>
  <testcase classname="io.cucumber.testng.AbstractTestNGCucumberTests" name="runScenario" time="2.935"/>
  <testcase classname="io.cucumber.testng.AbstractTestNGCucumberTests" name="runScenario" time="2.947"/>
  <testcase classname="io.cucumber.testng.AbstractTestNGCucumberTests" name="runScenario" time="2.953"/>
  <testcase classname="io.cucumber.testng.AbstractTestNGCucumberTests" name="runScenario" time="2.86"/>
  <testcase classname="io.cucumber.testng.AbstractTestNGCucumberTests" name="runScenario" time="3.303"/>
  <testcase classname="io.cucumber.testng.AbstractTestNGCucumberTests" name="runScenario" time="2.854"/>
  <testcase classname="io.cucumber.testng.AbstractTestNGCucumberTests" name="runScenario" time="3.279"/>
  <testcase classname="io.cucumber.testng.AbstractTestNGCucumberTests" name="runScenario" time="3.432"/>
  <testcase classname="io.cucumber.testng.AbstractTestNGCucumberTests" name="runScenario" time="3.433"/>
  <testcase classname="io.cucumber.testng.AbstractTestNGCucumberTests" name="runScenario" time="3.634"/>
  <testcase classname="io.cucumber.testng.AbstractTestNGCucumberTests" name="runScenario" time="3.534"/>
  <testcase classname="io.cucumber.testng.AbstractTestNGCucumberTests" name="runScenario" time="3.538"/>
  <testcase classname="io.cucumber.testng.AbstractTestNGCucumberTests" name="runScenario" time="3.417"/>
  <testcase classname="io.cucumber.testng.AbstractTestNGCucumberTests" name="runScenario" time="3.56"/>
  <testcase classname="io.cucumber.testng.AbstractTestNGCucumberTests" name="runScenario" time="3.42"/>
  <testcase classname="io.cucumber.testng.AbstractTestNGCucumberTests" name="runScenario" time="3.322"/>
  <testcase classname="io.cucumber.testng.AbstractTestNGCucumberTests" name="runScenario" time="3.651"/>
  <testcase classname="io.cucumber.testng.AbstractTestNGCucumberTests" name="runScenario" time="3.638"/>
  <testcase classname="io.cucumber.testng.AbstractTestNGCucumberTests" name="runScenario" time="3.639"/>
  <testcase classname="io.cucumber.testng.AbstractTestNGCucumberTests" name="runScenario" time="1.493"/>
  <testcase classname="io.cucumber.testng.AbstractTestNGCucumberTests" name="runScenario" time="0.882">
    <failure type="java.lang.NullPointerException" message="Cannot invoke &amp;quot;pageobject.LinkedListPageObject.click_Intro_tryhere()&amp;quot; because &amp;quot;this.llPageObject&amp;quot; is null">
      <![CDATA[java.lang.NullPointerException: Cannot invoke "pageobject.LinkedListPageObject.click_Intro_tryhere()" because "this.llPageObject" is null
at stepdef.LinkedListPageStep.user_clicks_on_sub_try_here_link(LinkedListPageStep.java:219)
at ✽.User clicks on sub Try Here link(file:///C:/Users/golda/git/DsAlgoProject/DsAlgoProject/src/test/resources/Features/BGTree.feature:177)
]]>
    </failure>
  </testcase> <!-- runScenario -->
  <testcase classname="io.cucumber.testng.AbstractTestNGCucumberTests" name="runScenario" time="1.02">
    <failure type="java.lang.NullPointerException" message="Cannot invoke &amp;quot;pageobject.LinkedListPageObject.click_Intro_tryhere()&amp;quot; because &amp;quot;this.llPageObject&amp;quot; is null">
      <![CDATA[java.lang.NullPointerException: Cannot invoke "pageobject.LinkedListPageObject.click_Intro_tryhere()" because "this.llPageObject" is null
at stepdef.LinkedListPageStep.user_clicks_on_sub_try_here_link(LinkedListPageStep.java:219)
at ✽.User clicks on sub Try Here link(file:///C:/Users/golda/git/DsAlgoProject/DsAlgoProject/src/test/resources/Features/BGTree.feature:191)
]]>
    </failure>
  </testcase> <!-- runScenario -->
  <testcase classname="io.cucumber.testng.AbstractTestNGCucumberTests" name="runScenario" time="1.018">
    <failure type="java.lang.NullPointerException" message="Cannot invoke &amp;quot;pageobject.LinkedListPageObject.click_Intro_tryhere()&amp;quot; because &amp;quot;this.llPageObject&amp;quot; is null">
      <![CDATA[java.lang.NullPointerException: Cannot invoke "pageobject.LinkedListPageObject.click_Intro_tryhere()" because "this.llPageObject" is null
at stepdef.LinkedListPageStep.user_clicks_on_sub_try_here_link(LinkedListPageStep.java:219)
at ✽.User clicks on sub Try Here link(file:///C:/Users/golda/git/DsAlgoProject/DsAlgoProject/src/test/resources/Features/BGTree.feature:205)
]]>
    </failure>
  </testcase> <!-- runScenario -->
  <testcase classname="io.cucumber.testng.AbstractTestNGCucumberTests" name="runScenario" time="1.185">
    <failure type="java.lang.NullPointerException" message="Cannot invoke &amp;quot;pageobject.LinkedListPageObject.click_Intro_tryhere()&amp;quot; because &amp;quot;this.llPageObject&amp;quot; is null">
      <![CDATA[java.lang.NullPointerException: Cannot invoke "pageobject.LinkedListPageObject.click_Intro_tryhere()" because "this.llPageObject" is null
at stepdef.LinkedListPageStep.user_clicks_on_sub_try_here_link(LinkedListPageStep.java:219)
at ✽.User clicks on sub Try Here link(file:///C:/Users/golda/git/DsAlgoProject/DsAlgoProject/src/test/resources/Features/BGTree.feature:220)
]]>
    </failure>
  </testcase> <!-- runScenario -->
  <testcase classname="io.cucumber.testng.AbstractTestNGCucumberTests" name="runScenario" time="0.868">
    <failure type="java.lang.NullPointerException" message="Cannot invoke &amp;quot;pageobject.LinkedListPageObject.click_Intro_tryhere()&amp;quot; because &amp;quot;this.llPageObject&amp;quot; is null">
      <![CDATA[java.lang.NullPointerException: Cannot invoke "pageobject.LinkedListPageObject.click_Intro_tryhere()" because "this.llPageObject" is null
at stepdef.LinkedListPageStep.user_clicks_on_sub_try_here_link(LinkedListPageStep.java:219)
at ✽.User clicks on sub Try Here link(file:///C:/Users/golda/git/DsAlgoProject/DsAlgoProject/src/test/resources/Features/BGTree.feature:234)
]]>
    </failure>
  </testcase> <!-- runScenario -->
  <testcase classname="io.cucumber.testng.AbstractTestNGCucumberTests" name="runScenario" time="1.112">
    <failure type="java.lang.NullPointerException" message="Cannot invoke &amp;quot;pageobject.LinkedListPageObject.click_Intro_tryhere()&amp;quot; because &amp;quot;this.llPageObject&amp;quot; is null">
      <![CDATA[java.lang.NullPointerException: Cannot invoke "pageobject.LinkedListPageObject.click_Intro_tryhere()" because "this.llPageObject" is null
at stepdef.LinkedListPageStep.user_clicks_on_sub_try_here_link(LinkedListPageStep.java:219)
at ✽.User clicks on sub Try Here link(file:///C:/Users/golda/git/DsAlgoProject/DsAlgoProject/src/test/resources/Features/BGTree.feature:248)
]]>
    </failure>
  </testcase> <!-- runScenario -->
  <testcase classname="io.cucumber.testng.AbstractTestNGCucumberTests" name="runScenario" time="1.013">
    <failure type="java.lang.NullPointerException" message="Cannot invoke &amp;quot;pageobject.LinkedListPageObject.click_Intro_tryhere()&amp;quot; because &amp;quot;this.llPageObject&amp;quot; is null">
      <![CDATA[java.lang.NullPointerException: Cannot invoke "pageobject.LinkedListPageObject.click_Intro_tryhere()" because "this.llPageObject" is null
at stepdef.LinkedListPageStep.user_clicks_on_sub_try_here_link(LinkedListPageStep.java:219)
at ✽.User clicks on sub Try Here link(file:///C:/Users/golda/git/DsAlgoProject/DsAlgoProject/src/test/resources/Features/BGTree.feature:262)
]]>
    </failure>
  </testcase> <!-- runScenario -->
  <testcase classname="io.cucumber.testng.AbstractTestNGCucumberTests" name="runScenario" time="1.102">
    <failure type="java.lang.NullPointerException" message="Cannot invoke &amp;quot;pageobject.LinkedListPageObject.click_Intro_tryhere()&amp;quot; because &amp;quot;this.llPageObject&amp;quot; is null">
      <![CDATA[java.lang.NullPointerException: Cannot invoke "pageobject.LinkedListPageObject.click_Intro_tryhere()" because "this.llPageObject" is null
at stepdef.LinkedListPageStep.user_clicks_on_sub_try_here_link(LinkedListPageStep.java:219)
at ✽.User clicks on sub Try Here link(file:///C:/Users/golda/git/DsAlgoProject/DsAlgoProject/src/test/resources/Features/BGTree.feature:277)
]]>
    </failure>
  </testcase> <!-- runScenario -->
  <testcase classname="io.cucumber.testng.AbstractTestNGCucumberTests" name="runScenario" time="1.032">
    <failure type="java.lang.NullPointerException" message="Cannot invoke &amp;quot;pageobject.LinkedListPageObject.click_Intro_tryhere()&amp;quot; because &amp;quot;this.llPageObject&amp;quot; is null">
      <![CDATA[java.lang.NullPointerException: Cannot invoke "pageobject.LinkedListPageObject.click_Intro_tryhere()" because "this.llPageObject" is null
at stepdef.LinkedListPageStep.user_clicks_on_sub_try_here_link(LinkedListPageStep.java:219)
at ✽.User clicks on sub Try Here link(file:///C:/Users/golda/git/DsAlgoProject/DsAlgoProject/src/test/resources/Features/BGTree.feature:291)
]]>
    </failure>
  </testcase> <!-- runScenario -->
  <testcase classname="io.cucumber.testng.AbstractTestNGCucumberTests" name="runScenario" time="0.972">
    <failure type="java.lang.NullPointerException" message="Cannot invoke &amp;quot;pageobject.LinkedListPageObject.click_Intro_tryhere()&amp;quot; because &amp;quot;this.llPageObject&amp;quot; is null">
      <![CDATA[java.lang.NullPointerException: Cannot invoke "pageobject.LinkedListPageObject.click_Intro_tryhere()" because "this.llPageObject" is null
at stepdef.LinkedListPageStep.user_clicks_on_sub_try_here_link(LinkedListPageStep.java:219)
at ✽.User clicks on sub Try Here link(file:///C:/Users/golda/git/DsAlgoProject/DsAlgoProject/src/test/resources/Features/BGTree.feature:305)
]]>
    </failure>
  </testcase> <!-- runScenario -->
  <testcase classname="io.cucumber.testng.AbstractTestNGCucumberTests" name="runScenario" time="1.215">
    <failure type="java.lang.NullPointerException" message="Cannot invoke &amp;quot;pageobject.LinkedListPageObject.click_Intro_tryhere()&amp;quot; because &amp;quot;this.llPageObject&amp;quot; is null">
      <![CDATA[java.lang.NullPointerException: Cannot invoke "pageobject.LinkedListPageObject.click_Intro_tryhere()" because "this.llPageObject" is null
at stepdef.LinkedListPageStep.user_clicks_on_sub_try_here_link(LinkedListPageStep.java:219)
at ✽.User clicks on sub Try Here link(file:///C:/Users/golda/git/DsAlgoProject/DsAlgoProject/src/test/resources/Features/BGTree.feature:319)
]]>
    </failure>
  </testcase> <!-- runScenario -->
  <testcase classname="io.cucumber.testng.AbstractTestNGCucumberTests" name="runScenario" time="5.165"/>
  <testcase classname="io.cucumber.testng.AbstractTestNGCucumberTests" name="runScenario" time="3.191"/>
  <testcase classname="io.cucumber.testng.AbstractTestNGCucumberTests" name="runScenario" time="5.054"/>
  <testcase classname="io.cucumber.testng.AbstractTestNGCucumberTests" name="runScenario" time="5.091"/>
  <testcase classname="io.cucumber.testng.AbstractTestNGCucumberTests" name="runScenario" time="5.342"/>
  <testcase classname="io.cucumber.testng.AbstractTestNGCucumberTests" name="runScenario" time="4.934"/>
  <testcase classname="io.cucumber.testng.AbstractTestNGCucumberTests" name="runScenario" time="2.683"/>
  <testcase classname="io.cucumber.testng.AbstractTestNGCucumberTests" name="runScenario" time="5.001"/>
  <testcase classname="io.cucumber.testng.AbstractTestNGCucumberTests" name="runScenario" time="5.11"/>
  <testcase classname="io.cucumber.testng.AbstractTestNGCucumberTests" name="runScenario" time="4.997"/>
  <testcase classname="io.cucumber.testng.AbstractTestNGCucumberTests" name="runScenario" time="5.05"/>
  <testcase classname="io.cucumber.testng.AbstractTestNGCucumberTests" name="runScenario" time="5.012"/>
  <testcase classname="io.cucumber.testng.AbstractTestNGCucumberTests" name="runScenario" time="5.038"/>
  <testcase classname="io.cucumber.testng.AbstractTestNGCucumberTests" name="runScenario" time="5.021"/>
  <testcase classname="io.cucumber.testng.AbstractTestNGCucumberTests" name="runScenario" time="5.093"/>
  <testcase classname="io.cucumber.testng.AbstractTestNGCucumberTests" name="runScenario" time="3.886"/>
  <testcase classname="io.cucumber.testng.AbstractTestNGCucumberTests" name="runScenario" time="1.176"/>
  <testcase classname="io.cucumber.testng.AbstractTestNGCucumberTests" name="runScenario" time="3.537"/>
  <testcase classname="io.cucumber.testng.AbstractTestNGCucumberTests" name="runScenario" time="3.225"/>
  <testcase classname="io.cucumber.testng.AbstractTestNGCucumberTests" name="runScenario" time="3.226"/>
  <testcase classname="io.cucumber.testng.AbstractTestNGCucumberTests" name="runScenario" time="3.299"/>
  <testcase classname="io.cucumber.testng.AbstractTestNGCucumberTests" name="runScenario" time="1.407"/>
  <testcase classname="io.cucumber.testng.AbstractTestNGCucumberTests" name="runScenario" time="5.758"/>
  <testcase classname="io.cucumber.testng.AbstractTestNGCucumberTests" name="runScenario" time="5.604"/>
  <testcase classname="io.cucumber.testng.AbstractTestNGCucumberTests" name="runScenario" time="5.724"/>
  <testcase classname="io.cucumber.testng.AbstractTestNGCucumberTests" name="runScenario" time="5.734"/>
  <testcase classname="io.cucumber.testng.AbstractTestNGCucumberTests" name="runScenario" time="5.852"/>
  <testcase classname="io.cucumber.testng.AbstractTestNGCucumberTests" name="runScenario" time="5.963"/>
  <testcase classname="io.cucumber.testng.AbstractTestNGCucumberTests" name="runScenario" time="5.849"/>
  <testcase classname="io.cucumber.testng.AbstractTestNGCucumberTests" name="runScenario" time="6.04"/>
  <testcase classname="io.cucumber.testng.AbstractTestNGCucumberTests" name="runScenario" time="5.833">
    <failure type="org.junit.ComparisonFailure" message="expected:&amp;lt;[ Practice Questions ]&amp;gt; but was:&amp;lt;[Practice Questions]&amp;gt;">
      <![CDATA[org.junit.ComparisonFailure: expected:<[ Practice Questions ]> but was:<[Practice Questions]>
at org.junit.Assert.assertEquals(Assert.java:117)
at org.junit.Assert.assertEquals(Assert.java:146)
at stepdef.QueuePageStep.user_navigated_to_practise_test_page(QueuePageStep.java:92)
at ✽.User navigated to Practise Test page(file:///C:/Users/golda/git/DsAlgoProject/DsAlgoProject/src/test/resources/Features/FQueue.feature:60)
]]>
    </failure>
  </testcase> <!-- runScenario -->
  <testcase classname="io.cucumber.testng.AbstractTestNGCucumberTests" name="runScenario" time="1.141"/>
  <testcase classname="io.cucumber.testng.AbstractTestNGCucumberTests" name="runScenario" time="1.16"/>
  <testcase classname="io.cucumber.testng.AbstractTestNGCucumberTests" name="runScenario" time="1.131"/>
  <testcase classname="io.cucumber.testng.AbstractTestNGCucumberTests" name="runScenario" time="1.213"/>
  <testcase classname="io.cucumber.testng.AbstractTestNGCucumberTests" name="runScenario" time="5.8"/>
  <testcase classname="io.cucumber.testng.AbstractTestNGCucumberTests" name="runScenario" time="6.168"/>
  <testcase classname="io.cucumber.testng.AbstractTestNGCucumberTests" name="runScenario" time="6.006"/>
  <testcase classname="io.cucumber.testng.AbstractTestNGCucumberTests" name="runScenario" time="5.95"/>
  <testcase classname="io.cucumber.testng.AbstractTestNGCucumberTests" name="runScenario" time="6.026">
    <failure type="java.lang.NullPointerException" message="Cannot invoke &amp;quot;org.openqa.selenium.WebDriver.getTitle()&amp;quot; because &amp;quot;this.driver&amp;quot; is null">
      <![CDATA[java.lang.NullPointerException: Cannot invoke "org.openqa.selenium.WebDriver.getTitle()" because "this.driver" is null
at stepdef.QueuePageStep.user_navigated_to_practise_test_page(QueuePageStep.java:91)
at ✽.User navigated to Practise Test page(file:///C:/Users/golda/git/DsAlgoProject/DsAlgoProject/src/test/resources/Features/MGraph.feature:35)
]]>
    </failure>
  </testcase> <!-- runScenario -->
  <testcase classname="io.cucumber.testng.AbstractTestNGCucumberTests" name="runScenario" time="5.904">
    <failure type="java.lang.NullPointerException" message="Cannot invoke &amp;quot;org.openqa.selenium.WebDriver.getTitle()&amp;quot; because &amp;quot;this.driver&amp;quot; is null">
      <![CDATA[java.lang.NullPointerException: Cannot invoke "org.openqa.selenium.WebDriver.getTitle()" because "this.driver" is null
at stepdef.QueuePageStep.user_navigated_to_practise_test_page(QueuePageStep.java:91)
at ✽.User navigated to Practise Test page(file:///C:/Users/golda/git/DsAlgoProject/DsAlgoProject/src/test/resources/Features/MGraph.feature:41)
]]>
    </failure>
  </testcase> <!-- runScenario -->
  <testcase classname="io.cucumber.testng.AbstractTestNGCucumberTests" name="runScenario" time="0.953">
    <failure type="java.lang.NullPointerException" message="Cannot invoke &amp;quot;util.ExcelReader.getData(String)&amp;quot; because &amp;quot;this.xcelRead&amp;quot; is null">
      <![CDATA[java.lang.NullPointerException: Cannot invoke "util.ExcelReader.getData(String)" because "this.xcelRead" is null
at stepdef.TryEditorPageStep.user_enters_data_from_and(TryEditorPageStep.java:53)
at ✽.User enters data from "Sheet1" and 0(file:///C:/Users/golda/git/DsAlgoProject/DsAlgoProject/src/test/resources/Features/MGraph.feature:48)
]]>
    </failure>
  </testcase> <!-- runScenario -->
  <testcase classname="io.cucumber.testng.AbstractTestNGCucumberTests" name="runScenario" time="1.031">
    <failure type="java.lang.NullPointerException" message="Cannot invoke &amp;quot;util.ExcelReader.getData(String)&amp;quot; because &amp;quot;this.xcelRead&amp;quot; is null">
      <![CDATA[java.lang.NullPointerException: Cannot invoke "util.ExcelReader.getData(String)" because "this.xcelRead" is null
at stepdef.TryEditorPageStep.user_enters_data_from_and(TryEditorPageStep.java:53)
at ✽.User enters data from "Sheet1" and 0(file:///C:/Users/golda/git/DsAlgoProject/DsAlgoProject/src/test/resources/Features/MGraph.feature:61)
]]>
    </failure>
  </testcase> <!-- runScenario -->
</testsuite> <!-- TestChrome -->
