<?xml version="1.0" encoding="UTF-8"?>
<testng-results ignored="0" total="96" passed="79" failed="17" skipped="0">
  <reporter-output>
  </reporter-output>
  <suite started-at="2024-11-23T22:57:07 GMT-05:00" name="Suite" finished-at="2024-11-23T23:02:10 GMT-05:00" duration-ms="303521">
    <groups>
      <group name="cucumber">
        <method signature="AbstractTestNGCucumberTests.runScenario(io.cucumber.testng.PickleWrapper,io.cucumber.testng.FeatureWrapper)[pri:0, instance:runner.DsAlgoTestNGRunner@5e7cd6cc]" name="runScenario" class="io.cucumber.testng.AbstractTestNGCucumberTests"/>
      </group> <!-- cucumber -->
    </groups>
    <test started-at="2024-11-23T22:57:07 GMT-05:00" name="TestChrome" finished-at="2024-11-23T23:02:10 GMT-05:00" duration-ms="303521">
      <class name="runner.DsAlgoTestNGRunner">
        <test-method is-config="true" signature="BeforeClass(java.lang.String)[pri:0, instance:runner.DsAlgoTestNGRunner@5e7cd6cc]" started-at="2024-11-23T22:57:07 GMT-05:00" name="BeforeClass" finished-at="2024-11-23T22:57:07 GMT-05:00" duration-ms="18" status="PASS">
          <params>
            <param index="0">
              <value>
                <![CDATA[chrome]]>
              </value>
            </param>
          </params>
          <reporter-output>
          </reporter-output>
        </test-method> <!-- BeforeClass -->
        <test-method is-config="true" signature="setUpClass(org.testng.ITestContext)[pri:0, instance:runner.DsAlgoTestNGRunner@5e7cd6cc]" started-at="2024-11-23T22:57:07 GMT-05:00" name="setUpClass" finished-at="2024-11-23T22:57:07 GMT-05:00" duration-ms="377" status="PASS">
          <params>
            <param index="0">
              <value>
                <![CDATA[org.testng.TestRunner@5e572b08]]>
              </value>
            </param>
          </params>
          <reporter-output>
          </reporter-output>
        </test-method> <!-- setUpClass -->
        <test-method signature="runScenario(io.cucumber.testng.PickleWrapper,io.cucumber.testng.FeatureWrapper)[pri:0, instance:runner.DsAlgoTestNGRunner@5e7cd6cc]" started-at="2024-11-23T22:57:07 GMT-05:00" name="runScenario" description="Runs Cucumber Scenarios" data-provider="scenarios" finished-at="2024-11-23T22:57:10 GMT-05:00" duration-ms="2958" status="PASS">
          <params>
            <param index="0">
              <value>
                <![CDATA["Check the Register Link"]]>
              </value>
            </param>
            <param index="1">
              <value>
                <![CDATA["feature to test the home page"]]>
              </value>
            </param>
          </params>
          <reporter-output>
          </reporter-output>
        </test-method> <!-- runScenario -->
        <test-method signature="runScenario(io.cucumber.testng.PickleWrapper,io.cucumber.testng.FeatureWrapper)[pri:0, instance:runner.DsAlgoTestNGRunner@5e7cd6cc]" started-at="2024-11-23T22:57:10 GMT-05:00" name="runScenario" description="Runs Cucumber Scenarios" data-provider="scenarios" finished-at="2024-11-23T22:57:14 GMT-05:00" duration-ms="4208" status="PASS">
          <params>
            <param index="0">
              <value>
                <![CDATA["Test the Registration Page"]]>
              </value>
            </param>
            <param index="1">
              <value>
                <![CDATA["feature to test the home page"]]>
              </value>
            </param>
          </params>
          <reporter-output>
          </reporter-output>
        </test-method> <!-- runScenario -->
        <test-method signature="runScenario(io.cucumber.testng.PickleWrapper,io.cucumber.testng.FeatureWrapper)[pri:0, instance:runner.DsAlgoTestNGRunner@5e7cd6cc]" started-at="2024-11-23T22:57:14 GMT-05:00" name="runScenario" description="Runs Cucumber Scenarios" data-provider="scenarios" finished-at="2024-11-23T22:57:18 GMT-05:00" duration-ms="3458" status="PASS">
          <params>
            <param index="0">
              <value>
                <![CDATA["Test the Registration Page"]]>
              </value>
            </param>
            <param index="1">
              <value>
                <![CDATA["feature to test the home page"]]>
              </value>
            </param>
          </params>
          <reporter-output>
          </reporter-output>
        </test-method> <!-- runScenario -->
        <test-method signature="runScenario(io.cucumber.testng.PickleWrapper,io.cucumber.testng.FeatureWrapper)[pri:0, instance:runner.DsAlgoTestNGRunner@5e7cd6cc]" started-at="2024-11-23T22:57:18 GMT-05:00" name="runScenario" description="Runs Cucumber Scenarios" data-provider="scenarios" finished-at="2024-11-23T22:57:21 GMT-05:00" duration-ms="3366" status="PASS">
          <params>
            <param index="0">
              <value>
                <![CDATA["Test the Registration Page"]]>
              </value>
            </param>
            <param index="1">
              <value>
                <![CDATA["feature to test the home page"]]>
              </value>
            </param>
          </params>
          <reporter-output>
          </reporter-output>
        </test-method> <!-- runScenario -->
        <test-method signature="runScenario(io.cucumber.testng.PickleWrapper,io.cucumber.testng.FeatureWrapper)[pri:0, instance:runner.DsAlgoTestNGRunner@5e7cd6cc]" started-at="2024-11-23T22:57:21 GMT-05:00" name="runScenario" description="Runs Cucumber Scenarios" data-provider="scenarios" finished-at="2024-11-23T22:57:24 GMT-05:00" duration-ms="3329" status="PASS">
          <params>
            <param index="0">
              <value>
                <![CDATA["Check the Sign in Link"]]>
              </value>
            </param>
            <param index="1">
              <value>
                <![CDATA["feature to test the home page"]]>
              </value>
            </param>
          </params>
          <reporter-output>
          </reporter-output>
        </test-method> <!-- runScenario -->
        <test-method signature="runScenario(io.cucumber.testng.PickleWrapper,io.cucumber.testng.FeatureWrapper)[pri:0, instance:runner.DsAlgoTestNGRunner@5e7cd6cc]" started-at="2024-11-23T22:57:24 GMT-05:00" name="runScenario" description="Runs Cucumber Scenarios" data-provider="scenarios" finished-at="2024-11-23T22:57:26 GMT-05:00" duration-ms="1470" status="PASS">
          <params>
            <param index="0">
              <value>
                <![CDATA["Check login  with valid credentials."]]>
              </value>
            </param>
            <param index="1">
              <value>
                <![CDATA["feature to test the home page"]]>
              </value>
            </param>
          </params>
          <reporter-output>
          </reporter-output>
        </test-method> <!-- runScenario -->
        <test-method signature="runScenario(io.cucumber.testng.PickleWrapper,io.cucumber.testng.FeatureWrapper)[pri:0, instance:runner.DsAlgoTestNGRunner@5e7cd6cc]" started-at="2024-11-23T22:57:26 GMT-05:00" name="runScenario" description="Runs Cucumber Scenarios" data-provider="scenarios" finished-at="2024-11-23T22:57:27 GMT-05:00" duration-ms="1464" status="PASS">
          <params>
            <param index="0">
              <value>
                <![CDATA["Check login  with valid credentials."]]>
              </value>
            </param>
            <param index="1">
              <value>
                <![CDATA["feature to test the home page"]]>
              </value>
            </param>
          </params>
          <reporter-output>
          </reporter-output>
        </test-method> <!-- runScenario -->
        <test-method signature="runScenario(io.cucumber.testng.PickleWrapper,io.cucumber.testng.FeatureWrapper)[pri:0, instance:runner.DsAlgoTestNGRunner@5e7cd6cc]" started-at="2024-11-23T22:57:27 GMT-05:00" name="runScenario" description="Runs Cucumber Scenarios" data-provider="scenarios" finished-at="2024-11-23T22:57:29 GMT-05:00" duration-ms="1541" status="PASS">
          <params>
            <param index="0">
              <value>
                <![CDATA["Check login  with valid credentials."]]>
              </value>
            </param>
            <param index="1">
              <value>
                <![CDATA["feature to test the home page"]]>
              </value>
            </param>
          </params>
          <reporter-output>
          </reporter-output>
        </test-method> <!-- runScenario -->
        <test-method signature="runScenario(io.cucumber.testng.PickleWrapper,io.cucumber.testng.FeatureWrapper)[pri:0, instance:runner.DsAlgoTestNGRunner@5e7cd6cc]" started-at="2024-11-23T22:57:29 GMT-05:00" name="runScenario" description="Runs Cucumber Scenarios" data-provider="scenarios" finished-at="2024-11-23T22:57:31 GMT-05:00" duration-ms="2400" status="PASS">
          <params>
            <param index="0">
              <value>
                <![CDATA["Check get started button of Data Structure - intro tab."]]>
              </value>
            </param>
            <param index="1">
              <value>
                <![CDATA["feature to test the home page"]]>
              </value>
            </param>
          </params>
          <reporter-output>
          </reporter-output>
        </test-method> <!-- runScenario -->
        <test-method signature="runScenario(io.cucumber.testng.PickleWrapper,io.cucumber.testng.FeatureWrapper)[pri:0, instance:runner.DsAlgoTestNGRunner@5e7cd6cc]" started-at="2024-11-23T22:57:31 GMT-05:00" name="runScenario" description="Runs Cucumber Scenarios" data-provider="scenarios" finished-at="2024-11-23T22:57:32 GMT-05:00" duration-ms="492" status="PASS">
          <params>
            <param index="0">
              <value>
                <![CDATA["Check get started button of Array tab."]]>
              </value>
            </param>
            <param index="1">
              <value>
                <![CDATA["feature to test the home page"]]>
              </value>
            </param>
          </params>
          <reporter-output>
          </reporter-output>
        </test-method> <!-- runScenario -->
        <test-method signature="runScenario(io.cucumber.testng.PickleWrapper,io.cucumber.testng.FeatureWrapper)[pri:0, instance:runner.DsAlgoTestNGRunner@5e7cd6cc]" started-at="2024-11-23T22:57:32 GMT-05:00" name="runScenario" description="Runs Cucumber Scenarios" data-provider="scenarios" finished-at="2024-11-23T22:57:32 GMT-05:00" duration-ms="470" status="PASS">
          <params>
            <param index="0">
              <value>
                <![CDATA["Check get started button of Linked List tab."]]>
              </value>
            </param>
            <param index="1">
              <value>
                <![CDATA["feature to test the home page"]]>
              </value>
            </param>
          </params>
          <reporter-output>
          </reporter-output>
        </test-method> <!-- runScenario -->
        <test-method signature="runScenario(io.cucumber.testng.PickleWrapper,io.cucumber.testng.FeatureWrapper)[pri:0, instance:runner.DsAlgoTestNGRunner@5e7cd6cc]" started-at="2024-11-23T22:57:32 GMT-05:00" name="runScenario" description="Runs Cucumber Scenarios" data-provider="scenarios" finished-at="2024-11-23T22:57:33 GMT-05:00" duration-ms="403" status="PASS">
          <params>
            <param index="0">
              <value>
                <![CDATA["Check get started button of Stack  tab."]]>
              </value>
            </param>
            <param index="1">
              <value>
                <![CDATA["feature to test the home page"]]>
              </value>
            </param>
          </params>
          <reporter-output>
          </reporter-output>
        </test-method> <!-- runScenario -->
        <test-method signature="runScenario(io.cucumber.testng.PickleWrapper,io.cucumber.testng.FeatureWrapper)[pri:0, instance:runner.DsAlgoTestNGRunner@5e7cd6cc]" started-at="2024-11-23T22:57:33 GMT-05:00" name="runScenario" description="Runs Cucumber Scenarios" data-provider="scenarios" finished-at="2024-11-23T22:57:33 GMT-05:00" duration-ms="375" status="PASS">
          <params>
            <param index="0">
              <value>
                <![CDATA["Check get started button of Queue tab."]]>
              </value>
            </param>
            <param index="1">
              <value>
                <![CDATA["feature to test the home page"]]>
              </value>
            </param>
          </params>
          <reporter-output>
          </reporter-output>
        </test-method> <!-- runScenario -->
        <test-method signature="runScenario(io.cucumber.testng.PickleWrapper,io.cucumber.testng.FeatureWrapper)[pri:0, instance:runner.DsAlgoTestNGRunner@5e7cd6cc]" started-at="2024-11-23T22:57:33 GMT-05:00" name="runScenario" description="Runs Cucumber Scenarios" data-provider="scenarios" finished-at="2024-11-23T22:57:33 GMT-05:00" duration-ms="394" status="PASS">
          <params>
            <param index="0">
              <value>
                <![CDATA["Check get started button of tree tab."]]>
              </value>
            </param>
            <param index="1">
              <value>
                <![CDATA["feature to test the home page"]]>
              </value>
            </param>
          </params>
          <reporter-output>
          </reporter-output>
        </test-method> <!-- runScenario -->
        <test-method signature="runScenario(io.cucumber.testng.PickleWrapper,io.cucumber.testng.FeatureWrapper)[pri:0, instance:runner.DsAlgoTestNGRunner@5e7cd6cc]" started-at="2024-11-23T22:57:33 GMT-05:00" name="runScenario" description="Runs Cucumber Scenarios" data-provider="scenarios" finished-at="2024-11-23T22:57:39 GMT-05:00" duration-ms="5542" status="PASS">
          <params>
            <param index="0">
              <value>
                <![CDATA["Check get started button of graph tab."]]>
              </value>
            </param>
            <param index="1">
              <value>
                <![CDATA["feature to test the home page"]]>
              </value>
            </param>
          </params>
          <reporter-output>
          </reporter-output>
        </test-method> <!-- runScenario -->
        <test-method signature="runScenario(io.cucumber.testng.PickleWrapper,io.cucumber.testng.FeatureWrapper)[pri:0, instance:runner.DsAlgoTestNGRunner@5e7cd6cc]" started-at="2024-11-23T22:57:39 GMT-05:00" name="runScenario" description="Runs Cucumber Scenarios" data-provider="scenarios" finished-at="2024-11-23T22:57:42 GMT-05:00" duration-ms="2658" status="PASS">
          <params>
            <param index="0">
              <value>
                <![CDATA["Test Tree Overview Trees link"]]>
              </value>
            </param>
            <param index="1">
              <value>
                <![CDATA["Test Tree page"]]>
              </value>
            </param>
          </params>
          <reporter-output>
          </reporter-output>
        </test-method> <!-- runScenario -->
        <test-method signature="runScenario(io.cucumber.testng.PickleWrapper,io.cucumber.testng.FeatureWrapper)[pri:0, instance:runner.DsAlgoTestNGRunner@5e7cd6cc]" started-at="2024-11-23T22:57:42 GMT-05:00" name="runScenario" description="Runs Cucumber Scenarios" data-provider="scenarios" finished-at="2024-11-23T22:57:44 GMT-05:00" duration-ms="2678" status="PASS">
          <params>
            <param index="0">
              <value>
                <![CDATA["Test Tree Terminologies link"]]>
              </value>
            </param>
            <param index="1">
              <value>
                <![CDATA["Test Tree page"]]>
              </value>
            </param>
          </params>
          <reporter-output>
          </reporter-output>
        </test-method> <!-- runScenario -->
        <test-method signature="runScenario(io.cucumber.testng.PickleWrapper,io.cucumber.testng.FeatureWrapper)[pri:0, instance:runner.DsAlgoTestNGRunner@5e7cd6cc]" started-at="2024-11-23T22:57:44 GMT-05:00" name="runScenario" description="Runs Cucumber Scenarios" data-provider="scenarios" finished-at="2024-11-23T22:57:47 GMT-05:00" duration-ms="2662" status="PASS">
          <params>
            <param index="0">
              <value>
                <![CDATA["Test Tree Types Trees link"]]>
              </value>
            </param>
            <param index="1">
              <value>
                <![CDATA["Test Tree page"]]>
              </value>
            </param>
          </params>
          <reporter-output>
          </reporter-output>
        </test-method> <!-- runScenario -->
        <test-method signature="runScenario(io.cucumber.testng.PickleWrapper,io.cucumber.testng.FeatureWrapper)[pri:0, instance:runner.DsAlgoTestNGRunner@5e7cd6cc]" started-at="2024-11-23T22:57:47 GMT-05:00" name="runScenario" description="Runs Cucumber Scenarios" data-provider="scenarios" finished-at="2024-11-23T22:57:50 GMT-05:00" duration-ms="2628" status="PASS">
          <params>
            <param index="0">
              <value>
                <![CDATA["Test Tree Traversals link"]]>
              </value>
            </param>
            <param index="1">
              <value>
                <![CDATA["Test Tree page"]]>
              </value>
            </param>
          </params>
          <reporter-output>
          </reporter-output>
        </test-method> <!-- runScenario -->
        <test-method signature="runScenario(io.cucumber.testng.PickleWrapper,io.cucumber.testng.FeatureWrapper)[pri:0, instance:runner.DsAlgoTestNGRunner@5e7cd6cc]" started-at="2024-11-23T22:57:50 GMT-05:00" name="runScenario" description="Runs Cucumber Scenarios" data-provider="scenarios" finished-at="2024-11-23T22:57:52 GMT-05:00" duration-ms="2683" status="PASS">
          <params>
            <param index="0">
              <value>
                <![CDATA["Test Tree illustration link"]]>
              </value>
            </param>
            <param index="1">
              <value>
                <![CDATA["Test Tree page"]]>
              </value>
            </param>
          </params>
          <reporter-output>
          </reporter-output>
        </test-method> <!-- runScenario -->
        <test-method signature="runScenario(io.cucumber.testng.PickleWrapper,io.cucumber.testng.FeatureWrapper)[pri:0, instance:runner.DsAlgoTestNGRunner@5e7cd6cc]" started-at="2024-11-23T22:57:52 GMT-05:00" name="runScenario" description="Runs Cucumber Scenarios" data-provider="scenarios" finished-at="2024-11-23T22:57:55 GMT-05:00" duration-ms="2691" status="PASS">
          <params>
            <param index="0">
              <value>
                <![CDATA["Test Tree Binary Trees link"]]>
              </value>
            </param>
            <param index="1">
              <value>
                <![CDATA["Test Tree page"]]>
              </value>
            </param>
          </params>
          <reporter-output>
          </reporter-output>
        </test-method> <!-- runScenario -->
        <test-method signature="runScenario(io.cucumber.testng.PickleWrapper,io.cucumber.testng.FeatureWrapper)[pri:0, instance:runner.DsAlgoTestNGRunner@5e7cd6cc]" started-at="2024-11-23T22:57:55 GMT-05:00" name="runScenario" description="Runs Cucumber Scenarios" data-provider="scenarios" finished-at="2024-11-23T22:57:58 GMT-05:00" duration-ms="2943" status="PASS">
          <params>
            <param index="0">
              <value>
                <![CDATA["Test Tree Types Binary Trees link"]]>
              </value>
            </param>
            <param index="1">
              <value>
                <![CDATA["Test Tree page"]]>
              </value>
            </param>
          </params>
          <reporter-output>
          </reporter-output>
        </test-method> <!-- runScenario -->
        <test-method signature="runScenario(io.cucumber.testng.PickleWrapper,io.cucumber.testng.FeatureWrapper)[pri:0, instance:runner.DsAlgoTestNGRunner@5e7cd6cc]" started-at="2024-11-23T22:57:58 GMT-05:00" name="runScenario" description="Runs Cucumber Scenarios" data-provider="scenarios" finished-at="2024-11-23T22:58:11 GMT-05:00" duration-ms="12696" status="PASS">
          <params>
            <param index="0">
              <value>
                <![CDATA["Test Tree Impl Python link"]]>
              </value>
            </param>
            <param index="1">
              <value>
                <![CDATA["Test Tree page"]]>
              </value>
            </param>
          </params>
          <reporter-output>
          </reporter-output>
        </test-method> <!-- runScenario -->
        <test-method signature="runScenario(io.cucumber.testng.PickleWrapper,io.cucumber.testng.FeatureWrapper)[pri:0, instance:runner.DsAlgoTestNGRunner@5e7cd6cc]" started-at="2024-11-23T22:58:11 GMT-05:00" name="runScenario" description="Runs Cucumber Scenarios" data-provider="scenarios" finished-at="2024-11-23T22:58:13 GMT-05:00" duration-ms="2695" status="PASS">
          <params>
            <param index="0">
              <value>
                <![CDATA["Test Tree Binary Traversals link"]]>
              </value>
            </param>
            <param index="1">
              <value>
                <![CDATA["Test Tree page"]]>
              </value>
            </param>
          </params>
          <reporter-output>
          </reporter-output>
        </test-method> <!-- runScenario -->
        <test-method signature="runScenario(io.cucumber.testng.PickleWrapper,io.cucumber.testng.FeatureWrapper)[pri:0, instance:runner.DsAlgoTestNGRunner@5e7cd6cc]" started-at="2024-11-23T22:58:13 GMT-05:00" name="runScenario" description="Runs Cucumber Scenarios" data-provider="scenarios" finished-at="2024-11-23T22:58:16 GMT-05:00" duration-ms="2723" status="PASS">
          <params>
            <param index="0">
              <value>
                <![CDATA["Test Tree Impl Binary Trees link"]]>
              </value>
            </param>
            <param index="1">
              <value>
                <![CDATA["Test Tree page"]]>
              </value>
            </param>
          </params>
          <reporter-output>
          </reporter-output>
        </test-method> <!-- runScenario -->
        <test-method signature="runScenario(io.cucumber.testng.PickleWrapper,io.cucumber.testng.FeatureWrapper)[pri:0, instance:runner.DsAlgoTestNGRunner@5e7cd6cc]" started-at="2024-11-23T22:58:16 GMT-05:00" name="runScenario" description="Runs Cucumber Scenarios" data-provider="scenarios" finished-at="2024-11-23T22:58:19 GMT-05:00" duration-ms="2573" status="PASS">
          <params>
            <param index="0">
              <value>
                <![CDATA["Test Tree Application Binary Tree link"]]>
              </value>
            </param>
            <param index="1">
              <value>
                <![CDATA["Test Tree page"]]>
              </value>
            </param>
          </params>
          <reporter-output>
          </reporter-output>
        </test-method> <!-- runScenario -->
        <test-method signature="runScenario(io.cucumber.testng.PickleWrapper,io.cucumber.testng.FeatureWrapper)[pri:0, instance:runner.DsAlgoTestNGRunner@5e7cd6cc]" started-at="2024-11-23T22:58:19 GMT-05:00" name="runScenario" description="Runs Cucumber Scenarios" data-provider="scenarios" finished-at="2024-11-23T22:58:21 GMT-05:00" duration-ms="2977" status="PASS">
          <params>
            <param index="0">
              <value>
                <![CDATA["Test Tree Binary Search link"]]>
              </value>
            </param>
            <param index="1">
              <value>
                <![CDATA["Test Tree page"]]>
              </value>
            </param>
          </params>
          <reporter-output>
          </reporter-output>
        </test-method> <!-- runScenario -->
        <test-method signature="runScenario(io.cucumber.testng.PickleWrapper,io.cucumber.testng.FeatureWrapper)[pri:0, instance:runner.DsAlgoTestNGRunner@5e7cd6cc]" started-at="2024-11-23T22:58:21 GMT-05:00" name="runScenario" description="Runs Cucumber Scenarios" data-provider="scenarios" finished-at="2024-11-23T22:58:24 GMT-05:00" duration-ms="2562" status="PASS">
          <params>
            <param index="0">
              <value>
                <![CDATA["Test Tree Impl Binary Search link"]]>
              </value>
            </param>
            <param index="1">
              <value>
                <![CDATA["Test Tree page"]]>
              </value>
            </param>
          </params>
          <reporter-output>
          </reporter-output>
        </test-method> <!-- runScenario -->
        <test-method signature="runScenario(io.cucumber.testng.PickleWrapper,io.cucumber.testng.FeatureWrapper)[pri:0, instance:runner.DsAlgoTestNGRunner@5e7cd6cc]" started-at="2024-11-23T22:58:24 GMT-05:00" name="runScenario" description="Runs Cucumber Scenarios" data-provider="scenarios" finished-at="2024-11-23T22:58:27 GMT-05:00" duration-ms="2861" status="PASS">
          <params>
            <param index="0">
              <value>
                <![CDATA["Test  Overview Overview Trees link"]]>
              </value>
            </param>
            <param index="1">
              <value>
                <![CDATA["Test Tree page"]]>
              </value>
            </param>
          </params>
          <reporter-output>
          </reporter-output>
        </test-method> <!-- runScenario -->
        <test-method signature="runScenario(io.cucumber.testng.PickleWrapper,io.cucumber.testng.FeatureWrapper)[pri:0, instance:runner.DsAlgoTestNGRunner@5e7cd6cc]" started-at="2024-11-23T22:58:27 GMT-05:00" name="runScenario" description="Runs Cucumber Scenarios" data-provider="scenarios" finished-at="2024-11-23T22:58:30 GMT-05:00" duration-ms="2803" status="PASS">
          <params>
            <param index="0">
              <value>
                <![CDATA["Test Overview Terminologies link"]]>
              </value>
            </param>
            <param index="1">
              <value>
                <![CDATA["Test Tree page"]]>
              </value>
            </param>
          </params>
          <reporter-output>
          </reporter-output>
        </test-method> <!-- runScenario -->
        <test-method signature="runScenario(io.cucumber.testng.PickleWrapper,io.cucumber.testng.FeatureWrapper)[pri:0, instance:runner.DsAlgoTestNGRunner@5e7cd6cc]" started-at="2024-11-23T22:58:30 GMT-05:00" name="runScenario" description="Runs Cucumber Scenarios" data-provider="scenarios" finished-at="2024-11-23T22:58:33 GMT-05:00" duration-ms="2890" status="PASS">
          <params>
            <param index="0">
              <value>
                <![CDATA["Test Overview Types Trees link"]]>
              </value>
            </param>
            <param index="1">
              <value>
                <![CDATA["Test Tree page"]]>
              </value>
            </param>
          </params>
          <reporter-output>
          </reporter-output>
        </test-method> <!-- runScenario -->
        <test-method signature="runScenario(io.cucumber.testng.PickleWrapper,io.cucumber.testng.FeatureWrapper)[pri:0, instance:runner.DsAlgoTestNGRunner@5e7cd6cc]" started-at="2024-11-23T22:58:33 GMT-05:00" name="runScenario" description="Runs Cucumber Scenarios" data-provider="scenarios" finished-at="2024-11-23T22:58:36 GMT-05:00" duration-ms="2888" status="PASS">
          <params>
            <param index="0">
              <value>
                <![CDATA["Test Overview Traversals link"]]>
              </value>
            </param>
            <param index="1">
              <value>
                <![CDATA["Test Tree page"]]>
              </value>
            </param>
          </params>
          <reporter-output>
          </reporter-output>
        </test-method> <!-- runScenario -->
        <test-method signature="runScenario(io.cucumber.testng.PickleWrapper,io.cucumber.testng.FeatureWrapper)[pri:0, instance:runner.DsAlgoTestNGRunner@5e7cd6cc]" started-at="2024-11-23T22:58:36 GMT-05:00" name="runScenario" description="Runs Cucumber Scenarios" data-provider="scenarios" finished-at="2024-11-23T22:58:38 GMT-05:00" duration-ms="2919" status="PASS">
          <params>
            <param index="0">
              <value>
                <![CDATA["Test Overview illustration link"]]>
              </value>
            </param>
            <param index="1">
              <value>
                <![CDATA["Test Tree page"]]>
              </value>
            </param>
          </params>
          <reporter-output>
          </reporter-output>
        </test-method> <!-- runScenario -->
        <test-method signature="runScenario(io.cucumber.testng.PickleWrapper,io.cucumber.testng.FeatureWrapper)[pri:0, instance:runner.DsAlgoTestNGRunner@5e7cd6cc]" started-at="2024-11-23T22:58:38 GMT-05:00" name="runScenario" description="Runs Cucumber Scenarios" data-provider="scenarios" finished-at="2024-11-23T22:58:41 GMT-05:00" duration-ms="2871" status="PASS">
          <params>
            <param index="0">
              <value>
                <![CDATA["Test Overview Binary Trees link"]]>
              </value>
            </param>
            <param index="1">
              <value>
                <![CDATA["Test Tree page"]]>
              </value>
            </param>
          </params>
          <reporter-output>
          </reporter-output>
        </test-method> <!-- runScenario -->
        <test-method signature="runScenario(io.cucumber.testng.PickleWrapper,io.cucumber.testng.FeatureWrapper)[pri:0, instance:runner.DsAlgoTestNGRunner@5e7cd6cc]" started-at="2024-11-23T22:58:41 GMT-05:00" name="runScenario" description="Runs Cucumber Scenarios" data-provider="scenarios" finished-at="2024-11-23T22:58:44 GMT-05:00" duration-ms="2922" status="PASS">
          <params>
            <param index="0">
              <value>
                <![CDATA["Test Overview Types Binary Trees link"]]>
              </value>
            </param>
            <param index="1">
              <value>
                <![CDATA["Test Tree page"]]>
              </value>
            </param>
          </params>
          <reporter-output>
          </reporter-output>
        </test-method> <!-- runScenario -->
        <test-method signature="runScenario(io.cucumber.testng.PickleWrapper,io.cucumber.testng.FeatureWrapper)[pri:0, instance:runner.DsAlgoTestNGRunner@5e7cd6cc]" started-at="2024-11-23T22:58:44 GMT-05:00" name="runScenario" description="Runs Cucumber Scenarios" data-provider="scenarios" finished-at="2024-11-23T22:58:47 GMT-05:00" duration-ms="2991" status="PASS">
          <params>
            <param index="0">
              <value>
                <![CDATA["Test Overview Impl Python link"]]>
              </value>
            </param>
            <param index="1">
              <value>
                <![CDATA["Test Tree page"]]>
              </value>
            </param>
          </params>
          <reporter-output>
          </reporter-output>
        </test-method> <!-- runScenario -->
        <test-method signature="runScenario(io.cucumber.testng.PickleWrapper,io.cucumber.testng.FeatureWrapper)[pri:0, instance:runner.DsAlgoTestNGRunner@5e7cd6cc]" started-at="2024-11-23T22:58:47 GMT-05:00" name="runScenario" description="Runs Cucumber Scenarios" data-provider="scenarios" finished-at="2024-11-23T22:58:50 GMT-05:00" duration-ms="3011" status="PASS">
          <params>
            <param index="0">
              <value>
                <![CDATA["Test Overview Binary Traversals link"]]>
              </value>
            </param>
            <param index="1">
              <value>
                <![CDATA["Test Tree page"]]>
              </value>
            </param>
          </params>
          <reporter-output>
          </reporter-output>
        </test-method> <!-- runScenario -->
        <test-method signature="runScenario(io.cucumber.testng.PickleWrapper,io.cucumber.testng.FeatureWrapper)[pri:0, instance:runner.DsAlgoTestNGRunner@5e7cd6cc]" started-at="2024-11-23T22:58:50 GMT-05:00" name="runScenario" description="Runs Cucumber Scenarios" data-provider="scenarios" finished-at="2024-11-23T22:58:53 GMT-05:00" duration-ms="2997" status="PASS">
          <params>
            <param index="0">
              <value>
                <![CDATA["Test Overview Impl Binary Trees link"]]>
              </value>
            </param>
            <param index="1">
              <value>
                <![CDATA["Test Tree page"]]>
              </value>
            </param>
          </params>
          <reporter-output>
          </reporter-output>
        </test-method> <!-- runScenario -->
        <test-method signature="runScenario(io.cucumber.testng.PickleWrapper,io.cucumber.testng.FeatureWrapper)[pri:0, instance:runner.DsAlgoTestNGRunner@5e7cd6cc]" started-at="2024-11-23T22:58:53 GMT-05:00" name="runScenario" description="Runs Cucumber Scenarios" data-provider="scenarios" finished-at="2024-11-23T22:58:56 GMT-05:00" duration-ms="3161" status="PASS">
          <params>
            <param index="0">
              <value>
                <![CDATA["Test Overview Application Binary Tree link"]]>
              </value>
            </param>
            <param index="1">
              <value>
                <![CDATA["Test Tree page"]]>
              </value>
            </param>
          </params>
          <reporter-output>
          </reporter-output>
        </test-method> <!-- runScenario -->
        <test-method signature="runScenario(io.cucumber.testng.PickleWrapper,io.cucumber.testng.FeatureWrapper)[pri:0, instance:runner.DsAlgoTestNGRunner@5e7cd6cc]" started-at="2024-11-23T22:58:56 GMT-05:00" name="runScenario" description="Runs Cucumber Scenarios" data-provider="scenarios" finished-at="2024-11-23T22:58:59 GMT-05:00" duration-ms="3106" status="PASS">
          <params>
            <param index="0">
              <value>
                <![CDATA["Test Overview Binary Search link"]]>
              </value>
            </param>
            <param index="1">
              <value>
                <![CDATA["Test Tree page"]]>
              </value>
            </param>
          </params>
          <reporter-output>
          </reporter-output>
        </test-method> <!-- runScenario -->
        <test-method signature="runScenario(io.cucumber.testng.PickleWrapper,io.cucumber.testng.FeatureWrapper)[pri:0, instance:runner.DsAlgoTestNGRunner@5e7cd6cc]" started-at="2024-11-23T22:58:59 GMT-05:00" name="runScenario" description="Runs Cucumber Scenarios" data-provider="scenarios" finished-at="2024-11-23T22:59:03 GMT-05:00" duration-ms="3130" status="PASS">
          <params>
            <param index="0">
              <value>
                <![CDATA["Test Overview Impl Binary Search link"]]>
              </value>
            </param>
            <param index="1">
              <value>
                <![CDATA["Test Tree page"]]>
              </value>
            </param>
          </params>
          <reporter-output>
          </reporter-output>
        </test-method> <!-- runScenario -->
        <test-method signature="runScenario(io.cucumber.testng.PickleWrapper,io.cucumber.testng.FeatureWrapper)[pri:0, instance:runner.DsAlgoTestNGRunner@5e7cd6cc]" started-at="2024-11-23T22:59:03 GMT-05:00" name="runScenario" description="Runs Cucumber Scenarios" data-provider="scenarios" finished-at="2024-11-23T22:59:04 GMT-05:00" duration-ms="1257" status="PASS">
          <params>
            <param index="0">
              <value>
                <![CDATA["Test Overview Impl Practice Question link"]]>
              </value>
            </param>
            <param index="1">
              <value>
                <![CDATA["Test Tree page"]]>
              </value>
            </param>
          </params>
          <reporter-output>
          </reporter-output>
        </test-method> <!-- runScenario -->
        <test-method signature="runScenario(io.cucumber.testng.PickleWrapper,io.cucumber.testng.FeatureWrapper)[pri:0, instance:runner.DsAlgoTestNGRunner@5e7cd6cc]" started-at="2024-11-23T22:59:04 GMT-05:00" name="runScenario" description="Runs Cucumber Scenarios" data-provider="scenarios" finished-at="2024-11-23T22:59:05 GMT-05:00" duration-ms="727" status="FAIL">
          <params>
            <param index="0">
              <value>
                <![CDATA[""]]>
              </value>
            </param>
            <param index="1">
              <value>
                <![CDATA["Test Tree page"]]>
              </value>
            </param>
          </params>
          <exception class="java.lang.NullPointerException">
            <message>
              <![CDATA[Cannot invoke "pageobject.LinkedListPageObject.click_Intro_tryhere()" because "this.llPageObject" is null]]>
            </message>
            <full-stacktrace>
              <![CDATA[java.lang.NullPointerException: Cannot invoke "pageobject.LinkedListPageObject.click_Intro_tryhere()" because "this.llPageObject" is null
at stepdef.LinkedListPageStep.user_clicks_on_sub_try_here_link(LinkedListPageStep.java:219)
at ✽.User clicks on sub Try Here link(file:///C:/Users/golda/git/DsAlgoProject/DsAlgoProject/src/test/resources/Features/BGTree.feature:177)
]]>
            </full-stacktrace>
          </exception> <!-- java.lang.NullPointerException -->
          <reporter-output>
          </reporter-output>
        </test-method> <!-- runScenario -->
        <test-method signature="runScenario(io.cucumber.testng.PickleWrapper,io.cucumber.testng.FeatureWrapper)[pri:0, instance:runner.DsAlgoTestNGRunner@5e7cd6cc]" started-at="2024-11-23T22:59:05 GMT-05:00" name="runScenario" description="Runs Cucumber Scenarios" data-provider="scenarios" finished-at="2024-11-23T22:59:05 GMT-05:00" duration-ms="734" status="FAIL">
          <params>
            <param index="0">
              <value>
                <![CDATA[""]]>
              </value>
            </param>
            <param index="1">
              <value>
                <![CDATA["Test Tree page"]]>
              </value>
            </param>
          </params>
          <exception class="java.lang.NullPointerException">
            <message>
              <![CDATA[Cannot invoke "pageobject.LinkedListPageObject.click_Intro_tryhere()" because "this.llPageObject" is null]]>
            </message>
            <full-stacktrace>
              <![CDATA[java.lang.NullPointerException: Cannot invoke "pageobject.LinkedListPageObject.click_Intro_tryhere()" because "this.llPageObject" is null
at stepdef.LinkedListPageStep.user_clicks_on_sub_try_here_link(LinkedListPageStep.java:219)
at ✽.User clicks on sub Try Here link(file:///C:/Users/golda/git/DsAlgoProject/DsAlgoProject/src/test/resources/Features/BGTree.feature:191)
]]>
            </full-stacktrace>
          </exception> <!-- java.lang.NullPointerException -->
          <reporter-output>
          </reporter-output>
        </test-method> <!-- runScenario -->
        <test-method signature="runScenario(io.cucumber.testng.PickleWrapper,io.cucumber.testng.FeatureWrapper)[pri:0, instance:runner.DsAlgoTestNGRunner@5e7cd6cc]" started-at="2024-11-23T22:59:05 GMT-05:00" name="runScenario" description="Runs Cucumber Scenarios" data-provider="scenarios" finished-at="2024-11-23T22:59:06 GMT-05:00" duration-ms="765" status="FAIL">
          <params>
            <param index="0">
              <value>
                <![CDATA[""]]>
              </value>
            </param>
            <param index="1">
              <value>
                <![CDATA["Test Tree page"]]>
              </value>
            </param>
          </params>
          <exception class="java.lang.NullPointerException">
            <message>
              <![CDATA[Cannot invoke "pageobject.LinkedListPageObject.click_Intro_tryhere()" because "this.llPageObject" is null]]>
            </message>
            <full-stacktrace>
              <![CDATA[java.lang.NullPointerException: Cannot invoke "pageobject.LinkedListPageObject.click_Intro_tryhere()" because "this.llPageObject" is null
at stepdef.LinkedListPageStep.user_clicks_on_sub_try_here_link(LinkedListPageStep.java:219)
at ✽.User clicks on sub Try Here link(file:///C:/Users/golda/git/DsAlgoProject/DsAlgoProject/src/test/resources/Features/BGTree.feature:205)
]]>
            </full-stacktrace>
          </exception> <!-- java.lang.NullPointerException -->
          <reporter-output>
          </reporter-output>
        </test-method> <!-- runScenario -->
        <test-method signature="runScenario(io.cucumber.testng.PickleWrapper,io.cucumber.testng.FeatureWrapper)[pri:0, instance:runner.DsAlgoTestNGRunner@5e7cd6cc]" started-at="2024-11-23T22:59:06 GMT-05:00" name="runScenario" description="Runs Cucumber Scenarios" data-provider="scenarios" finished-at="2024-11-23T22:59:07 GMT-05:00" duration-ms="867" status="FAIL">
          <params>
            <param index="0">
              <value>
                <![CDATA[""]]>
              </value>
            </param>
            <param index="1">
              <value>
                <![CDATA["Test Tree page"]]>
              </value>
            </param>
          </params>
          <exception class="java.lang.NullPointerException">
            <message>
              <![CDATA[Cannot invoke "pageobject.LinkedListPageObject.click_Intro_tryhere()" because "this.llPageObject" is null]]>
            </message>
            <full-stacktrace>
              <![CDATA[java.lang.NullPointerException: Cannot invoke "pageobject.LinkedListPageObject.click_Intro_tryhere()" because "this.llPageObject" is null
at stepdef.LinkedListPageStep.user_clicks_on_sub_try_here_link(LinkedListPageStep.java:219)
at ✽.User clicks on sub Try Here link(file:///C:/Users/golda/git/DsAlgoProject/DsAlgoProject/src/test/resources/Features/BGTree.feature:220)
]]>
            </full-stacktrace>
          </exception> <!-- java.lang.NullPointerException -->
          <reporter-output>
          </reporter-output>
        </test-method> <!-- runScenario -->
        <test-method signature="runScenario(io.cucumber.testng.PickleWrapper,io.cucumber.testng.FeatureWrapper)[pri:0, instance:runner.DsAlgoTestNGRunner@5e7cd6cc]" started-at="2024-11-23T22:59:07 GMT-05:00" name="runScenario" description="Runs Cucumber Scenarios" data-provider="scenarios" finished-at="2024-11-23T22:59:08 GMT-05:00" duration-ms="1097" status="FAIL">
          <params>
            <param index="0">
              <value>
                <![CDATA[""]]>
              </value>
            </param>
            <param index="1">
              <value>
                <![CDATA["Test Tree page"]]>
              </value>
            </param>
          </params>
          <exception class="java.lang.NullPointerException">
            <message>
              <![CDATA[Cannot invoke "pageobject.LinkedListPageObject.click_Intro_tryhere()" because "this.llPageObject" is null]]>
            </message>
            <full-stacktrace>
              <![CDATA[java.lang.NullPointerException: Cannot invoke "pageobject.LinkedListPageObject.click_Intro_tryhere()" because "this.llPageObject" is null
at stepdef.LinkedListPageStep.user_clicks_on_sub_try_here_link(LinkedListPageStep.java:219)
at ✽.User clicks on sub Try Here link(file:///C:/Users/golda/git/DsAlgoProject/DsAlgoProject/src/test/resources/Features/BGTree.feature:234)
]]>
            </full-stacktrace>
          </exception> <!-- java.lang.NullPointerException -->
          <reporter-output>
          </reporter-output>
        </test-method> <!-- runScenario -->
        <test-method signature="runScenario(io.cucumber.testng.PickleWrapper,io.cucumber.testng.FeatureWrapper)[pri:0, instance:runner.DsAlgoTestNGRunner@5e7cd6cc]" started-at="2024-11-23T22:59:08 GMT-05:00" name="runScenario" description="Runs Cucumber Scenarios" data-provider="scenarios" finished-at="2024-11-23T22:59:09 GMT-05:00" duration-ms="1046" status="FAIL">
          <params>
            <param index="0">
              <value>
                <![CDATA[""]]>
              </value>
            </param>
            <param index="1">
              <value>
                <![CDATA["Test Tree page"]]>
              </value>
            </param>
          </params>
          <exception class="java.lang.NullPointerException">
            <message>
              <![CDATA[Cannot invoke "pageobject.LinkedListPageObject.click_Intro_tryhere()" because "this.llPageObject" is null]]>
            </message>
            <full-stacktrace>
              <![CDATA[java.lang.NullPointerException: Cannot invoke "pageobject.LinkedListPageObject.click_Intro_tryhere()" because "this.llPageObject" is null
at stepdef.LinkedListPageStep.user_clicks_on_sub_try_here_link(LinkedListPageStep.java:219)
at ✽.User clicks on sub Try Here link(file:///C:/Users/golda/git/DsAlgoProject/DsAlgoProject/src/test/resources/Features/BGTree.feature:248)
]]>
            </full-stacktrace>
          </exception> <!-- java.lang.NullPointerException -->
          <reporter-output>
          </reporter-output>
        </test-method> <!-- runScenario -->
        <test-method signature="runScenario(io.cucumber.testng.PickleWrapper,io.cucumber.testng.FeatureWrapper)[pri:0, instance:runner.DsAlgoTestNGRunner@5e7cd6cc]" started-at="2024-11-23T22:59:09 GMT-05:00" name="runScenario" description="Runs Cucumber Scenarios" data-provider="scenarios" finished-at="2024-11-23T22:59:10 GMT-05:00" duration-ms="841" status="FAIL">
          <params>
            <param index="0">
              <value>
                <![CDATA[""]]>
              </value>
            </param>
            <param index="1">
              <value>
                <![CDATA["Test Tree page"]]>
              </value>
            </param>
          </params>
          <exception class="java.lang.NullPointerException">
            <message>
              <![CDATA[Cannot invoke "pageobject.LinkedListPageObject.click_Intro_tryhere()" because "this.llPageObject" is null]]>
            </message>
            <full-stacktrace>
              <![CDATA[java.lang.NullPointerException: Cannot invoke "pageobject.LinkedListPageObject.click_Intro_tryhere()" because "this.llPageObject" is null
at stepdef.LinkedListPageStep.user_clicks_on_sub_try_here_link(LinkedListPageStep.java:219)
at ✽.User clicks on sub Try Here link(file:///C:/Users/golda/git/DsAlgoProject/DsAlgoProject/src/test/resources/Features/BGTree.feature:262)
]]>
            </full-stacktrace>
          </exception> <!-- java.lang.NullPointerException -->
          <reporter-output>
          </reporter-output>
        </test-method> <!-- runScenario -->
        <test-method signature="runScenario(io.cucumber.testng.PickleWrapper,io.cucumber.testng.FeatureWrapper)[pri:0, instance:runner.DsAlgoTestNGRunner@5e7cd6cc]" started-at="2024-11-23T22:59:10 GMT-05:00" name="runScenario" description="Runs Cucumber Scenarios" data-provider="scenarios" finished-at="2024-11-23T22:59:11 GMT-05:00" duration-ms="915" status="FAIL">
          <params>
            <param index="0">
              <value>
                <![CDATA[""]]>
              </value>
            </param>
            <param index="1">
              <value>
                <![CDATA["Test Tree page"]]>
              </value>
            </param>
          </params>
          <exception class="java.lang.NullPointerException">
            <message>
              <![CDATA[Cannot invoke "pageobject.LinkedListPageObject.click_Intro_tryhere()" because "this.llPageObject" is null]]>
            </message>
            <full-stacktrace>
              <![CDATA[java.lang.NullPointerException: Cannot invoke "pageobject.LinkedListPageObject.click_Intro_tryhere()" because "this.llPageObject" is null
at stepdef.LinkedListPageStep.user_clicks_on_sub_try_here_link(LinkedListPageStep.java:219)
at ✽.User clicks on sub Try Here link(file:///C:/Users/golda/git/DsAlgoProject/DsAlgoProject/src/test/resources/Features/BGTree.feature:277)
]]>
            </full-stacktrace>
          </exception> <!-- java.lang.NullPointerException -->
          <reporter-output>
          </reporter-output>
        </test-method> <!-- runScenario -->
        <test-method signature="runScenario(io.cucumber.testng.PickleWrapper,io.cucumber.testng.FeatureWrapper)[pri:0, instance:runner.DsAlgoTestNGRunner@5e7cd6cc]" started-at="2024-11-23T22:59:11 GMT-05:00" name="runScenario" description="Runs Cucumber Scenarios" data-provider="scenarios" finished-at="2024-11-23T22:59:12 GMT-05:00" duration-ms="777" status="FAIL">
          <params>
            <param index="0">
              <value>
                <![CDATA[""]]>
              </value>
            </param>
            <param index="1">
              <value>
                <![CDATA["Test Tree page"]]>
              </value>
            </param>
          </params>
          <exception class="java.lang.NullPointerException">
            <message>
              <![CDATA[Cannot invoke "pageobject.LinkedListPageObject.click_Intro_tryhere()" because "this.llPageObject" is null]]>
            </message>
            <full-stacktrace>
              <![CDATA[java.lang.NullPointerException: Cannot invoke "pageobject.LinkedListPageObject.click_Intro_tryhere()" because "this.llPageObject" is null
at stepdef.LinkedListPageStep.user_clicks_on_sub_try_here_link(LinkedListPageStep.java:219)
at ✽.User clicks on sub Try Here link(file:///C:/Users/golda/git/DsAlgoProject/DsAlgoProject/src/test/resources/Features/BGTree.feature:291)
]]>
            </full-stacktrace>
          </exception> <!-- java.lang.NullPointerException -->
          <reporter-output>
          </reporter-output>
        </test-method> <!-- runScenario -->
        <test-method signature="runScenario(io.cucumber.testng.PickleWrapper,io.cucumber.testng.FeatureWrapper)[pri:0, instance:runner.DsAlgoTestNGRunner@5e7cd6cc]" started-at="2024-11-23T22:59:12 GMT-05:00" name="runScenario" description="Runs Cucumber Scenarios" data-provider="scenarios" finished-at="2024-11-23T22:59:13 GMT-05:00" duration-ms="880" status="FAIL">
          <params>
            <param index="0">
              <value>
                <![CDATA[""]]>
              </value>
            </param>
            <param index="1">
              <value>
                <![CDATA["Test Tree page"]]>
              </value>
            </param>
          </params>
          <exception class="java.lang.NullPointerException">
            <message>
              <![CDATA[Cannot invoke "pageobject.LinkedListPageObject.click_Intro_tryhere()" because "this.llPageObject" is null]]>
            </message>
            <full-stacktrace>
              <![CDATA[java.lang.NullPointerException: Cannot invoke "pageobject.LinkedListPageObject.click_Intro_tryhere()" because "this.llPageObject" is null
at stepdef.LinkedListPageStep.user_clicks_on_sub_try_here_link(LinkedListPageStep.java:219)
at ✽.User clicks on sub Try Here link(file:///C:/Users/golda/git/DsAlgoProject/DsAlgoProject/src/test/resources/Features/BGTree.feature:305)
]]>
            </full-stacktrace>
          </exception> <!-- java.lang.NullPointerException -->
          <reporter-output>
          </reporter-output>
        </test-method> <!-- runScenario -->
        <test-method signature="runScenario(io.cucumber.testng.PickleWrapper,io.cucumber.testng.FeatureWrapper)[pri:0, instance:runner.DsAlgoTestNGRunner@5e7cd6cc]" started-at="2024-11-23T22:59:13 GMT-05:00" name="runScenario" description="Runs Cucumber Scenarios" data-provider="scenarios" finished-at="2024-11-23T22:59:13 GMT-05:00" duration-ms="852" status="FAIL">
          <params>
            <param index="0">
              <value>
                <![CDATA[""]]>
              </value>
            </param>
            <param index="1">
              <value>
                <![CDATA["Test Tree page"]]>
              </value>
            </param>
          </params>
          <exception class="java.lang.NullPointerException">
            <message>
              <![CDATA[Cannot invoke "pageobject.LinkedListPageObject.click_Intro_tryhere()" because "this.llPageObject" is null]]>
            </message>
            <full-stacktrace>
              <![CDATA[java.lang.NullPointerException: Cannot invoke "pageobject.LinkedListPageObject.click_Intro_tryhere()" because "this.llPageObject" is null
at stepdef.LinkedListPageStep.user_clicks_on_sub_try_here_link(LinkedListPageStep.java:219)
at ✽.User clicks on sub Try Here link(file:///C:/Users/golda/git/DsAlgoProject/DsAlgoProject/src/test/resources/Features/BGTree.feature:319)
]]>
            </full-stacktrace>
          </exception> <!-- java.lang.NullPointerException -->
          <reporter-output>
          </reporter-output>
        </test-method> <!-- runScenario -->
        <test-method signature="runScenario(io.cucumber.testng.PickleWrapper,io.cucumber.testng.FeatureWrapper)[pri:0, instance:runner.DsAlgoTestNGRunner@5e7cd6cc]" started-at="2024-11-23T22:59:13 GMT-05:00" name="runScenario" description="Runs Cucumber Scenarios" data-provider="scenarios" finished-at="2024-11-23T22:59:19 GMT-05:00" duration-ms="5148" status="PASS">
          <params>
            <param index="0">
              <value>
                <![CDATA["Test the Introduction Link"]]>
              </value>
            </param>
            <param index="1">
              <value>
                <![CDATA["feature to test LinkedList page"]]>
              </value>
            </param>
          </params>
          <reporter-output>
          </reporter-output>
        </test-method> <!-- runScenario -->
        <test-method signature="runScenario(io.cucumber.testng.PickleWrapper,io.cucumber.testng.FeatureWrapper)[pri:0, instance:runner.DsAlgoTestNGRunner@5e7cd6cc]" started-at="2024-11-23T22:59:19 GMT-05:00" name="runScenario" description="Runs Cucumber Scenarios" data-provider="scenarios" finished-at="2024-11-23T22:59:21 GMT-05:00" duration-ms="2945" status="PASS">
          <params>
            <param index="0">
              <value>
                <![CDATA["Test the Create Link"]]>
              </value>
            </param>
            <param index="1">
              <value>
                <![CDATA["feature to test LinkedList page"]]>
              </value>
            </param>
          </params>
          <reporter-output>
          </reporter-output>
        </test-method> <!-- runScenario -->
        <test-method signature="runScenario(io.cucumber.testng.PickleWrapper,io.cucumber.testng.FeatureWrapper)[pri:0, instance:runner.DsAlgoTestNGRunner@5e7cd6cc]" started-at="2024-11-23T22:59:21 GMT-05:00" name="runScenario" description="Runs Cucumber Scenarios" data-provider="scenarios" finished-at="2024-11-23T22:59:27 GMT-05:00" duration-ms="5042" status="PASS">
          <params>
            <param index="0">
              <value>
                <![CDATA["Test the TypesOf Link"]]>
              </value>
            </param>
            <param index="1">
              <value>
                <![CDATA["feature to test LinkedList page"]]>
              </value>
            </param>
          </params>
          <reporter-output>
          </reporter-output>
        </test-method> <!-- runScenario -->
        <test-method signature="runScenario(io.cucumber.testng.PickleWrapper,io.cucumber.testng.FeatureWrapper)[pri:0, instance:runner.DsAlgoTestNGRunner@5e7cd6cc]" started-at="2024-11-23T22:59:27 GMT-05:00" name="runScenario" description="Runs Cucumber Scenarios" data-provider="scenarios" finished-at="2024-11-23T22:59:32 GMT-05:00" duration-ms="5006" status="PASS">
          <params>
            <param index="0">
              <value>
                <![CDATA["Test the Implement Link"]]>
              </value>
            </param>
            <param index="1">
              <value>
                <![CDATA["feature to test LinkedList page"]]>
              </value>
            </param>
          </params>
          <reporter-output>
          </reporter-output>
        </test-method> <!-- runScenario -->
        <test-method signature="runScenario(io.cucumber.testng.PickleWrapper,io.cucumber.testng.FeatureWrapper)[pri:0, instance:runner.DsAlgoTestNGRunner@5e7cd6cc]" started-at="2024-11-23T22:59:32 GMT-05:00" name="runScenario" description="Runs Cucumber Scenarios" data-provider="scenarios" finished-at="2024-11-23T22:59:36 GMT-05:00" duration-ms="4739" status="PASS">
          <params>
            <param index="0">
              <value>
                <![CDATA["Test the Traversal Link"]]>
              </value>
            </param>
            <param index="1">
              <value>
                <![CDATA["feature to test LinkedList page"]]>
              </value>
            </param>
          </params>
          <reporter-output>
          </reporter-output>
        </test-method> <!-- runScenario -->
        <test-method signature="runScenario(io.cucumber.testng.PickleWrapper,io.cucumber.testng.FeatureWrapper)[pri:0, instance:runner.DsAlgoTestNGRunner@5e7cd6cc]" started-at="2024-11-23T22:59:36 GMT-05:00" name="runScenario" description="Runs Cucumber Scenarios" data-provider="scenarios" finished-at="2024-11-23T22:59:41 GMT-05:00" duration-ms="4706" status="PASS">
          <params>
            <param index="0">
              <value>
                <![CDATA["Test the Insert Link"]]>
              </value>
            </param>
            <param index="1">
              <value>
                <![CDATA["feature to test LinkedList page"]]>
              </value>
            </param>
          </params>
          <reporter-output>
          </reporter-output>
        </test-method> <!-- runScenario -->
        <test-method signature="runScenario(io.cucumber.testng.PickleWrapper,io.cucumber.testng.FeatureWrapper)[pri:0, instance:runner.DsAlgoTestNGRunner@5e7cd6cc]" started-at="2024-11-23T22:59:41 GMT-05:00" name="runScenario" description="Runs Cucumber Scenarios" data-provider="scenarios" finished-at="2024-11-23T22:59:44 GMT-05:00" duration-ms="2569" status="PASS">
          <params>
            <param index="0">
              <value>
                <![CDATA["Test the Delete Link"]]>
              </value>
            </param>
            <param index="1">
              <value>
                <![CDATA["feature to test LinkedList page"]]>
              </value>
            </param>
          </params>
          <reporter-output>
          </reporter-output>
        </test-method> <!-- runScenario -->
        <test-method signature="runScenario(io.cucumber.testng.PickleWrapper,io.cucumber.testng.FeatureWrapper)[pri:0, instance:runner.DsAlgoTestNGRunner@5e7cd6cc]" started-at="2024-11-23T22:59:44 GMT-05:00" name="runScenario" description="Runs Cucumber Scenarios" data-provider="scenarios" finished-at="2024-11-23T22:59:48 GMT-05:00" duration-ms="4898" status="PASS">
          <params>
            <param index="0">
              <value>
                <![CDATA["Test Introduction Page Introduction Link"]]>
              </value>
            </param>
            <param index="1">
              <value>
                <![CDATA["feature to test LinkedList page"]]>
              </value>
            </param>
          </params>
          <reporter-output>
          </reporter-output>
        </test-method> <!-- runScenario -->
        <test-method signature="runScenario(io.cucumber.testng.PickleWrapper,io.cucumber.testng.FeatureWrapper)[pri:0, instance:runner.DsAlgoTestNGRunner@5e7cd6cc]" started-at="2024-11-23T22:59:48 GMT-05:00" name="runScenario" description="Runs Cucumber Scenarios" data-provider="scenarios" finished-at="2024-11-23T22:59:53 GMT-05:00" duration-ms="4766" status="PASS">
          <params>
            <param index="0">
              <value>
                <![CDATA["Test Introduction Page Creating LinkedList Link"]]>
              </value>
            </param>
            <param index="1">
              <value>
                <![CDATA["feature to test LinkedList page"]]>
              </value>
            </param>
          </params>
          <reporter-output>
          </reporter-output>
        </test-method> <!-- runScenario -->
        <test-method signature="runScenario(io.cucumber.testng.PickleWrapper,io.cucumber.testng.FeatureWrapper)[pri:0, instance:runner.DsAlgoTestNGRunner@5e7cd6cc]" started-at="2024-11-23T22:59:53 GMT-05:00" name="runScenario" description="Runs Cucumber Scenarios" data-provider="scenarios" finished-at="2024-11-23T22:59:58 GMT-05:00" duration-ms="4882" status="PASS">
          <params>
            <param index="0">
              <value>
                <![CDATA["Test Introduction Page TyesOf LinkedList Link"]]>
              </value>
            </param>
            <param index="1">
              <value>
                <![CDATA["feature to test LinkedList page"]]>
              </value>
            </param>
          </params>
          <reporter-output>
          </reporter-output>
        </test-method> <!-- runScenario -->
        <test-method signature="runScenario(io.cucumber.testng.PickleWrapper,io.cucumber.testng.FeatureWrapper)[pri:0, instance:runner.DsAlgoTestNGRunner@5e7cd6cc]" started-at="2024-11-23T22:59:58 GMT-05:00" name="runScenario" description="Runs Cucumber Scenarios" data-provider="scenarios" finished-at="2024-11-23T23:00:03 GMT-05:00" duration-ms="4786" status="PASS">
          <params>
            <param index="0">
              <value>
                <![CDATA["Test Introduction Page Implement Link"]]>
              </value>
            </param>
            <param index="1">
              <value>
                <![CDATA["feature to test LinkedList page"]]>
              </value>
            </param>
          </params>
          <reporter-output>
          </reporter-output>
        </test-method> <!-- runScenario -->
        <test-method signature="runScenario(io.cucumber.testng.PickleWrapper,io.cucumber.testng.FeatureWrapper)[pri:0, instance:runner.DsAlgoTestNGRunner@5e7cd6cc]" started-at="2024-11-23T23:00:03 GMT-05:00" name="runScenario" description="Runs Cucumber Scenarios" data-provider="scenarios" finished-at="2024-11-23T23:00:08 GMT-05:00" duration-ms="4808" status="PASS">
          <params>
            <param index="0">
              <value>
                <![CDATA["Test Introduction Page Traverse LinkedList Link"]]>
              </value>
            </param>
            <param index="1">
              <value>
                <![CDATA["feature to test LinkedList page"]]>
              </value>
            </param>
          </params>
          <reporter-output>
          </reporter-output>
        </test-method> <!-- runScenario -->
        <test-method signature="runScenario(io.cucumber.testng.PickleWrapper,io.cucumber.testng.FeatureWrapper)[pri:0, instance:runner.DsAlgoTestNGRunner@5e7cd6cc]" started-at="2024-11-23T23:00:08 GMT-05:00" name="runScenario" description="Runs Cucumber Scenarios" data-provider="scenarios" finished-at="2024-11-23T23:00:13 GMT-05:00" duration-ms="4828" status="PASS">
          <params>
            <param index="0">
              <value>
                <![CDATA["Test Introduction Page Insert LinkedList Link"]]>
              </value>
            </param>
            <param index="1">
              <value>
                <![CDATA["feature to test LinkedList page"]]>
              </value>
            </param>
          </params>
          <reporter-output>
          </reporter-output>
        </test-method> <!-- runScenario -->
        <test-method signature="runScenario(io.cucumber.testng.PickleWrapper,io.cucumber.testng.FeatureWrapper)[pri:0, instance:runner.DsAlgoTestNGRunner@5e7cd6cc]" started-at="2024-11-23T23:00:13 GMT-05:00" name="runScenario" description="Runs Cucumber Scenarios" data-provider="scenarios" finished-at="2024-11-23T23:00:17 GMT-05:00" duration-ms="4780" status="PASS">
          <params>
            <param index="0">
              <value>
                <![CDATA["Test Introduction Page Delete LinkedList Link"]]>
              </value>
            </param>
            <param index="1">
              <value>
                <![CDATA["feature to test LinkedList page"]]>
              </value>
            </param>
          </params>
          <reporter-output>
          </reporter-output>
        </test-method> <!-- runScenario -->
        <test-method signature="runScenario(io.cucumber.testng.PickleWrapper,io.cucumber.testng.FeatureWrapper)[pri:0, instance:runner.DsAlgoTestNGRunner@5e7cd6cc]" started-at="2024-11-23T23:00:17 GMT-05:00" name="runScenario" description="Runs Cucumber Scenarios" data-provider="scenarios" finished-at="2024-11-23T23:00:22 GMT-05:00" duration-ms="4724" status="PASS">
          <params>
            <param index="0">
              <value>
                <![CDATA["Test Introduction Practise Question Link"]]>
              </value>
            </param>
            <param index="1">
              <value>
                <![CDATA["feature to test LinkedList page"]]>
              </value>
            </param>
          </params>
          <reporter-output>
          </reporter-output>
        </test-method> <!-- runScenario -->
        <test-method signature="runScenario(io.cucumber.testng.PickleWrapper,io.cucumber.testng.FeatureWrapper)[pri:0, instance:runner.DsAlgoTestNGRunner@5e7cd6cc]" started-at="2024-11-23T23:00:22 GMT-05:00" name="runScenario" description="Runs Cucumber Scenarios" data-provider="scenarios" finished-at="2024-11-23T23:00:25 GMT-05:00" duration-ms="3332" status="PASS">
          <params>
            <param index="0">
              <value>
                <![CDATA[""]]>
              </value>
            </param>
            <param index="1">
              <value>
                <![CDATA["feature to test LinkedList page"]]>
              </value>
            </param>
          </params>
          <reporter-output>
          </reporter-output>
        </test-method> <!-- runScenario -->
        <test-method signature="runScenario(io.cucumber.testng.PickleWrapper,io.cucumber.testng.FeatureWrapper)[pri:0, instance:runner.DsAlgoTestNGRunner@5e7cd6cc]" started-at="2024-11-23T23:00:25 GMT-05:00" name="runScenario" description="Runs Cucumber Scenarios" data-provider="scenarios" finished-at="2024-11-23T23:00:26 GMT-05:00" duration-ms="935" status="PASS">
          <params>
            <param index="0">
              <value>
                <![CDATA[""]]>
              </value>
            </param>
            <param index="1">
              <value>
                <![CDATA["feature to test LinkedList page"]]>
              </value>
            </param>
          </params>
          <reporter-output>
          </reporter-output>
        </test-method> <!-- runScenario -->
        <test-method signature="runScenario(io.cucumber.testng.PickleWrapper,io.cucumber.testng.FeatureWrapper)[pri:0, instance:runner.DsAlgoTestNGRunner@5e7cd6cc]" started-at="2024-11-23T23:00:26 GMT-05:00" name="runScenario" description="Runs Cucumber Scenarios" data-provider="scenarios" finished-at="2024-11-23T23:00:29 GMT-05:00" duration-ms="2932" status="PASS">
          <params>
            <param index="0">
              <value>
                <![CDATA[""]]>
              </value>
            </param>
            <param index="1">
              <value>
                <![CDATA["feature to test LinkedList page"]]>
              </value>
            </param>
          </params>
          <reporter-output>
          </reporter-output>
        </test-method> <!-- runScenario -->
        <test-method signature="runScenario(io.cucumber.testng.PickleWrapper,io.cucumber.testng.FeatureWrapper)[pri:0, instance:runner.DsAlgoTestNGRunner@5e7cd6cc]" started-at="2024-11-23T23:00:29 GMT-05:00" name="runScenario" description="Runs Cucumber Scenarios" data-provider="scenarios" finished-at="2024-11-23T23:00:32 GMT-05:00" duration-ms="3021" status="PASS">
          <params>
            <param index="0">
              <value>
                <![CDATA[""]]>
              </value>
            </param>
            <param index="1">
              <value>
                <![CDATA["feature to test LinkedList page"]]>
              </value>
            </param>
          </params>
          <reporter-output>
          </reporter-output>
        </test-method> <!-- runScenario -->
        <test-method signature="runScenario(io.cucumber.testng.PickleWrapper,io.cucumber.testng.FeatureWrapper)[pri:0, instance:runner.DsAlgoTestNGRunner@5e7cd6cc]" started-at="2024-11-23T23:00:32 GMT-05:00" name="runScenario" description="Runs Cucumber Scenarios" data-provider="scenarios" finished-at="2024-11-23T23:00:35 GMT-05:00" duration-ms="3057" status="PASS">
          <params>
            <param index="0">
              <value>
                <![CDATA[""]]>
              </value>
            </param>
            <param index="1">
              <value>
                <![CDATA["feature to test LinkedList page"]]>
              </value>
            </param>
          </params>
          <reporter-output>
          </reporter-output>
        </test-method> <!-- runScenario -->
        <test-method signature="runScenario(io.cucumber.testng.PickleWrapper,io.cucumber.testng.FeatureWrapper)[pri:0, instance:runner.DsAlgoTestNGRunner@5e7cd6cc]" started-at="2024-11-23T23:00:35 GMT-05:00" name="runScenario" description="Runs Cucumber Scenarios" data-provider="scenarios" finished-at="2024-11-23T23:00:38 GMT-05:00" duration-ms="3054" status="PASS">
          <params>
            <param index="0">
              <value>
                <![CDATA[""]]>
              </value>
            </param>
            <param index="1">
              <value>
                <![CDATA["feature to test LinkedList page"]]>
              </value>
            </param>
          </params>
          <reporter-output>
          </reporter-output>
        </test-method> <!-- runScenario -->
        <test-method signature="runScenario(io.cucumber.testng.PickleWrapper,io.cucumber.testng.FeatureWrapper)[pri:0, instance:runner.DsAlgoTestNGRunner@5e7cd6cc]" started-at="2024-11-23T23:00:38 GMT-05:00" name="runScenario" description="Runs Cucumber Scenarios" data-provider="scenarios" finished-at="2024-11-23T23:00:39 GMT-05:00" duration-ms="965" status="PASS">
          <params>
            <param index="0">
              <value>
                <![CDATA[""]]>
              </value>
            </param>
            <param index="1">
              <value>
                <![CDATA["feature to test LinkedList page"]]>
              </value>
            </param>
          </params>
          <reporter-output>
          </reporter-output>
        </test-method> <!-- runScenario -->
        <test-method signature="runScenario(io.cucumber.testng.PickleWrapper,io.cucumber.testng.FeatureWrapper)[pri:0, instance:runner.DsAlgoTestNGRunner@5e7cd6cc]" started-at="2024-11-23T23:00:39 GMT-05:00" name="runScenario" description="Runs Cucumber Scenarios" data-provider="scenarios" finished-at="2024-11-23T23:00:45 GMT-05:00" duration-ms="5588" status="PASS">
          <params>
            <param index="0">
              <value>
                <![CDATA["Test Queue Page Implement Queue Link"]]>
              </value>
            </param>
            <param index="1">
              <value>
                <![CDATA["Test Queue page"]]>
              </value>
            </param>
          </params>
          <reporter-output>
          </reporter-output>
        </test-method> <!-- runScenario -->
        <test-method signature="runScenario(io.cucumber.testng.PickleWrapper,io.cucumber.testng.FeatureWrapper)[pri:0, instance:runner.DsAlgoTestNGRunner@5e7cd6cc]" started-at="2024-11-23T23:00:45 GMT-05:00" name="runScenario" description="Runs Cucumber Scenarios" data-provider="scenarios" finished-at="2024-11-23T23:00:51 GMT-05:00" duration-ms="5727" status="PASS">
          <params>
            <param index="0">
              <value>
                <![CDATA["Test Queue Page Implement DeQue Link"]]>
              </value>
            </param>
            <param index="1">
              <value>
                <![CDATA["Test Queue page"]]>
              </value>
            </param>
          </params>
          <reporter-output>
          </reporter-output>
        </test-method> <!-- runScenario -->
        <test-method signature="runScenario(io.cucumber.testng.PickleWrapper,io.cucumber.testng.FeatureWrapper)[pri:0, instance:runner.DsAlgoTestNGRunner@5e7cd6cc]" started-at="2024-11-23T23:00:51 GMT-05:00" name="runScenario" description="Runs Cucumber Scenarios" data-provider="scenarios" finished-at="2024-11-23T23:00:56 GMT-05:00" duration-ms="5604" status="PASS">
          <params>
            <param index="0">
              <value>
                <![CDATA["Test Queue Page Implement Array Link"]]>
              </value>
            </param>
            <param index="1">
              <value>
                <![CDATA["Test Queue page"]]>
              </value>
            </param>
          </params>
          <reporter-output>
          </reporter-output>
        </test-method> <!-- runScenario -->
        <test-method signature="runScenario(io.cucumber.testng.PickleWrapper,io.cucumber.testng.FeatureWrapper)[pri:0, instance:runner.DsAlgoTestNGRunner@5e7cd6cc]" started-at="2024-11-23T23:00:56 GMT-05:00" name="runScenario" description="Runs Cucumber Scenarios" data-provider="scenarios" finished-at="2024-11-23T23:01:02 GMT-05:00" duration-ms="5610" status="PASS">
          <params>
            <param index="0">
              <value>
                <![CDATA["Test Queue Page Implement Queue Link"]]>
              </value>
            </param>
            <param index="1">
              <value>
                <![CDATA["Test Queue page"]]>
              </value>
            </param>
          </params>
          <reporter-output>
          </reporter-output>
        </test-method> <!-- runScenario -->
        <test-method signature="runScenario(io.cucumber.testng.PickleWrapper,io.cucumber.testng.FeatureWrapper)[pri:0, instance:runner.DsAlgoTestNGRunner@5e7cd6cc]" started-at="2024-11-23T23:01:02 GMT-05:00" name="runScenario" description="Runs Cucumber Scenarios" data-provider="scenarios" finished-at="2024-11-23T23:01:07 GMT-05:00" duration-ms="5599" status="PASS">
          <params>
            <param index="0">
              <value>
                <![CDATA["Test Implement Queue Page Implement Queue Link"]]>
              </value>
            </param>
            <param index="1">
              <value>
                <![CDATA["Test Queue page"]]>
              </value>
            </param>
          </params>
          <reporter-output>
          </reporter-output>
        </test-method> <!-- runScenario -->
        <test-method signature="runScenario(io.cucumber.testng.PickleWrapper,io.cucumber.testng.FeatureWrapper)[pri:0, instance:runner.DsAlgoTestNGRunner@5e7cd6cc]" started-at="2024-11-23T23:01:07 GMT-05:00" name="runScenario" description="Runs Cucumber Scenarios" data-provider="scenarios" finished-at="2024-11-23T23:01:13 GMT-05:00" duration-ms="5655" status="PASS">
          <params>
            <param index="0">
              <value>
                <![CDATA["Test Implement Queue Page Implement DeQue Link"]]>
              </value>
            </param>
            <param index="1">
              <value>
                <![CDATA["Test Queue page"]]>
              </value>
            </param>
          </params>
          <reporter-output>
          </reporter-output>
        </test-method> <!-- runScenario -->
        <test-method signature="runScenario(io.cucumber.testng.PickleWrapper,io.cucumber.testng.FeatureWrapper)[pri:0, instance:runner.DsAlgoTestNGRunner@5e7cd6cc]" started-at="2024-11-23T23:01:13 GMT-05:00" name="runScenario" description="Runs Cucumber Scenarios" data-provider="scenarios" finished-at="2024-11-23T23:01:19 GMT-05:00" duration-ms="5679" status="PASS">
          <params>
            <param index="0">
              <value>
                <![CDATA["Test Implement Queue Page Implement Array Link"]]>
              </value>
            </param>
            <param index="1">
              <value>
                <![CDATA["Test Queue page"]]>
              </value>
            </param>
          </params>
          <reporter-output>
          </reporter-output>
        </test-method> <!-- runScenario -->
        <test-method signature="runScenario(io.cucumber.testng.PickleWrapper,io.cucumber.testng.FeatureWrapper)[pri:0, instance:runner.DsAlgoTestNGRunner@5e7cd6cc]" started-at="2024-11-23T23:01:19 GMT-05:00" name="runScenario" description="Runs Cucumber Scenarios" data-provider="scenarios" finished-at="2024-11-23T23:01:25 GMT-05:00" duration-ms="5742" status="PASS">
          <params>
            <param index="0">
              <value>
                <![CDATA["Test Implement  Page Implement Queue Opt Link"]]>
              </value>
            </param>
            <param index="1">
              <value>
                <![CDATA["Test Queue page"]]>
              </value>
            </param>
          </params>
          <reporter-output>
          </reporter-output>
        </test-method> <!-- runScenario -->
        <test-method signature="runScenario(io.cucumber.testng.PickleWrapper,io.cucumber.testng.FeatureWrapper)[pri:0, instance:runner.DsAlgoTestNGRunner@5e7cd6cc]" started-at="2024-11-23T23:01:25 GMT-05:00" name="runScenario" description="Runs Cucumber Scenarios" data-provider="scenarios" finished-at="2024-11-23T23:01:30 GMT-05:00" duration-ms="5704" status="FAIL">
          <params>
            <param index="0">
              <value>
                <![CDATA["Test Implement  Page Practise Test Link"]]>
              </value>
            </param>
            <param index="1">
              <value>
                <![CDATA["Test Queue page"]]>
              </value>
            </param>
          </params>
          <exception class="org.junit.ComparisonFailure">
            <message>
              <![CDATA[expected:<[ Practice Questions ]> but was:<[Practice Questions]>]]>
            </message>
            <full-stacktrace>
              <![CDATA[org.junit.ComparisonFailure: expected:<[ Practice Questions ]> but was:<[Practice Questions]>
at org.junit.Assert.assertEquals(Assert.java:117)
at org.junit.Assert.assertEquals(Assert.java:146)
at stepdef.QueuePageStep.user_navigated_to_practise_test_page(QueuePageStep.java:92)
at ✽.User navigated to Practise Test page(file:///C:/Users/golda/git/DsAlgoProject/DsAlgoProject/src/test/resources/Features/FQueue.feature:60)
]]>
            </full-stacktrace>
          </exception> <!-- org.junit.ComparisonFailure -->
          <reporter-output>
          </reporter-output>
        </test-method> <!-- runScenario -->
        <test-method signature="runScenario(io.cucumber.testng.PickleWrapper,io.cucumber.testng.FeatureWrapper)[pri:0, instance:runner.DsAlgoTestNGRunner@5e7cd6cc]" started-at="2024-11-23T23:01:30 GMT-05:00" name="runScenario" description="Runs Cucumber Scenarios" data-provider="scenarios" finished-at="2024-11-23T23:01:31 GMT-05:00" duration-ms="934" status="PASS">
          <params>
            <param index="0">
              <value>
                <![CDATA[""]]>
              </value>
            </param>
            <param index="1">
              <value>
                <![CDATA["Test Queue page"]]>
              </value>
            </param>
          </params>
          <reporter-output>
          </reporter-output>
        </test-method> <!-- runScenario -->
        <test-method signature="runScenario(io.cucumber.testng.PickleWrapper,io.cucumber.testng.FeatureWrapper)[pri:0, instance:runner.DsAlgoTestNGRunner@5e7cd6cc]" started-at="2024-11-23T23:01:31 GMT-05:00" name="runScenario" description="Runs Cucumber Scenarios" data-provider="scenarios" finished-at="2024-11-23T23:01:32 GMT-05:00" duration-ms="970" status="PASS">
          <params>
            <param index="0">
              <value>
                <![CDATA[""]]>
              </value>
            </param>
            <param index="1">
              <value>
                <![CDATA["Test Queue page"]]>
              </value>
            </param>
          </params>
          <reporter-output>
          </reporter-output>
        </test-method> <!-- runScenario -->
        <test-method signature="runScenario(io.cucumber.testng.PickleWrapper,io.cucumber.testng.FeatureWrapper)[pri:0, instance:runner.DsAlgoTestNGRunner@5e7cd6cc]" started-at="2024-11-23T23:01:32 GMT-05:00" name="runScenario" description="Runs Cucumber Scenarios" data-provider="scenarios" finished-at="2024-11-23T23:01:33 GMT-05:00" duration-ms="819" status="PASS">
          <params>
            <param index="0">
              <value>
                <![CDATA[""]]>
              </value>
            </param>
            <param index="1">
              <value>
                <![CDATA["Test Queue page"]]>
              </value>
            </param>
          </params>
          <reporter-output>
          </reporter-output>
        </test-method> <!-- runScenario -->
        <test-method signature="runScenario(io.cucumber.testng.PickleWrapper,io.cucumber.testng.FeatureWrapper)[pri:0, instance:runner.DsAlgoTestNGRunner@5e7cd6cc]" started-at="2024-11-23T23:01:33 GMT-05:00" name="runScenario" description="Runs Cucumber Scenarios" data-provider="scenarios" finished-at="2024-11-23T23:01:34 GMT-05:00" duration-ms="854" status="PASS">
          <params>
            <param index="0">
              <value>
                <![CDATA[""]]>
              </value>
            </param>
            <param index="1">
              <value>
                <![CDATA["Test Queue page"]]>
              </value>
            </param>
          </params>
          <reporter-output>
          </reporter-output>
        </test-method> <!-- runScenario -->
        <test-method signature="runScenario(io.cucumber.testng.PickleWrapper,io.cucumber.testng.FeatureWrapper)[pri:0, instance:runner.DsAlgoTestNGRunner@5e7cd6cc]" started-at="2024-11-23T23:01:34 GMT-05:00" name="runScenario" description="Runs Cucumber Scenarios" data-provider="scenarios" finished-at="2024-11-23T23:01:39 GMT-05:00" duration-ms="5624" status="PASS">
          <params>
            <param index="0">
              <value>
                <![CDATA["Test Graph page Graph link"]]>
              </value>
            </param>
            <param index="1">
              <value>
                <![CDATA["Test the Graph page"]]>
              </value>
            </param>
          </params>
          <reporter-output>
          </reporter-output>
        </test-method> <!-- runScenario -->
        <test-method signature="runScenario(io.cucumber.testng.PickleWrapper,io.cucumber.testng.FeatureWrapper)[pri:0, instance:runner.DsAlgoTestNGRunner@5e7cd6cc]" started-at="2024-11-23T23:01:39 GMT-05:00" name="runScenario" description="Runs Cucumber Scenarios" data-provider="scenarios" finished-at="2024-11-23T23:01:45 GMT-05:00" duration-ms="5873" status="FAIL">
          <params>
            <param index="0">
              <value>
                <![CDATA["Test Graph page Graph Represent link"]]>
              </value>
            </param>
            <param index="1">
              <value>
                <![CDATA["Test the Graph page"]]>
              </value>
            </param>
          </params>
          <exception class="org.junit.ComparisonFailure">
            <message>
              <![CDATA[expected:<Graph[]> but was:<Graph[ Representations]>]]>
            </message>
            <full-stacktrace>
              <![CDATA[org.junit.ComparisonFailure: expected:<Graph[]> but was:<Graph[ Representations]>
at org.junit.Assert.assertEquals(Assert.java:117)
at org.junit.Assert.assertEquals(Assert.java:146)
at stepdef.Homepagestepdef.user_navigated_to_graph_page(Homepagestepdef.java:158)
at ✽.User navigated to Graph page(file:///C:/Users/golda/git/DsAlgoProject/DsAlgoProject/src/test/resources/Features/MGraph.feature:15)
]]>
            </full-stacktrace>
          </exception> <!-- org.junit.ComparisonFailure -->
          <reporter-output>
          </reporter-output>
        </test-method> <!-- runScenario -->
        <test-method signature="runScenario(io.cucumber.testng.PickleWrapper,io.cucumber.testng.FeatureWrapper)[pri:0, instance:runner.DsAlgoTestNGRunner@5e7cd6cc]" started-at="2024-11-23T23:01:45 GMT-05:00" name="runScenario" description="Runs Cucumber Scenarios" data-provider="scenarios" finished-at="2024-11-23T23:01:51 GMT-05:00" duration-ms="5804" status="PASS">
          <params>
            <param index="0">
              <value>
                <![CDATA["Test Sub Graph page Graph link"]]>
              </value>
            </param>
            <param index="1">
              <value>
                <![CDATA["Test the Graph page"]]>
              </value>
            </param>
          </params>
          <reporter-output>
          </reporter-output>
        </test-method> <!-- runScenario -->
        <test-method signature="runScenario(io.cucumber.testng.PickleWrapper,io.cucumber.testng.FeatureWrapper)[pri:0, instance:runner.DsAlgoTestNGRunner@5e7cd6cc]" started-at="2024-11-23T23:01:51 GMT-05:00" name="runScenario" description="Runs Cucumber Scenarios" data-provider="scenarios" finished-at="2024-11-23T23:01:57 GMT-05:00" duration-ms="5773" status="PASS">
          <params>
            <param index="0">
              <value>
                <![CDATA["Test Sub Graph page Graph Represent link"]]>
              </value>
            </param>
            <param index="1">
              <value>
                <![CDATA["Test the Graph page"]]>
              </value>
            </param>
          </params>
          <reporter-output>
          </reporter-output>
        </test-method> <!-- runScenario -->
        <test-method signature="runScenario(io.cucumber.testng.PickleWrapper,io.cucumber.testng.FeatureWrapper)[pri:0, instance:runner.DsAlgoTestNGRunner@5e7cd6cc]" started-at="2024-11-23T23:01:57 GMT-05:00" name="runScenario" description="Runs Cucumber Scenarios" data-provider="scenarios" finished-at="2024-11-23T23:02:03 GMT-05:00" duration-ms="5802" status="FAIL">
          <params>
            <param index="0">
              <value>
                <![CDATA["Test Sub Graph Page Practise Test Link"]]>
              </value>
            </param>
            <param index="1">
              <value>
                <![CDATA["Test the Graph page"]]>
              </value>
            </param>
          </params>
          <exception class="java.lang.NullPointerException">
            <message>
              <![CDATA[Cannot invoke "org.openqa.selenium.WebDriver.getTitle()" because "this.driver" is null]]>
            </message>
            <full-stacktrace>
              <![CDATA[java.lang.NullPointerException: Cannot invoke "org.openqa.selenium.WebDriver.getTitle()" because "this.driver" is null
at stepdef.QueuePageStep.user_navigated_to_practise_test_page(QueuePageStep.java:91)
at ✽.User navigated to Practise Test page(file:///C:/Users/golda/git/DsAlgoProject/DsAlgoProject/src/test/resources/Features/MGraph.feature:35)
]]>
            </full-stacktrace>
          </exception> <!-- java.lang.NullPointerException -->
          <reporter-output>
          </reporter-output>
        </test-method> <!-- runScenario -->
        <test-method signature="runScenario(io.cucumber.testng.PickleWrapper,io.cucumber.testng.FeatureWrapper)[pri:0, instance:runner.DsAlgoTestNGRunner@5e7cd6cc]" started-at="2024-11-23T23:02:03 GMT-05:00" name="runScenario" description="Runs Cucumber Scenarios" data-provider="scenarios" finished-at="2024-11-23T23:02:08 GMT-05:00" duration-ms="5748" status="FAIL">
          <params>
            <param index="0">
              <value>
                <![CDATA["Test Sub Graph Represent Page Practise Test Link"]]>
              </value>
            </param>
            <param index="1">
              <value>
                <![CDATA["Test the Graph page"]]>
              </value>
            </param>
          </params>
          <exception class="java.lang.NullPointerException">
            <message>
              <![CDATA[Cannot invoke "org.openqa.selenium.WebDriver.getTitle()" because "this.driver" is null]]>
            </message>
            <full-stacktrace>
              <![CDATA[java.lang.NullPointerException: Cannot invoke "org.openqa.selenium.WebDriver.getTitle()" because "this.driver" is null
at stepdef.QueuePageStep.user_navigated_to_practise_test_page(QueuePageStep.java:91)
at ✽.User navigated to Practise Test page(file:///C:/Users/golda/git/DsAlgoProject/DsAlgoProject/src/test/resources/Features/MGraph.feature:41)
]]>
            </full-stacktrace>
          </exception> <!-- java.lang.NullPointerException -->
          <reporter-output>
          </reporter-output>
        </test-method> <!-- runScenario -->
        <test-method signature="runScenario(io.cucumber.testng.PickleWrapper,io.cucumber.testng.FeatureWrapper)[pri:0, instance:runner.DsAlgoTestNGRunner@5e7cd6cc]" started-at="2024-11-23T23:02:08 GMT-05:00" name="runScenario" description="Runs Cucumber Scenarios" data-provider="scenarios" finished-at="2024-11-23T23:02:09 GMT-05:00" duration-ms="767" status="FAIL">
          <params>
            <param index="0">
              <value>
                <![CDATA[""]]>
              </value>
            </param>
            <param index="1">
              <value>
                <![CDATA["Test the Graph page"]]>
              </value>
            </param>
          </params>
          <exception class="java.lang.NullPointerException">
            <message>
              <![CDATA[Cannot invoke "util.ExcelReader.getData(String)" because "this.xcelRead" is null]]>
            </message>
            <full-stacktrace>
              <![CDATA[java.lang.NullPointerException: Cannot invoke "util.ExcelReader.getData(String)" because "this.xcelRead" is null
at stepdef.TryEditorPageStep.user_enters_data_from_and(TryEditorPageStep.java:53)
at ✽.User enters data from "Sheet1" and 0(file:///C:/Users/golda/git/DsAlgoProject/DsAlgoProject/src/test/resources/Features/MGraph.feature:48)
]]>
            </full-stacktrace>
          </exception> <!-- java.lang.NullPointerException -->
          <reporter-output>
          </reporter-output>
        </test-method> <!-- runScenario -->
        <test-method signature="runScenario(io.cucumber.testng.PickleWrapper,io.cucumber.testng.FeatureWrapper)[pri:0, instance:runner.DsAlgoTestNGRunner@5e7cd6cc]" started-at="2024-11-23T23:02:09 GMT-05:00" name="runScenario" description="Runs Cucumber Scenarios" data-provider="scenarios" finished-at="2024-11-23T23:02:10 GMT-05:00" duration-ms="829" status="FAIL">
          <params>
            <param index="0">
              <value>
                <![CDATA[""]]>
              </value>
            </param>
            <param index="1">
              <value>
                <![CDATA["Test the Graph page"]]>
              </value>
            </param>
          </params>
          <exception class="java.lang.NullPointerException">
            <message>
              <![CDATA[Cannot invoke "util.ExcelReader.getData(String)" because "this.xcelRead" is null]]>
            </message>
            <full-stacktrace>
              <![CDATA[java.lang.NullPointerException: Cannot invoke "util.ExcelReader.getData(String)" because "this.xcelRead" is null
at stepdef.TryEditorPageStep.user_enters_data_from_and(TryEditorPageStep.java:53)
at ✽.User enters data from "Sheet1" and 0(file:///C:/Users/golda/git/DsAlgoProject/DsAlgoProject/src/test/resources/Features/MGraph.feature:61)
]]>
            </full-stacktrace>
          </exception> <!-- java.lang.NullPointerException -->
          <reporter-output>
          </reporter-output>
        </test-method> <!-- runScenario -->
        <test-method is-config="true" signature="tearDownClass()[pri:0, instance:runner.DsAlgoTestNGRunner@5e7cd6cc]" started-at="2024-11-23T23:02:10 GMT-05:00" name="tearDownClass" finished-at="2024-11-23T23:02:10 GMT-05:00" duration-ms="2" status="PASS">
          <reporter-output>
          </reporter-output>
        </test-method> <!-- tearDownClass -->
      </class> <!-- runner.DsAlgoTestNGRunner -->
    </test> <!-- TestChrome -->
  </suite> <!-- Suite -->
</testng-results>
