<?xml version="1.0" encoding="UTF-8"?>
<testng-results ignored="0" total="135" passed="132" failed="3" skipped="0">
  <reporter-output>
  </reporter-output>
  <suite started-at="2024-11-26T19:55:52 GMT-05:00" name="Suite" finished-at="2024-11-26T20:00:26 GMT-05:00" duration-ms="274442">
    <groups>
      <group name="cucumber">
        <method signature="AbstractTestNGCucumberTests.runScenario(io.cucumber.testng.PickleWrapper,io.cucumber.testng.FeatureWrapper)[pri:0, instance:runner.DsAlgoTestNGRunner@6f8f9349]" name="runScenario" class="io.cucumber.testng.AbstractTestNGCucumberTests"/>
      </group> <!-- cucumber -->
    </groups>
    <test started-at="2024-11-26T19:55:52 GMT-05:00" name="TestChrome" finished-at="2024-11-26T20:00:26 GMT-05:00" duration-ms="274442">
      <class name="runner.DsAlgoTestNGRunner">
        <test-method is-config="true" signature="BeforeClass(java.lang.String)[pri:0, instance:runner.DsAlgoTestNGRunner@6f8f9349]" started-at="2024-11-26T19:55:52 GMT-05:00" name="BeforeClass" finished-at="2024-11-26T19:55:52 GMT-05:00" duration-ms="11" status="PASS">
          <params>
            <param index="0">
              <value>
                <![CDATA[chrome]]>
              </value>
            </param>
          </params>
          <reporter-output>
          </reporter-output>
        </test-method> <!-- BeforeClass -->
        <test-method is-config="true" signature="setUpClass(org.testng.ITestContext)[pri:0, instance:runner.DsAlgoTestNGRunner@6f8f9349]" started-at="2024-11-26T19:55:52 GMT-05:00" name="setUpClass" finished-at="2024-11-26T19:55:52 GMT-05:00" duration-ms="356" status="PASS">
          <params>
            <param index="0">
              <value>
                <![CDATA[org.testng.TestRunner@7aadb5e8]]>
              </value>
            </param>
          </params>
          <reporter-output>
          </reporter-output>
        </test-method> <!-- setUpClass -->
        <test-method signature="runScenario(io.cucumber.testng.PickleWrapper,io.cucumber.testng.FeatureWrapper)[pri:0, instance:runner.DsAlgoTestNGRunner@6f8f9349]" started-at="2024-11-26T19:55:52 GMT-05:00" name="runScenario" description="Runs Cucumber Scenarios" data-provider="scenarios" finished-at="2024-11-26T19:55:54 GMT-05:00" duration-ms="2036" status="PASS">
          <params>
            <param index="0">
              <value>
                <![CDATA["Check the Register Link"]]>
              </value>
            </param>
            <param index="1">
              <value>
                <![CDATA["feature to test the home page"]]>
              </value>
            </param>
          </params>
          <reporter-output>
          </reporter-output>
        </test-method> <!-- runScenario -->
        <test-method signature="runScenario(io.cucumber.testng.PickleWrapper,io.cucumber.testng.FeatureWrapper)[pri:0, instance:runner.DsAlgoTestNGRunner@6f8f9349]" started-at="2024-11-26T19:55:54 GMT-05:00" name="runScenario" description="Runs Cucumber Scenarios" data-provider="scenarios" finished-at="2024-11-26T19:55:58 GMT-05:00" duration-ms="3796" status="PASS">
          <params>
            <param index="0">
              <value>
                <![CDATA["Test the Registration Page"]]>
              </value>
            </param>
            <param index="1">
              <value>
                <![CDATA["feature to test the home page"]]>
              </value>
            </param>
          </params>
          <reporter-output>
          </reporter-output>
        </test-method> <!-- runScenario -->
        <test-method signature="runScenario(io.cucumber.testng.PickleWrapper,io.cucumber.testng.FeatureWrapper)[pri:0, instance:runner.DsAlgoTestNGRunner@6f8f9349]" started-at="2024-11-26T19:55:58 GMT-05:00" name="runScenario" description="Runs Cucumber Scenarios" data-provider="scenarios" finished-at="2024-11-26T19:56:01 GMT-05:00" duration-ms="3301" status="PASS">
          <params>
            <param index="0">
              <value>
                <![CDATA["Test the Registration Page"]]>
              </value>
            </param>
            <param index="1">
              <value>
                <![CDATA["feature to test the home page"]]>
              </value>
            </param>
          </params>
          <reporter-output>
          </reporter-output>
        </test-method> <!-- runScenario -->
        <test-method signature="runScenario(io.cucumber.testng.PickleWrapper,io.cucumber.testng.FeatureWrapper)[pri:0, instance:runner.DsAlgoTestNGRunner@6f8f9349]" started-at="2024-11-26T19:56:01 GMT-05:00" name="runScenario" description="Runs Cucumber Scenarios" data-provider="scenarios" finished-at="2024-11-26T19:56:05 GMT-05:00" duration-ms="3338" status="PASS">
          <params>
            <param index="0">
              <value>
                <![CDATA["Test the Registration Page"]]>
              </value>
            </param>
            <param index="1">
              <value>
                <![CDATA["feature to test the home page"]]>
              </value>
            </param>
          </params>
          <reporter-output>
          </reporter-output>
        </test-method> <!-- runScenario -->
        <test-method signature="runScenario(io.cucumber.testng.PickleWrapper,io.cucumber.testng.FeatureWrapper)[pri:0, instance:runner.DsAlgoTestNGRunner@6f8f9349]" started-at="2024-11-26T19:56:05 GMT-05:00" name="runScenario" description="Runs Cucumber Scenarios" data-provider="scenarios" finished-at="2024-11-26T19:56:05 GMT-05:00" duration-ms="310" status="PASS">
          <params>
            <param index="0">
              <value>
                <![CDATA["Check Before login get started button of Data Structure - intro tab."]]>
              </value>
            </param>
            <param index="1">
              <value>
                <![CDATA["feature to test the home page"]]>
              </value>
            </param>
          </params>
          <reporter-output>
          </reporter-output>
        </test-method> <!-- runScenario -->
        <test-method signature="runScenario(io.cucumber.testng.PickleWrapper,io.cucumber.testng.FeatureWrapper)[pri:0, instance:runner.DsAlgoTestNGRunner@6f8f9349]" started-at="2024-11-26T19:56:05 GMT-05:00" name="runScenario" description="Runs Cucumber Scenarios" data-provider="scenarios" finished-at="2024-11-26T19:56:05 GMT-05:00" duration-ms="273" status="PASS">
          <params>
            <param index="0">
              <value>
                <![CDATA["Check Before login get started button of Array tab."]]>
              </value>
            </param>
            <param index="1">
              <value>
                <![CDATA["feature to test the home page"]]>
              </value>
            </param>
          </params>
          <reporter-output>
          </reporter-output>
        </test-method> <!-- runScenario -->
        <test-method signature="runScenario(io.cucumber.testng.PickleWrapper,io.cucumber.testng.FeatureWrapper)[pri:0, instance:runner.DsAlgoTestNGRunner@6f8f9349]" started-at="2024-11-26T19:56:05 GMT-05:00" name="runScenario" description="Runs Cucumber Scenarios" data-provider="scenarios" finished-at="2024-11-26T19:56:05 GMT-05:00" duration-ms="290" status="PASS">
          <params>
            <param index="0">
              <value>
                <![CDATA["Check Before login get started button of Linked List tab."]]>
              </value>
            </param>
            <param index="1">
              <value>
                <![CDATA["feature to test the home page"]]>
              </value>
            </param>
          </params>
          <reporter-output>
          </reporter-output>
        </test-method> <!-- runScenario -->
        <test-method signature="runScenario(io.cucumber.testng.PickleWrapper,io.cucumber.testng.FeatureWrapper)[pri:0, instance:runner.DsAlgoTestNGRunner@6f8f9349]" started-at="2024-11-26T19:56:05 GMT-05:00" name="runScenario" description="Runs Cucumber Scenarios" data-provider="scenarios" finished-at="2024-11-26T19:56:06 GMT-05:00" duration-ms="322" status="PASS">
          <params>
            <param index="0">
              <value>
                <![CDATA["Check Before login get started button of Stack  tab."]]>
              </value>
            </param>
            <param index="1">
              <value>
                <![CDATA["feature to test the home page"]]>
              </value>
            </param>
          </params>
          <reporter-output>
          </reporter-output>
        </test-method> <!-- runScenario -->
        <test-method signature="runScenario(io.cucumber.testng.PickleWrapper,io.cucumber.testng.FeatureWrapper)[pri:0, instance:runner.DsAlgoTestNGRunner@6f8f9349]" started-at="2024-11-26T19:56:06 GMT-05:00" name="runScenario" description="Runs Cucumber Scenarios" data-provider="scenarios" finished-at="2024-11-26T19:56:06 GMT-05:00" duration-ms="274" status="PASS">
          <params>
            <param index="0">
              <value>
                <![CDATA["Check Before login get started button of Queue tab."]]>
              </value>
            </param>
            <param index="1">
              <value>
                <![CDATA["feature to test the home page"]]>
              </value>
            </param>
          </params>
          <reporter-output>
          </reporter-output>
        </test-method> <!-- runScenario -->
        <test-method signature="runScenario(io.cucumber.testng.PickleWrapper,io.cucumber.testng.FeatureWrapper)[pri:0, instance:runner.DsAlgoTestNGRunner@6f8f9349]" started-at="2024-11-26T19:56:06 GMT-05:00" name="runScenario" description="Runs Cucumber Scenarios" data-provider="scenarios" finished-at="2024-11-26T19:56:06 GMT-05:00" duration-ms="307" status="PASS">
          <params>
            <param index="0">
              <value>
                <![CDATA["Check Before login get started button of tree tab."]]>
              </value>
            </param>
            <param index="1">
              <value>
                <![CDATA["feature to test the home page"]]>
              </value>
            </param>
          </params>
          <reporter-output>
          </reporter-output>
        </test-method> <!-- runScenario -->
        <test-method signature="runScenario(io.cucumber.testng.PickleWrapper,io.cucumber.testng.FeatureWrapper)[pri:0, instance:runner.DsAlgoTestNGRunner@6f8f9349]" started-at="2024-11-26T19:56:06 GMT-05:00" name="runScenario" description="Runs Cucumber Scenarios" data-provider="scenarios" finished-at="2024-11-26T19:56:07 GMT-05:00" duration-ms="287" status="PASS">
          <params>
            <param index="0">
              <value>
                <![CDATA["Check Before login get started button of graph tab."]]>
              </value>
            </param>
            <param index="1">
              <value>
                <![CDATA["feature to test the home page"]]>
              </value>
            </param>
          </params>
          <reporter-output>
          </reporter-output>
        </test-method> <!-- runScenario -->
        <test-method signature="runScenario(io.cucumber.testng.PickleWrapper,io.cucumber.testng.FeatureWrapper)[pri:0, instance:runner.DsAlgoTestNGRunner@6f8f9349]" started-at="2024-11-26T19:56:07 GMT-05:00" name="runScenario" description="Runs Cucumber Scenarios" data-provider="scenarios" finished-at="2024-11-26T19:56:07 GMT-05:00" duration-ms="236" status="PASS">
          <params>
            <param index="0">
              <value>
                <![CDATA["Check the Sign in Link"]]>
              </value>
            </param>
            <param index="1">
              <value>
                <![CDATA["feature to test the home page"]]>
              </value>
            </param>
          </params>
          <reporter-output>
          </reporter-output>
        </test-method> <!-- runScenario -->
        <test-method signature="runScenario(io.cucumber.testng.PickleWrapper,io.cucumber.testng.FeatureWrapper)[pri:0, instance:runner.DsAlgoTestNGRunner@6f8f9349]" started-at="2024-11-26T19:56:07 GMT-05:00" name="runScenario" description="Runs Cucumber Scenarios" data-provider="scenarios" finished-at="2024-11-26T19:56:08 GMT-05:00" duration-ms="1438" status="PASS">
          <params>
            <param index="0">
              <value>
                <![CDATA["Check login  with valid credentials."]]>
              </value>
            </param>
            <param index="1">
              <value>
                <![CDATA["feature to test the home page"]]>
              </value>
            </param>
          </params>
          <reporter-output>
          </reporter-output>
        </test-method> <!-- runScenario -->
        <test-method signature="runScenario(io.cucumber.testng.PickleWrapper,io.cucumber.testng.FeatureWrapper)[pri:0, instance:runner.DsAlgoTestNGRunner@6f8f9349]" started-at="2024-11-26T19:56:08 GMT-05:00" name="runScenario" description="Runs Cucumber Scenarios" data-provider="scenarios" finished-at="2024-11-26T19:56:10 GMT-05:00" duration-ms="1359" status="PASS">
          <params>
            <param index="0">
              <value>
                <![CDATA["Check login  with valid credentials."]]>
              </value>
            </param>
            <param index="1">
              <value>
                <![CDATA["feature to test the home page"]]>
              </value>
            </param>
          </params>
          <reporter-output>
          </reporter-output>
        </test-method> <!-- runScenario -->
        <test-method signature="runScenario(io.cucumber.testng.PickleWrapper,io.cucumber.testng.FeatureWrapper)[pri:0, instance:runner.DsAlgoTestNGRunner@6f8f9349]" started-at="2024-11-26T19:56:10 GMT-05:00" name="runScenario" description="Runs Cucumber Scenarios" data-provider="scenarios" finished-at="2024-11-26T19:56:11 GMT-05:00" duration-ms="1529" status="PASS">
          <params>
            <param index="0">
              <value>
                <![CDATA["Check login  with valid credentials."]]>
              </value>
            </param>
            <param index="1">
              <value>
                <![CDATA["feature to test the home page"]]>
              </value>
            </param>
          </params>
          <reporter-output>
          </reporter-output>
        </test-method> <!-- runScenario -->
        <test-method signature="runScenario(io.cucumber.testng.PickleWrapper,io.cucumber.testng.FeatureWrapper)[pri:0, instance:runner.DsAlgoTestNGRunner@6f8f9349]" started-at="2024-11-26T19:56:11 GMT-05:00" name="runScenario" description="Runs Cucumber Scenarios" data-provider="scenarios" finished-at="2024-11-26T19:56:11 GMT-05:00" duration-ms="302" status="PASS">
          <params>
            <param index="0">
              <value>
                <![CDATA["Check get started button of Data Structure - intro tab."]]>
              </value>
            </param>
            <param index="1">
              <value>
                <![CDATA["feature to test the home page"]]>
              </value>
            </param>
          </params>
          <reporter-output>
          </reporter-output>
        </test-method> <!-- runScenario -->
        <test-method signature="runScenario(io.cucumber.testng.PickleWrapper,io.cucumber.testng.FeatureWrapper)[pri:0, instance:runner.DsAlgoTestNGRunner@6f8f9349]" started-at="2024-11-26T19:56:11 GMT-05:00" name="runScenario" description="Runs Cucumber Scenarios" data-provider="scenarios" finished-at="2024-11-26T19:56:12 GMT-05:00" duration-ms="312" status="PASS">
          <params>
            <param index="0">
              <value>
                <![CDATA["Check get started button of Array tab."]]>
              </value>
            </param>
            <param index="1">
              <value>
                <![CDATA["feature to test the home page"]]>
              </value>
            </param>
          </params>
          <reporter-output>
          </reporter-output>
        </test-method> <!-- runScenario -->
        <test-method signature="runScenario(io.cucumber.testng.PickleWrapper,io.cucumber.testng.FeatureWrapper)[pri:0, instance:runner.DsAlgoTestNGRunner@6f8f9349]" started-at="2024-11-26T19:56:12 GMT-05:00" name="runScenario" description="Runs Cucumber Scenarios" data-provider="scenarios" finished-at="2024-11-26T19:56:12 GMT-05:00" duration-ms="356" status="PASS">
          <params>
            <param index="0">
              <value>
                <![CDATA["Check get started button of Linked List tab."]]>
              </value>
            </param>
            <param index="1">
              <value>
                <![CDATA["feature to test the home page"]]>
              </value>
            </param>
          </params>
          <reporter-output>
          </reporter-output>
        </test-method> <!-- runScenario -->
        <test-method signature="runScenario(io.cucumber.testng.PickleWrapper,io.cucumber.testng.FeatureWrapper)[pri:0, instance:runner.DsAlgoTestNGRunner@6f8f9349]" started-at="2024-11-26T19:56:12 GMT-05:00" name="runScenario" description="Runs Cucumber Scenarios" data-provider="scenarios" finished-at="2024-11-26T19:56:12 GMT-05:00" duration-ms="300" status="PASS">
          <params>
            <param index="0">
              <value>
                <![CDATA["Check get started button of Stack  tab."]]>
              </value>
            </param>
            <param index="1">
              <value>
                <![CDATA["feature to test the home page"]]>
              </value>
            </param>
          </params>
          <reporter-output>
          </reporter-output>
        </test-method> <!-- runScenario -->
        <test-method signature="runScenario(io.cucumber.testng.PickleWrapper,io.cucumber.testng.FeatureWrapper)[pri:0, instance:runner.DsAlgoTestNGRunner@6f8f9349]" started-at="2024-11-26T19:56:12 GMT-05:00" name="runScenario" description="Runs Cucumber Scenarios" data-provider="scenarios" finished-at="2024-11-26T19:56:13 GMT-05:00" duration-ms="314" status="PASS">
          <params>
            <param index="0">
              <value>
                <![CDATA["Check get started button of Queue tab."]]>
              </value>
            </param>
            <param index="1">
              <value>
                <![CDATA["feature to test the home page"]]>
              </value>
            </param>
          </params>
          <reporter-output>
          </reporter-output>
        </test-method> <!-- runScenario -->
        <test-method signature="runScenario(io.cucumber.testng.PickleWrapper,io.cucumber.testng.FeatureWrapper)[pri:0, instance:runner.DsAlgoTestNGRunner@6f8f9349]" started-at="2024-11-26T19:56:13 GMT-05:00" name="runScenario" description="Runs Cucumber Scenarios" data-provider="scenarios" finished-at="2024-11-26T19:56:13 GMT-05:00" duration-ms="302" status="PASS">
          <params>
            <param index="0">
              <value>
                <![CDATA["Check get started button of tree tab."]]>
              </value>
            </param>
            <param index="1">
              <value>
                <![CDATA["feature to test the home page"]]>
              </value>
            </param>
          </params>
          <reporter-output>
          </reporter-output>
        </test-method> <!-- runScenario -->
        <test-method signature="runScenario(io.cucumber.testng.PickleWrapper,io.cucumber.testng.FeatureWrapper)[pri:0, instance:runner.DsAlgoTestNGRunner@6f8f9349]" started-at="2024-11-26T19:56:13 GMT-05:00" name="runScenario" description="Runs Cucumber Scenarios" data-provider="scenarios" finished-at="2024-11-26T19:56:13 GMT-05:00" duration-ms="291" status="PASS">
          <params>
            <param index="0">
              <value>
                <![CDATA["Check get started button of graph tab."]]>
              </value>
            </param>
            <param index="1">
              <value>
                <![CDATA["feature to test the home page"]]>
              </value>
            </param>
          </params>
          <reporter-output>
          </reporter-output>
        </test-method> <!-- runScenario -->
        <test-method signature="runScenario(io.cucumber.testng.PickleWrapper,io.cucumber.testng.FeatureWrapper)[pri:0, instance:runner.DsAlgoTestNGRunner@6f8f9349]" started-at="2024-11-26T19:56:13 GMT-05:00" name="runScenario" description="Runs Cucumber Scenarios" data-provider="scenarios" finished-at="2024-11-26T19:56:14 GMT-05:00" duration-ms="376" status="PASS">
          <params>
            <param index="0">
              <value>
                <![CDATA["Check the Stack page"]]>
              </value>
            </param>
            <param index="1">
              <value>
                <![CDATA["Feature to test the Stack page"]]>
              </value>
            </param>
          </params>
          <reporter-output>
          </reporter-output>
        </test-method> <!-- runScenario -->
        <test-method signature="runScenario(io.cucumber.testng.PickleWrapper,io.cucumber.testng.FeatureWrapper)[pri:0, instance:runner.DsAlgoTestNGRunner@6f8f9349]" started-at="2024-11-26T19:56:14 GMT-05:00" name="runScenario" description="Runs Cucumber Scenarios" data-provider="scenarios" finished-at="2024-11-26T19:56:14 GMT-05:00" duration-ms="622" status="PASS">
          <params>
            <param index="0">
              <value>
                <![CDATA["Check the Operations in Stack page"]]>
              </value>
            </param>
            <param index="1">
              <value>
                <![CDATA["Feature to test the Stack page"]]>
              </value>
            </param>
          </params>
          <reporter-output>
          </reporter-output>
        </test-method> <!-- runScenario -->
        <test-method signature="runScenario(io.cucumber.testng.PickleWrapper,io.cucumber.testng.FeatureWrapper)[pri:0, instance:runner.DsAlgoTestNGRunner@6f8f9349]" started-at="2024-11-26T19:56:14 GMT-05:00" name="runScenario" description="Runs Cucumber Scenarios" data-provider="scenarios" finished-at="2024-11-26T19:56:15 GMT-05:00" duration-ms="496" status="PASS">
          <params>
            <param index="0">
              <value>
                <![CDATA["Check the Implementation page"]]>
              </value>
            </param>
            <param index="1">
              <value>
                <![CDATA["Feature to test the Stack page"]]>
              </value>
            </param>
          </params>
          <reporter-output>
          </reporter-output>
        </test-method> <!-- runScenario -->
        <test-method signature="runScenario(io.cucumber.testng.PickleWrapper,io.cucumber.testng.FeatureWrapper)[pri:0, instance:runner.DsAlgoTestNGRunner@6f8f9349]" started-at="2024-11-26T19:56:15 GMT-05:00" name="runScenario" description="Runs Cucumber Scenarios" data-provider="scenarios" finished-at="2024-11-26T19:56:15 GMT-05:00" duration-ms="533" status="PASS">
          <params>
            <param index="0">
              <value>
                <![CDATA["Check the Applications page"]]>
              </value>
            </param>
            <param index="1">
              <value>
                <![CDATA["Feature to test the Stack page"]]>
              </value>
            </param>
          </params>
          <reporter-output>
          </reporter-output>
        </test-method> <!-- runScenario -->
        <test-method signature="runScenario(io.cucumber.testng.PickleWrapper,io.cucumber.testng.FeatureWrapper)[pri:0, instance:runner.DsAlgoTestNGRunner@6f8f9349]" started-at="2024-11-26T19:56:15 GMT-05:00" name="runScenario" description="Runs Cucumber Scenarios" data-provider="scenarios" finished-at="2024-11-26T19:56:16 GMT-05:00" duration-ms="646" status="PASS">
          <params>
            <param index="0">
              <value>
                <![CDATA["Check the Operations in Stack page"]]>
              </value>
            </param>
            <param index="1">
              <value>
                <![CDATA["Feature to test the Stack page"]]>
              </value>
            </param>
          </params>
          <reporter-output>
          </reporter-output>
        </test-method> <!-- runScenario -->
        <test-method signature="runScenario(io.cucumber.testng.PickleWrapper,io.cucumber.testng.FeatureWrapper)[pri:0, instance:runner.DsAlgoTestNGRunner@6f8f9349]" started-at="2024-11-26T19:56:16 GMT-05:00" name="runScenario" description="Runs Cucumber Scenarios" data-provider="scenarios" finished-at="2024-11-26T19:56:17 GMT-05:00" duration-ms="702" status="PASS">
          <params>
            <param index="0">
              <value>
                <![CDATA["Check the Operations Implementation page"]]>
              </value>
            </param>
            <param index="1">
              <value>
                <![CDATA["Feature to test the Stack page"]]>
              </value>
            </param>
          </params>
          <reporter-output>
          </reporter-output>
        </test-method> <!-- runScenario -->
        <test-method signature="runScenario(io.cucumber.testng.PickleWrapper,io.cucumber.testng.FeatureWrapper)[pri:0, instance:runner.DsAlgoTestNGRunner@6f8f9349]" started-at="2024-11-26T19:56:17 GMT-05:00" name="runScenario" description="Runs Cucumber Scenarios" data-provider="scenarios" finished-at="2024-11-26T19:56:17 GMT-05:00" duration-ms="679" status="PASS">
          <params>
            <param index="0">
              <value>
                <![CDATA["Check the Operations in Applications page"]]>
              </value>
            </param>
            <param index="1">
              <value>
                <![CDATA["Feature to test the Stack page"]]>
              </value>
            </param>
          </params>
          <reporter-output>
          </reporter-output>
        </test-method> <!-- runScenario -->
        <test-method signature="runScenario(io.cucumber.testng.PickleWrapper,io.cucumber.testng.FeatureWrapper)[pri:0, instance:runner.DsAlgoTestNGRunner@6f8f9349]" started-at="2024-11-26T19:56:17 GMT-05:00" name="runScenario" description="Runs Cucumber Scenarios" data-provider="scenarios" finished-at="2024-11-26T19:56:18 GMT-05:00" duration-ms="680" status="FAIL">
          <params>
            <param index="0">
              <value>
                <![CDATA["Check the Operations in Applications page"]]>
              </value>
            </param>
            <param index="1">
              <value>
                <![CDATA["Feature to test the Stack page"]]>
              </value>
            </param>
          </params>
          <exception class="java.lang.AssertionError">
            <message>
              <![CDATA[expected [ Practice Questions ] but found [Practice Questions]]]>
            </message>
            <full-stacktrace>
              <![CDATA[java.lang.AssertionError: expected [ Practice Questions ] but found [Practice Questions]
at org.testng.Assert.fail(Assert.java:111)
at org.testng.Assert.failNotEquals(Assert.java:1578)
at org.testng.Assert.assertEqualsImpl(Assert.java:150)
at org.testng.Assert.assertEquals(Assert.java:132)
at org.testng.Assert.assertEquals(Assert.java:656)
at org.testng.Assert.assertEquals(Assert.java:666)
at stepdef.Stackstepdef.user_navigated_to_practice_page(Stackstepdef.java:107)
at ✽.User navigated to Practice Page(file:///C:/Users/golda/git/DsAlgoProject/DsAlgoProject/src/test/resources/Features/BStackpage.feature:55)
]]>
            </full-stacktrace>
          </exception> <!-- java.lang.AssertionError -->
          <reporter-output>
          </reporter-output>
        </test-method> <!-- runScenario -->
        <test-method signature="runScenario(io.cucumber.testng.PickleWrapper,io.cucumber.testng.FeatureWrapper)[pri:0, instance:runner.DsAlgoTestNGRunner@6f8f9349]" started-at="2024-11-26T19:56:18 GMT-05:00" name="runScenario" description="Runs Cucumber Scenarios" data-provider="scenarios" finished-at="2024-11-26T19:56:20 GMT-05:00" duration-ms="1585" status="PASS">
          <params>
            <param index="0">
              <value>
                <![CDATA["Check the Operations in Stack page"]]>
              </value>
            </param>
            <param index="1">
              <value>
                <![CDATA["Feature to test the Stack page"]]>
              </value>
            </param>
          </params>
          <reporter-output>
          </reporter-output>
        </test-method> <!-- runScenario -->
        <test-method signature="runScenario(io.cucumber.testng.PickleWrapper,io.cucumber.testng.FeatureWrapper)[pri:0, instance:runner.DsAlgoTestNGRunner@6f8f9349]" started-at="2024-11-26T19:56:20 GMT-05:00" name="runScenario" description="Runs Cucumber Scenarios" data-provider="scenarios" finished-at="2024-11-26T19:56:21 GMT-05:00" duration-ms="1443" status="PASS">
          <params>
            <param index="0">
              <value>
                <![CDATA["Check the Operations Implementation page"]]>
              </value>
            </param>
            <param index="1">
              <value>
                <![CDATA["Feature to test the Stack page"]]>
              </value>
            </param>
          </params>
          <reporter-output>
          </reporter-output>
        </test-method> <!-- runScenario -->
        <test-method signature="runScenario(io.cucumber.testng.PickleWrapper,io.cucumber.testng.FeatureWrapper)[pri:0, instance:runner.DsAlgoTestNGRunner@6f8f9349]" started-at="2024-11-26T19:56:21 GMT-05:00" name="runScenario" description="Runs Cucumber Scenarios" data-provider="scenarios" finished-at="2024-11-26T19:56:22 GMT-05:00" duration-ms="1219" status="PASS">
          <params>
            <param index="0">
              <value>
                <![CDATA["Check the Operations in Applications page"]]>
              </value>
            </param>
            <param index="1">
              <value>
                <![CDATA["Feature to test the Stack page"]]>
              </value>
            </param>
          </params>
          <reporter-output>
          </reporter-output>
        </test-method> <!-- runScenario -->
        <test-method signature="runScenario(io.cucumber.testng.PickleWrapper,io.cucumber.testng.FeatureWrapper)[pri:0, instance:runner.DsAlgoTestNGRunner@6f8f9349]" started-at="2024-11-26T19:56:22 GMT-05:00" name="runScenario" description="Runs Cucumber Scenarios" data-provider="scenarios" finished-at="2024-11-26T19:56:27 GMT-05:00" duration-ms="4731" status="PASS">
          <params>
            <param index="0">
              <value>
                <![CDATA["Test the Introduction Link"]]>
              </value>
            </param>
            <param index="1">
              <value>
                <![CDATA["feature to test LinkedList page"]]>
              </value>
            </param>
          </params>
          <reporter-output>
          </reporter-output>
        </test-method> <!-- runScenario -->
        <test-method signature="runScenario(io.cucumber.testng.PickleWrapper,io.cucumber.testng.FeatureWrapper)[pri:0, instance:runner.DsAlgoTestNGRunner@6f8f9349]" started-at="2024-11-26T19:56:27 GMT-05:00" name="runScenario" description="Runs Cucumber Scenarios" data-provider="scenarios" finished-at="2024-11-26T19:56:30 GMT-05:00" duration-ms="2802" status="PASS">
          <params>
            <param index="0">
              <value>
                <![CDATA["Test the Create Link"]]>
              </value>
            </param>
            <param index="1">
              <value>
                <![CDATA["feature to test LinkedList page"]]>
              </value>
            </param>
          </params>
          <reporter-output>
          </reporter-output>
        </test-method> <!-- runScenario -->
        <test-method signature="runScenario(io.cucumber.testng.PickleWrapper,io.cucumber.testng.FeatureWrapper)[pri:0, instance:runner.DsAlgoTestNGRunner@6f8f9349]" started-at="2024-11-26T19:56:30 GMT-05:00" name="runScenario" description="Runs Cucumber Scenarios" data-provider="scenarios" finished-at="2024-11-26T19:56:35 GMT-05:00" duration-ms="4790" status="PASS">
          <params>
            <param index="0">
              <value>
                <![CDATA["Test the TypesOf Link"]]>
              </value>
            </param>
            <param index="1">
              <value>
                <![CDATA["feature to test LinkedList page"]]>
              </value>
            </param>
          </params>
          <reporter-output>
          </reporter-output>
        </test-method> <!-- runScenario -->
        <test-method signature="runScenario(io.cucumber.testng.PickleWrapper,io.cucumber.testng.FeatureWrapper)[pri:0, instance:runner.DsAlgoTestNGRunner@6f8f9349]" started-at="2024-11-26T19:56:35 GMT-05:00" name="runScenario" description="Runs Cucumber Scenarios" data-provider="scenarios" finished-at="2024-11-26T19:56:39 GMT-05:00" duration-ms="4743" status="PASS">
          <params>
            <param index="0">
              <value>
                <![CDATA["Test the Implement Link"]]>
              </value>
            </param>
            <param index="1">
              <value>
                <![CDATA["feature to test LinkedList page"]]>
              </value>
            </param>
          </params>
          <reporter-output>
          </reporter-output>
        </test-method> <!-- runScenario -->
        <test-method signature="runScenario(io.cucumber.testng.PickleWrapper,io.cucumber.testng.FeatureWrapper)[pri:0, instance:runner.DsAlgoTestNGRunner@6f8f9349]" started-at="2024-11-26T19:56:39 GMT-05:00" name="runScenario" description="Runs Cucumber Scenarios" data-provider="scenarios" finished-at="2024-11-26T19:56:44 GMT-05:00" duration-ms="4696" status="PASS">
          <params>
            <param index="0">
              <value>
                <![CDATA["Test the Traversal Link"]]>
              </value>
            </param>
            <param index="1">
              <value>
                <![CDATA["feature to test LinkedList page"]]>
              </value>
            </param>
          </params>
          <reporter-output>
          </reporter-output>
        </test-method> <!-- runScenario -->
        <test-method signature="runScenario(io.cucumber.testng.PickleWrapper,io.cucumber.testng.FeatureWrapper)[pri:0, instance:runner.DsAlgoTestNGRunner@6f8f9349]" started-at="2024-11-26T19:56:44 GMT-05:00" name="runScenario" description="Runs Cucumber Scenarios" data-provider="scenarios" finished-at="2024-11-26T19:56:49 GMT-05:00" duration-ms="4702" status="PASS">
          <params>
            <param index="0">
              <value>
                <![CDATA["Test the Insert Link"]]>
              </value>
            </param>
            <param index="1">
              <value>
                <![CDATA["feature to test LinkedList page"]]>
              </value>
            </param>
          </params>
          <reporter-output>
          </reporter-output>
        </test-method> <!-- runScenario -->
        <test-method signature="runScenario(io.cucumber.testng.PickleWrapper,io.cucumber.testng.FeatureWrapper)[pri:0, instance:runner.DsAlgoTestNGRunner@6f8f9349]" started-at="2024-11-26T19:56:49 GMT-05:00" name="runScenario" description="Runs Cucumber Scenarios" data-provider="scenarios" finished-at="2024-11-26T19:56:51 GMT-05:00" duration-ms="2590" status="PASS">
          <params>
            <param index="0">
              <value>
                <![CDATA["Test the Delete Link"]]>
              </value>
            </param>
            <param index="1">
              <value>
                <![CDATA["feature to test LinkedList page"]]>
              </value>
            </param>
          </params>
          <reporter-output>
          </reporter-output>
        </test-method> <!-- runScenario -->
        <test-method signature="runScenario(io.cucumber.testng.PickleWrapper,io.cucumber.testng.FeatureWrapper)[pri:0, instance:runner.DsAlgoTestNGRunner@6f8f9349]" started-at="2024-11-26T19:56:51 GMT-05:00" name="runScenario" description="Runs Cucumber Scenarios" data-provider="scenarios" finished-at="2024-11-26T19:56:56 GMT-05:00" duration-ms="4705" status="PASS">
          <params>
            <param index="0">
              <value>
                <![CDATA["Test Introduction Page Introduction Link"]]>
              </value>
            </param>
            <param index="1">
              <value>
                <![CDATA["feature to test LinkedList page"]]>
              </value>
            </param>
          </params>
          <reporter-output>
          </reporter-output>
        </test-method> <!-- runScenario -->
        <test-method signature="runScenario(io.cucumber.testng.PickleWrapper,io.cucumber.testng.FeatureWrapper)[pri:0, instance:runner.DsAlgoTestNGRunner@6f8f9349]" started-at="2024-11-26T19:56:56 GMT-05:00" name="runScenario" description="Runs Cucumber Scenarios" data-provider="scenarios" finished-at="2024-11-26T19:57:01 GMT-05:00" duration-ms="4826" status="PASS">
          <params>
            <param index="0">
              <value>
                <![CDATA["Test Introduction Page Creating LinkedList Link"]]>
              </value>
            </param>
            <param index="1">
              <value>
                <![CDATA["feature to test LinkedList page"]]>
              </value>
            </param>
          </params>
          <reporter-output>
          </reporter-output>
        </test-method> <!-- runScenario -->
        <test-method signature="runScenario(io.cucumber.testng.PickleWrapper,io.cucumber.testng.FeatureWrapper)[pri:0, instance:runner.DsAlgoTestNGRunner@6f8f9349]" started-at="2024-11-26T19:57:01 GMT-05:00" name="runScenario" description="Runs Cucumber Scenarios" data-provider="scenarios" finished-at="2024-11-26T19:57:06 GMT-05:00" duration-ms="4777" status="PASS">
          <params>
            <param index="0">
              <value>
                <![CDATA["Test Introduction Page TyesOf LinkedList Link"]]>
              </value>
            </param>
            <param index="1">
              <value>
                <![CDATA["feature to test LinkedList page"]]>
              </value>
            </param>
          </params>
          <reporter-output>
          </reporter-output>
        </test-method> <!-- runScenario -->
        <test-method signature="runScenario(io.cucumber.testng.PickleWrapper,io.cucumber.testng.FeatureWrapper)[pri:0, instance:runner.DsAlgoTestNGRunner@6f8f9349]" started-at="2024-11-26T19:57:06 GMT-05:00" name="runScenario" description="Runs Cucumber Scenarios" data-provider="scenarios" finished-at="2024-11-26T19:57:10 GMT-05:00" duration-ms="4725" status="PASS">
          <params>
            <param index="0">
              <value>
                <![CDATA["Test Introduction Page Implement Link"]]>
              </value>
            </param>
            <param index="1">
              <value>
                <![CDATA["feature to test LinkedList page"]]>
              </value>
            </param>
          </params>
          <reporter-output>
          </reporter-output>
        </test-method> <!-- runScenario -->
        <test-method signature="runScenario(io.cucumber.testng.PickleWrapper,io.cucumber.testng.FeatureWrapper)[pri:0, instance:runner.DsAlgoTestNGRunner@6f8f9349]" started-at="2024-11-26T19:57:10 GMT-05:00" name="runScenario" description="Runs Cucumber Scenarios" data-provider="scenarios" finished-at="2024-11-26T19:57:15 GMT-05:00" duration-ms="4625" status="PASS">
          <params>
            <param index="0">
              <value>
                <![CDATA["Test Introduction Page Traverse LinkedList Link"]]>
              </value>
            </param>
            <param index="1">
              <value>
                <![CDATA["feature to test LinkedList page"]]>
              </value>
            </param>
          </params>
          <reporter-output>
          </reporter-output>
        </test-method> <!-- runScenario -->
        <test-method signature="runScenario(io.cucumber.testng.PickleWrapper,io.cucumber.testng.FeatureWrapper)[pri:0, instance:runner.DsAlgoTestNGRunner@6f8f9349]" started-at="2024-11-26T19:57:15 GMT-05:00" name="runScenario" description="Runs Cucumber Scenarios" data-provider="scenarios" finished-at="2024-11-26T19:57:20 GMT-05:00" duration-ms="4702" status="PASS">
          <params>
            <param index="0">
              <value>
                <![CDATA["Test Introduction Page Insert LinkedList Link"]]>
              </value>
            </param>
            <param index="1">
              <value>
                <![CDATA["feature to test LinkedList page"]]>
              </value>
            </param>
          </params>
          <reporter-output>
          </reporter-output>
        </test-method> <!-- runScenario -->
        <test-method signature="runScenario(io.cucumber.testng.PickleWrapper,io.cucumber.testng.FeatureWrapper)[pri:0, instance:runner.DsAlgoTestNGRunner@6f8f9349]" started-at="2024-11-26T19:57:20 GMT-05:00" name="runScenario" description="Runs Cucumber Scenarios" data-provider="scenarios" finished-at="2024-11-26T19:57:25 GMT-05:00" duration-ms="4832" status="PASS">
          <params>
            <param index="0">
              <value>
                <![CDATA["Test Introduction Page Delete LinkedList Link"]]>
              </value>
            </param>
            <param index="1">
              <value>
                <![CDATA["feature to test LinkedList page"]]>
              </value>
            </param>
          </params>
          <reporter-output>
          </reporter-output>
        </test-method> <!-- runScenario -->
        <test-method signature="runScenario(io.cucumber.testng.PickleWrapper,io.cucumber.testng.FeatureWrapper)[pri:0, instance:runner.DsAlgoTestNGRunner@6f8f9349]" started-at="2024-11-26T19:57:25 GMT-05:00" name="runScenario" description="Runs Cucumber Scenarios" data-provider="scenarios" finished-at="2024-11-26T19:57:28 GMT-05:00" duration-ms="3421" status="PASS">
          <params>
            <param index="0">
              <value>
                <![CDATA["Test Introduction Practise Question Link"]]>
              </value>
            </param>
            <param index="1">
              <value>
                <![CDATA["feature to test LinkedList page"]]>
              </value>
            </param>
          </params>
          <reporter-output>
          </reporter-output>
        </test-method> <!-- runScenario -->
        <test-method signature="runScenario(io.cucumber.testng.PickleWrapper,io.cucumber.testng.FeatureWrapper)[pri:0, instance:runner.DsAlgoTestNGRunner@6f8f9349]" started-at="2024-11-26T19:57:28 GMT-05:00" name="runScenario" description="Runs Cucumber Scenarios" data-provider="scenarios" finished-at="2024-11-26T19:57:31 GMT-05:00" duration-ms="2978" status="PASS">
          <params>
            <param index="0">
              <value>
                <![CDATA[""]]>
              </value>
            </param>
            <param index="1">
              <value>
                <![CDATA["feature to test LinkedList page"]]>
              </value>
            </param>
          </params>
          <reporter-output>
          </reporter-output>
        </test-method> <!-- runScenario -->
        <test-method signature="runScenario(io.cucumber.testng.PickleWrapper,io.cucumber.testng.FeatureWrapper)[pri:0, instance:runner.DsAlgoTestNGRunner@6f8f9349]" started-at="2024-11-26T19:57:31 GMT-05:00" name="runScenario" description="Runs Cucumber Scenarios" data-provider="scenarios" finished-at="2024-11-26T19:57:32 GMT-05:00" duration-ms="842" status="PASS">
          <params>
            <param index="0">
              <value>
                <![CDATA[""]]>
              </value>
            </param>
            <param index="1">
              <value>
                <![CDATA["feature to test LinkedList page"]]>
              </value>
            </param>
          </params>
          <reporter-output>
          </reporter-output>
        </test-method> <!-- runScenario -->
        <test-method signature="runScenario(io.cucumber.testng.PickleWrapper,io.cucumber.testng.FeatureWrapper)[pri:0, instance:runner.DsAlgoTestNGRunner@6f8f9349]" started-at="2024-11-26T19:57:32 GMT-05:00" name="runScenario" description="Runs Cucumber Scenarios" data-provider="scenarios" finished-at="2024-11-26T19:57:35 GMT-05:00" duration-ms="2946" status="PASS">
          <params>
            <param index="0">
              <value>
                <![CDATA[""]]>
              </value>
            </param>
            <param index="1">
              <value>
                <![CDATA["feature to test LinkedList page"]]>
              </value>
            </param>
          </params>
          <reporter-output>
          </reporter-output>
        </test-method> <!-- runScenario -->
        <test-method signature="runScenario(io.cucumber.testng.PickleWrapper,io.cucumber.testng.FeatureWrapper)[pri:0, instance:runner.DsAlgoTestNGRunner@6f8f9349]" started-at="2024-11-26T19:57:35 GMT-05:00" name="runScenario" description="Runs Cucumber Scenarios" data-provider="scenarios" finished-at="2024-11-26T19:57:38 GMT-05:00" duration-ms="2923" status="PASS">
          <params>
            <param index="0">
              <value>
                <![CDATA[""]]>
              </value>
            </param>
            <param index="1">
              <value>
                <![CDATA["feature to test LinkedList page"]]>
              </value>
            </param>
          </params>
          <reporter-output>
          </reporter-output>
        </test-method> <!-- runScenario -->
        <test-method signature="runScenario(io.cucumber.testng.PickleWrapper,io.cucumber.testng.FeatureWrapper)[pri:0, instance:runner.DsAlgoTestNGRunner@6f8f9349]" started-at="2024-11-26T19:57:38 GMT-05:00" name="runScenario" description="Runs Cucumber Scenarios" data-provider="scenarios" finished-at="2024-11-26T19:57:41 GMT-05:00" duration-ms="3045" status="PASS">
          <params>
            <param index="0">
              <value>
                <![CDATA[""]]>
              </value>
            </param>
            <param index="1">
              <value>
                <![CDATA["feature to test LinkedList page"]]>
              </value>
            </param>
          </params>
          <reporter-output>
          </reporter-output>
        </test-method> <!-- runScenario -->
        <test-method signature="runScenario(io.cucumber.testng.PickleWrapper,io.cucumber.testng.FeatureWrapper)[pri:0, instance:runner.DsAlgoTestNGRunner@6f8f9349]" started-at="2024-11-26T19:57:41 GMT-05:00" name="runScenario" description="Runs Cucumber Scenarios" data-provider="scenarios" finished-at="2024-11-26T19:57:44 GMT-05:00" duration-ms="2881" status="PASS">
          <params>
            <param index="0">
              <value>
                <![CDATA[""]]>
              </value>
            </param>
            <param index="1">
              <value>
                <![CDATA["feature to test LinkedList page"]]>
              </value>
            </param>
          </params>
          <reporter-output>
          </reporter-output>
        </test-method> <!-- runScenario -->
        <test-method signature="runScenario(io.cucumber.testng.PickleWrapper,io.cucumber.testng.FeatureWrapper)[pri:0, instance:runner.DsAlgoTestNGRunner@6f8f9349]" started-at="2024-11-26T19:57:44 GMT-05:00" name="runScenario" description="Runs Cucumber Scenarios" data-provider="scenarios" finished-at="2024-11-26T19:57:45 GMT-05:00" duration-ms="919" status="PASS">
          <params>
            <param index="0">
              <value>
                <![CDATA[""]]>
              </value>
            </param>
            <param index="1">
              <value>
                <![CDATA["feature to test LinkedList page"]]>
              </value>
            </param>
          </params>
          <reporter-output>
          </reporter-output>
        </test-method> <!-- runScenario -->
        <test-method signature="runScenario(io.cucumber.testng.PickleWrapper,io.cucumber.testng.FeatureWrapper)[pri:0, instance:runner.DsAlgoTestNGRunner@6f8f9349]" started-at="2024-11-26T19:57:45 GMT-05:00" name="runScenario" description="Runs Cucumber Scenarios" data-provider="scenarios" finished-at="2024-11-26T19:57:45 GMT-05:00" duration-ms="277" status="PASS">
          <params>
            <param index="0">
              <value>
                <![CDATA["Check the Array page"]]>
              </value>
            </param>
            <param index="1">
              <value>
                <![CDATA["Feature to test the array page"]]>
              </value>
            </param>
          </params>
          <reporter-output>
          </reporter-output>
        </test-method> <!-- runScenario -->
        <test-method signature="runScenario(io.cucumber.testng.PickleWrapper,io.cucumber.testng.FeatureWrapper)[pri:0, instance:runner.DsAlgoTestNGRunner@6f8f9349]" started-at="2024-11-26T19:57:45 GMT-05:00" name="runScenario" description="Runs Cucumber Scenarios" data-provider="scenarios" finished-at="2024-11-26T19:57:46 GMT-05:00" duration-ms="824" status="PASS">
          <params>
            <param index="0">
              <value>
                <![CDATA["Check the Array in python page"]]>
              </value>
            </param>
            <param index="1">
              <value>
                <![CDATA["Feature to test the array page"]]>
              </value>
            </param>
          </params>
          <reporter-output>
          </reporter-output>
        </test-method> <!-- runScenario -->
        <test-method signature="runScenario(io.cucumber.testng.PickleWrapper,io.cucumber.testng.FeatureWrapper)[pri:0, instance:runner.DsAlgoTestNGRunner@6f8f9349]" started-at="2024-11-26T19:57:46 GMT-05:00" name="runScenario" description="Runs Cucumber Scenarios" data-provider="scenarios" finished-at="2024-11-26T19:57:46 GMT-05:00" duration-ms="468" status="PASS">
          <params>
            <param index="0">
              <value>
                <![CDATA["Check the Array using list page"]]>
              </value>
            </param>
            <param index="1">
              <value>
                <![CDATA["Feature to test the array page"]]>
              </value>
            </param>
          </params>
          <reporter-output>
          </reporter-output>
        </test-method> <!-- runScenario -->
        <test-method signature="runScenario(io.cucumber.testng.PickleWrapper,io.cucumber.testng.FeatureWrapper)[pri:0, instance:runner.DsAlgoTestNGRunner@6f8f9349]" started-at="2024-11-26T19:57:46 GMT-05:00" name="runScenario" description="Runs Cucumber Scenarios" data-provider="scenarios" finished-at="2024-11-26T19:57:47 GMT-05:00" duration-ms="501" status="PASS">
          <params>
            <param index="0">
              <value>
                <![CDATA["Check the Basic Operations in Lists page"]]>
              </value>
            </param>
            <param index="1">
              <value>
                <![CDATA["Feature to test the array page"]]>
              </value>
            </param>
          </params>
          <reporter-output>
          </reporter-output>
        </test-method> <!-- runScenario -->
        <test-method signature="runScenario(io.cucumber.testng.PickleWrapper,io.cucumber.testng.FeatureWrapper)[pri:0, instance:runner.DsAlgoTestNGRunner@6f8f9349]" started-at="2024-11-26T19:57:47 GMT-05:00" name="runScenario" description="Runs Cucumber Scenarios" data-provider="scenarios" finished-at="2024-11-26T19:57:47 GMT-05:00" duration-ms="472" status="PASS">
          <params>
            <param index="0">
              <value>
                <![CDATA["Check the Applications of Array page"]]>
              </value>
            </param>
            <param index="1">
              <value>
                <![CDATA["Feature to test the array page"]]>
              </value>
            </param>
          </params>
          <reporter-output>
          </reporter-output>
        </test-method> <!-- runScenario -->
        <test-method signature="runScenario(io.cucumber.testng.PickleWrapper,io.cucumber.testng.FeatureWrapper)[pri:0, instance:runner.DsAlgoTestNGRunner@6f8f9349]" started-at="2024-11-26T19:57:47 GMT-05:00" name="runScenario" description="Runs Cucumber Scenarios" data-provider="scenarios" finished-at="2024-11-26T19:57:48 GMT-05:00" duration-ms="629" status="PASS">
          <params>
            <param index="0">
              <value>
                <![CDATA["Test Sub Array Page Arrays in Python Link"]]>
              </value>
            </param>
            <param index="1">
              <value>
                <![CDATA["Feature to test the array page"]]>
              </value>
            </param>
          </params>
          <reporter-output>
          </reporter-output>
        </test-method> <!-- runScenario -->
        <test-method signature="runScenario(io.cucumber.testng.PickleWrapper,io.cucumber.testng.FeatureWrapper)[pri:0, instance:runner.DsAlgoTestNGRunner@6f8f9349]" started-at="2024-11-26T19:57:48 GMT-05:00" name="runScenario" description="Runs Cucumber Scenarios" data-provider="scenarios" finished-at="2024-11-26T19:57:49 GMT-05:00" duration-ms="1079" status="PASS">
          <params>
            <param index="0">
              <value>
                <![CDATA[""]]>
              </value>
            </param>
            <param index="1">
              <value>
                <![CDATA["Feature to test the array page"]]>
              </value>
            </param>
          </params>
          <reporter-output>
          </reporter-output>
        </test-method> <!-- runScenario -->
        <test-method signature="runScenario(io.cucumber.testng.PickleWrapper,io.cucumber.testng.FeatureWrapper)[pri:0, instance:runner.DsAlgoTestNGRunner@6f8f9349]" started-at="2024-11-26T19:57:49 GMT-05:00" name="runScenario" description="Runs Cucumber Scenarios" data-provider="scenarios" finished-at="2024-11-26T19:57:50 GMT-05:00" duration-ms="670" status="PASS">
          <params>
            <param index="0">
              <value>
                <![CDATA["Test Implement Queue Page Implement DeQue Link"]]>
              </value>
            </param>
            <param index="1">
              <value>
                <![CDATA["Feature to test the array page"]]>
              </value>
            </param>
          </params>
          <reporter-output>
          </reporter-output>
        </test-method> <!-- runScenario -->
        <test-method signature="runScenario(io.cucumber.testng.PickleWrapper,io.cucumber.testng.FeatureWrapper)[pri:0, instance:runner.DsAlgoTestNGRunner@6f8f9349]" started-at="2024-11-26T19:57:50 GMT-05:00" name="runScenario" description="Runs Cucumber Scenarios" data-provider="scenarios" finished-at="2024-11-26T19:57:51 GMT-05:00" duration-ms="1113" status="PASS">
          <params>
            <param index="0">
              <value>
                <![CDATA[""]]>
              </value>
            </param>
            <param index="1">
              <value>
                <![CDATA["Feature to test the array page"]]>
              </value>
            </param>
          </params>
          <reporter-output>
          </reporter-output>
        </test-method> <!-- runScenario -->
        <test-method signature="runScenario(io.cucumber.testng.PickleWrapper,io.cucumber.testng.FeatureWrapper)[pri:0, instance:runner.DsAlgoTestNGRunner@6f8f9349]" started-at="2024-11-26T19:57:51 GMT-05:00" name="runScenario" description="Runs Cucumber Scenarios" data-provider="scenarios" finished-at="2024-11-26T19:57:51 GMT-05:00" duration-ms="621" status="PASS">
          <params>
            <param index="0">
              <value>
                <![CDATA["Test Implement Queue Page Implement Array Link"]]>
              </value>
            </param>
            <param index="1">
              <value>
                <![CDATA["Feature to test the array page"]]>
              </value>
            </param>
          </params>
          <reporter-output>
          </reporter-output>
        </test-method> <!-- runScenario -->
        <test-method signature="runScenario(io.cucumber.testng.PickleWrapper,io.cucumber.testng.FeatureWrapper)[pri:0, instance:runner.DsAlgoTestNGRunner@6f8f9349]" started-at="2024-11-26T19:57:51 GMT-05:00" name="runScenario" description="Runs Cucumber Scenarios" data-provider="scenarios" finished-at="2024-11-26T19:57:52 GMT-05:00" duration-ms="957" status="PASS">
          <params>
            <param index="0">
              <value>
                <![CDATA[""]]>
              </value>
            </param>
            <param index="1">
              <value>
                <![CDATA["Feature to test the array page"]]>
              </value>
            </param>
          </params>
          <reporter-output>
          </reporter-output>
        </test-method> <!-- runScenario -->
        <test-method signature="runScenario(io.cucumber.testng.PickleWrapper,io.cucumber.testng.FeatureWrapper)[pri:0, instance:runner.DsAlgoTestNGRunner@6f8f9349]" started-at="2024-11-26T19:57:52 GMT-05:00" name="runScenario" description="Runs Cucumber Scenarios" data-provider="scenarios" finished-at="2024-11-26T19:57:53 GMT-05:00" duration-ms="590" status="PASS">
          <params>
            <param index="0">
              <value>
                <![CDATA["Test Implement  Page Implement Queue Opt Link"]]>
              </value>
            </param>
            <param index="1">
              <value>
                <![CDATA["Feature to test the array page"]]>
              </value>
            </param>
          </params>
          <reporter-output>
          </reporter-output>
        </test-method> <!-- runScenario -->
        <test-method signature="runScenario(io.cucumber.testng.PickleWrapper,io.cucumber.testng.FeatureWrapper)[pri:0, instance:runner.DsAlgoTestNGRunner@6f8f9349]" started-at="2024-11-26T19:57:53 GMT-05:00" name="runScenario" description="Runs Cucumber Scenarios" data-provider="scenarios" finished-at="2024-11-26T19:57:54 GMT-05:00" duration-ms="972" status="PASS">
          <params>
            <param index="0">
              <value>
                <![CDATA[""]]>
              </value>
            </param>
            <param index="1">
              <value>
                <![CDATA["Feature to test the array page"]]>
              </value>
            </param>
          </params>
          <reporter-output>
          </reporter-output>
        </test-method> <!-- runScenario -->
        <test-method signature="runScenario(io.cucumber.testng.PickleWrapper,io.cucumber.testng.FeatureWrapper)[pri:0, instance:runner.DsAlgoTestNGRunner@6f8f9349]" started-at="2024-11-26T19:57:54 GMT-05:00" name="runScenario" description="Runs Cucumber Scenarios" data-provider="scenarios" finished-at="2024-11-26T19:57:59 GMT-05:00" duration-ms="5597" status="PASS">
          <params>
            <param index="0">
              <value>
                <![CDATA["Test Queue Page Implement Queue Link"]]>
              </value>
            </param>
            <param index="1">
              <value>
                <![CDATA["Test Queue page"]]>
              </value>
            </param>
          </params>
          <reporter-output>
          </reporter-output>
        </test-method> <!-- runScenario -->
        <test-method signature="runScenario(io.cucumber.testng.PickleWrapper,io.cucumber.testng.FeatureWrapper)[pri:0, instance:runner.DsAlgoTestNGRunner@6f8f9349]" started-at="2024-11-26T19:57:59 GMT-05:00" name="runScenario" description="Runs Cucumber Scenarios" data-provider="scenarios" finished-at="2024-11-26T19:58:05 GMT-05:00" duration-ms="5499" status="PASS">
          <params>
            <param index="0">
              <value>
                <![CDATA["Test Queue Page Implement DeQue Link"]]>
              </value>
            </param>
            <param index="1">
              <value>
                <![CDATA["Test Queue page"]]>
              </value>
            </param>
          </params>
          <reporter-output>
          </reporter-output>
        </test-method> <!-- runScenario -->
        <test-method signature="runScenario(io.cucumber.testng.PickleWrapper,io.cucumber.testng.FeatureWrapper)[pri:0, instance:runner.DsAlgoTestNGRunner@6f8f9349]" started-at="2024-11-26T19:58:05 GMT-05:00" name="runScenario" description="Runs Cucumber Scenarios" data-provider="scenarios" finished-at="2024-11-26T19:58:10 GMT-05:00" duration-ms="5523" status="PASS">
          <params>
            <param index="0">
              <value>
                <![CDATA["Test Queue Page Implement Array Link"]]>
              </value>
            </param>
            <param index="1">
              <value>
                <![CDATA["Test Queue page"]]>
              </value>
            </param>
          </params>
          <reporter-output>
          </reporter-output>
        </test-method> <!-- runScenario -->
        <test-method signature="runScenario(io.cucumber.testng.PickleWrapper,io.cucumber.testng.FeatureWrapper)[pri:0, instance:runner.DsAlgoTestNGRunner@6f8f9349]" started-at="2024-11-26T19:58:10 GMT-05:00" name="runScenario" description="Runs Cucumber Scenarios" data-provider="scenarios" finished-at="2024-11-26T19:58:16 GMT-05:00" duration-ms="5492" status="PASS">
          <params>
            <param index="0">
              <value>
                <![CDATA["Test Queue Page Implement Queue Link"]]>
              </value>
            </param>
            <param index="1">
              <value>
                <![CDATA["Test Queue page"]]>
              </value>
            </param>
          </params>
          <reporter-output>
          </reporter-output>
        </test-method> <!-- runScenario -->
        <test-method signature="runScenario(io.cucumber.testng.PickleWrapper,io.cucumber.testng.FeatureWrapper)[pri:0, instance:runner.DsAlgoTestNGRunner@6f8f9349]" started-at="2024-11-26T19:58:16 GMT-05:00" name="runScenario" description="Runs Cucumber Scenarios" data-provider="scenarios" finished-at="2024-11-26T19:58:22 GMT-05:00" duration-ms="5624" status="PASS">
          <params>
            <param index="0">
              <value>
                <![CDATA["Test Implement Queue Page Implement Queue Link"]]>
              </value>
            </param>
            <param index="1">
              <value>
                <![CDATA["Test Queue page"]]>
              </value>
            </param>
          </params>
          <reporter-output>
          </reporter-output>
        </test-method> <!-- runScenario -->
        <test-method signature="runScenario(io.cucumber.testng.PickleWrapper,io.cucumber.testng.FeatureWrapper)[pri:0, instance:runner.DsAlgoTestNGRunner@6f8f9349]" started-at="2024-11-26T19:58:22 GMT-05:00" name="runScenario" description="Runs Cucumber Scenarios" data-provider="scenarios" finished-at="2024-11-26T19:58:27 GMT-05:00" duration-ms="5626" status="PASS">
          <params>
            <param index="0">
              <value>
                <![CDATA["Test Implement Queue Page Implement DeQue Link"]]>
              </value>
            </param>
            <param index="1">
              <value>
                <![CDATA["Test Queue page"]]>
              </value>
            </param>
          </params>
          <reporter-output>
          </reporter-output>
        </test-method> <!-- runScenario -->
        <test-method signature="runScenario(io.cucumber.testng.PickleWrapper,io.cucumber.testng.FeatureWrapper)[pri:0, instance:runner.DsAlgoTestNGRunner@6f8f9349]" started-at="2024-11-26T19:58:27 GMT-05:00" name="runScenario" description="Runs Cucumber Scenarios" data-provider="scenarios" finished-at="2024-11-26T19:58:33 GMT-05:00" duration-ms="5593" status="PASS">
          <params>
            <param index="0">
              <value>
                <![CDATA["Test Implement Queue Page Implement Array Link"]]>
              </value>
            </param>
            <param index="1">
              <value>
                <![CDATA["Test Queue page"]]>
              </value>
            </param>
          </params>
          <reporter-output>
          </reporter-output>
        </test-method> <!-- runScenario -->
        <test-method signature="runScenario(io.cucumber.testng.PickleWrapper,io.cucumber.testng.FeatureWrapper)[pri:0, instance:runner.DsAlgoTestNGRunner@6f8f9349]" started-at="2024-11-26T19:58:33 GMT-05:00" name="runScenario" description="Runs Cucumber Scenarios" data-provider="scenarios" finished-at="2024-11-26T19:58:38 GMT-05:00" duration-ms="5651" status="PASS">
          <params>
            <param index="0">
              <value>
                <![CDATA["Test Implement  Page Implement Queue Opt Link"]]>
              </value>
            </param>
            <param index="1">
              <value>
                <![CDATA["Test Queue page"]]>
              </value>
            </param>
          </params>
          <reporter-output>
          </reporter-output>
        </test-method> <!-- runScenario -->
        <test-method signature="runScenario(io.cucumber.testng.PickleWrapper,io.cucumber.testng.FeatureWrapper)[pri:0, instance:runner.DsAlgoTestNGRunner@6f8f9349]" started-at="2024-11-26T19:58:38 GMT-05:00" name="runScenario" description="Runs Cucumber Scenarios" data-provider="scenarios" finished-at="2024-11-26T19:58:39 GMT-05:00" duration-ms="615" status="FAIL">
          <params>
            <param index="0">
              <value>
                <![CDATA["Test Implement  Page Practise Test Link"]]>
              </value>
            </param>
            <param index="1">
              <value>
                <![CDATA["Test Queue page"]]>
              </value>
            </param>
          </params>
          <exception class="org.junit.ComparisonFailure">
            <message>
              <![CDATA[expected:<[ Practice Questions ]> but was:<[Practice Questions]>]]>
            </message>
            <full-stacktrace>
              <![CDATA[org.junit.ComparisonFailure: expected:<[ Practice Questions ]> but was:<[Practice Questions]>
at org.junit.Assert.assertEquals(Assert.java:117)
at org.junit.Assert.assertEquals(Assert.java:146)
at stepdef.QueuePageStep.user_navigated_to_queue_practise_test_page(QueuePageStep.java:91)
at ✽.User navigated to Queue Practise Test page(file:///C:/Users/golda/git/DsAlgoProject/DsAlgoProject/src/test/resources/Features/FQueue.feature:60)
]]>
            </full-stacktrace>
          </exception> <!-- org.junit.ComparisonFailure -->
          <reporter-output>
          </reporter-output>
        </test-method> <!-- runScenario -->
        <test-method signature="runScenario(io.cucumber.testng.PickleWrapper,io.cucumber.testng.FeatureWrapper)[pri:0, instance:runner.DsAlgoTestNGRunner@6f8f9349]" started-at="2024-11-26T19:58:39 GMT-05:00" name="runScenario" description="Runs Cucumber Scenarios" data-provider="scenarios" finished-at="2024-11-26T19:58:40 GMT-05:00" duration-ms="850" status="PASS">
          <params>
            <param index="0">
              <value>
                <![CDATA[""]]>
              </value>
            </param>
            <param index="1">
              <value>
                <![CDATA["Test Queue page"]]>
              </value>
            </param>
          </params>
          <reporter-output>
          </reporter-output>
        </test-method> <!-- runScenario -->
        <test-method signature="runScenario(io.cucumber.testng.PickleWrapper,io.cucumber.testng.FeatureWrapper)[pri:0, instance:runner.DsAlgoTestNGRunner@6f8f9349]" started-at="2024-11-26T19:58:40 GMT-05:00" name="runScenario" description="Runs Cucumber Scenarios" data-provider="scenarios" finished-at="2024-11-26T19:58:41 GMT-05:00" duration-ms="811" status="PASS">
          <params>
            <param index="0">
              <value>
                <![CDATA[""]]>
              </value>
            </param>
            <param index="1">
              <value>
                <![CDATA["Test Queue page"]]>
              </value>
            </param>
          </params>
          <reporter-output>
          </reporter-output>
        </test-method> <!-- runScenario -->
        <test-method signature="runScenario(io.cucumber.testng.PickleWrapper,io.cucumber.testng.FeatureWrapper)[pri:0, instance:runner.DsAlgoTestNGRunner@6f8f9349]" started-at="2024-11-26T19:58:41 GMT-05:00" name="runScenario" description="Runs Cucumber Scenarios" data-provider="scenarios" finished-at="2024-11-26T19:58:41 GMT-05:00" duration-ms="799" status="PASS">
          <params>
            <param index="0">
              <value>
                <![CDATA[""]]>
              </value>
            </param>
            <param index="1">
              <value>
                <![CDATA["Test Queue page"]]>
              </value>
            </param>
          </params>
          <reporter-output>
          </reporter-output>
        </test-method> <!-- runScenario -->
        <test-method signature="runScenario(io.cucumber.testng.PickleWrapper,io.cucumber.testng.FeatureWrapper)[pri:0, instance:runner.DsAlgoTestNGRunner@6f8f9349]" started-at="2024-11-26T19:58:41 GMT-05:00" name="runScenario" description="Runs Cucumber Scenarios" data-provider="scenarios" finished-at="2024-11-26T19:58:42 GMT-05:00" duration-ms="786" status="PASS">
          <params>
            <param index="0">
              <value>
                <![CDATA[""]]>
              </value>
            </param>
            <param index="1">
              <value>
                <![CDATA["Test Queue page"]]>
              </value>
            </param>
          </params>
          <reporter-output>
          </reporter-output>
        </test-method> <!-- runScenario -->
        <test-method signature="runScenario(io.cucumber.testng.PickleWrapper,io.cucumber.testng.FeatureWrapper)[pri:0, instance:runner.DsAlgoTestNGRunner@6f8f9349]" started-at="2024-11-26T19:58:42 GMT-05:00" name="runScenario" description="Runs Cucumber Scenarios" data-provider="scenarios" finished-at="2024-11-26T19:58:43 GMT-05:00" duration-ms="792" status="PASS">
          <params>
            <param index="0">
              <value>
                <![CDATA["Check the Search the array page"]]>
              </value>
            </param>
            <param index="1">
              <value>
                <![CDATA["Feature to test the array practice questions page"]]>
              </value>
            </param>
          </params>
          <reporter-output>
          </reporter-output>
        </test-method> <!-- runScenario -->
        <test-method signature="runScenario(io.cucumber.testng.PickleWrapper,io.cucumber.testng.FeatureWrapper)[pri:0, instance:runner.DsAlgoTestNGRunner@6f8f9349]" started-at="2024-11-26T19:58:43 GMT-05:00" name="runScenario" description="Runs Cucumber Scenarios" data-provider="scenarios" finished-at="2024-11-26T19:58:44 GMT-05:00" duration-ms="1190" status="PASS">
          <params>
            <param index="0">
              <value>
                <![CDATA["Check Assessment page of search the array page"]]>
              </value>
            </param>
            <param index="1">
              <value>
                <![CDATA["Feature to test the array practice questions page"]]>
              </value>
            </param>
          </params>
          <reporter-output>
          </reporter-output>
        </test-method> <!-- runScenario -->
        <test-method signature="runScenario(io.cucumber.testng.PickleWrapper,io.cucumber.testng.FeatureWrapper)[pri:0, instance:runner.DsAlgoTestNGRunner@6f8f9349]" started-at="2024-11-26T19:58:44 GMT-05:00" name="runScenario" description="Runs Cucumber Scenarios" data-provider="scenarios" finished-at="2024-11-26T19:58:45 GMT-05:00" duration-ms="1063" status="PASS">
          <params>
            <param index="0">
              <value>
                <![CDATA["Check Assessment page with invalid input of search the array page"]]>
              </value>
            </param>
            <param index="1">
              <value>
                <![CDATA["Feature to test the array practice questions page"]]>
              </value>
            </param>
          </params>
          <reporter-output>
          </reporter-output>
        </test-method> <!-- runScenario -->
        <test-method signature="runScenario(io.cucumber.testng.PickleWrapper,io.cucumber.testng.FeatureWrapper)[pri:0, instance:runner.DsAlgoTestNGRunner@6f8f9349]" started-at="2024-11-26T19:58:45 GMT-05:00" name="runScenario" description="Runs Cucumber Scenarios" data-provider="scenarios" finished-at="2024-11-26T19:58:46 GMT-05:00" duration-ms="870" status="PASS">
          <params>
            <param index="0">
              <value>
                <![CDATA["Check the Max Consecutive Ones page"]]>
              </value>
            </param>
            <param index="1">
              <value>
                <![CDATA["Feature to test the array practice questions page"]]>
              </value>
            </param>
          </params>
          <reporter-output>
          </reporter-output>
        </test-method> <!-- runScenario -->
        <test-method signature="runScenario(io.cucumber.testng.PickleWrapper,io.cucumber.testng.FeatureWrapper)[pri:0, instance:runner.DsAlgoTestNGRunner@6f8f9349]" started-at="2024-11-26T19:58:46 GMT-05:00" name="runScenario" description="Runs Cucumber Scenarios" data-provider="scenarios" finished-at="2024-11-26T19:58:48 GMT-05:00" duration-ms="1689" status="PASS">
          <params>
            <param index="0">
              <value>
                <![CDATA["Check Assessment page of Max Consecutive Ones page"]]>
              </value>
            </param>
            <param index="1">
              <value>
                <![CDATA["Feature to test the array practice questions page"]]>
              </value>
            </param>
          </params>
          <reporter-output>
          </reporter-output>
        </test-method> <!-- runScenario -->
        <test-method signature="runScenario(io.cucumber.testng.PickleWrapper,io.cucumber.testng.FeatureWrapper)[pri:0, instance:runner.DsAlgoTestNGRunner@6f8f9349]" started-at="2024-11-26T19:58:48 GMT-05:00" name="runScenario" description="Runs Cucumber Scenarios" data-provider="scenarios" finished-at="2024-11-26T19:58:49 GMT-05:00" duration-ms="971" status="PASS">
          <params>
            <param index="0">
              <value>
                <![CDATA["Check the Find Numbers with Even Number of Digits page"]]>
              </value>
            </param>
            <param index="1">
              <value>
                <![CDATA["Feature to test the array practice questions page"]]>
              </value>
            </param>
          </params>
          <reporter-output>
          </reporter-output>
        </test-method> <!-- runScenario -->
        <test-method signature="runScenario(io.cucumber.testng.PickleWrapper,io.cucumber.testng.FeatureWrapper)[pri:0, instance:runner.DsAlgoTestNGRunner@6f8f9349]" started-at="2024-11-26T19:58:49 GMT-05:00" name="runScenario" description="Runs Cucumber Scenarios" data-provider="scenarios" finished-at="2024-11-26T19:58:50 GMT-05:00" duration-ms="1344" status="PASS">
          <params>
            <param index="0">
              <value>
                <![CDATA["Check Assessment page of Find Numbers with Even Number of Digits page"]]>
              </value>
            </param>
            <param index="1">
              <value>
                <![CDATA["Feature to test the array practice questions page"]]>
              </value>
            </param>
          </params>
          <reporter-output>
          </reporter-output>
        </test-method> <!-- runScenario -->
        <test-method signature="runScenario(io.cucumber.testng.PickleWrapper,io.cucumber.testng.FeatureWrapper)[pri:0, instance:runner.DsAlgoTestNGRunner@6f8f9349]" started-at="2024-11-26T19:58:50 GMT-05:00" name="runScenario" description="Runs Cucumber Scenarios" data-provider="scenarios" finished-at="2024-11-26T19:58:51 GMT-05:00" duration-ms="953" status="PASS">
          <params>
            <param index="0">
              <value>
                <![CDATA["Check the Squares of  a Sorted Array page"]]>
              </value>
            </param>
            <param index="1">
              <value>
                <![CDATA["Feature to test the array practice questions page"]]>
              </value>
            </param>
          </params>
          <reporter-output>
          </reporter-output>
        </test-method> <!-- runScenario -->
        <test-method signature="runScenario(io.cucumber.testng.PickleWrapper,io.cucumber.testng.FeatureWrapper)[pri:0, instance:runner.DsAlgoTestNGRunner@6f8f9349]" started-at="2024-11-26T19:58:51 GMT-05:00" name="runScenario" description="Runs Cucumber Scenarios" data-provider="scenarios" finished-at="2024-11-26T19:58:53 GMT-05:00" duration-ms="1565" status="PASS">
          <params>
            <param index="0">
              <value>
                <![CDATA["Check Assessment page of Find Numbers with Even Number of Digits page"]]>
              </value>
            </param>
            <param index="1">
              <value>
                <![CDATA["Feature to test the array practice questions page"]]>
              </value>
            </param>
          </params>
          <reporter-output>
          </reporter-output>
        </test-method> <!-- runScenario -->
        <test-method signature="runScenario(io.cucumber.testng.PickleWrapper,io.cucumber.testng.FeatureWrapper)[pri:0, instance:runner.DsAlgoTestNGRunner@6f8f9349]" started-at="2024-11-26T19:58:53 GMT-05:00" name="runScenario" description="Runs Cucumber Scenarios" data-provider="scenarios" finished-at="2024-11-26T19:58:55 GMT-05:00" duration-ms="2714" status="PASS">
          <params>
            <param index="0">
              <value>
                <![CDATA["Test Tree Overview Trees link"]]>
              </value>
            </param>
            <param index="1">
              <value>
                <![CDATA["Test Tree page"]]>
              </value>
            </param>
          </params>
          <reporter-output>
          </reporter-output>
        </test-method> <!-- runScenario -->
        <test-method signature="runScenario(io.cucumber.testng.PickleWrapper,io.cucumber.testng.FeatureWrapper)[pri:0, instance:runner.DsAlgoTestNGRunner@6f8f9349]" started-at="2024-11-26T19:58:55 GMT-05:00" name="runScenario" description="Runs Cucumber Scenarios" data-provider="scenarios" finished-at="2024-11-26T19:58:58 GMT-05:00" duration-ms="2581" status="PASS">
          <params>
            <param index="0">
              <value>
                <![CDATA["Test Tree Terminologies link"]]>
              </value>
            </param>
            <param index="1">
              <value>
                <![CDATA["Test Tree page"]]>
              </value>
            </param>
          </params>
          <reporter-output>
          </reporter-output>
        </test-method> <!-- runScenario -->
        <test-method signature="runScenario(io.cucumber.testng.PickleWrapper,io.cucumber.testng.FeatureWrapper)[pri:0, instance:runner.DsAlgoTestNGRunner@6f8f9349]" started-at="2024-11-26T19:58:58 GMT-05:00" name="runScenario" description="Runs Cucumber Scenarios" data-provider="scenarios" finished-at="2024-11-26T19:59:01 GMT-05:00" duration-ms="2712" status="PASS">
          <params>
            <param index="0">
              <value>
[...]
        </test-method> <!-- runScenario -->
        <test-method signature="runScenario(io.cucumber.testng.PickleWrapper,io.cucumber.testng.FeatureWrapper)[pri:0, instance:runner.DsAlgoTestNGRunner@6f8f9349]" started-at="2024-11-26T20:00:00 GMT-05:00" name="runScenario" description="Runs Cucumber Scenarios" data-provider="scenarios" finished-at="2024-11-26T20:00:03 GMT-05:00" duration-ms="3223" status="PASS">
          <params>
            <param index="0">
              <value>
                <![CDATA["Test Overview Impl Binary Search link"]]>
              </value>
            </param>
            <param index="1">
              <value>
                <![CDATA["Test Tree page"]]>
              </value>
            </param>
          </params>
          <reporter-output>
          </reporter-output>
        </test-method> <!-- runScenario -->
        <test-method signature="runScenario(io.cucumber.testng.PickleWrapper,io.cucumber.testng.FeatureWrapper)[pri:0, instance:runner.DsAlgoTestNGRunner@6f8f9349]" started-at="2024-11-26T20:00:03 GMT-05:00" name="runScenario" description="Runs Cucumber Scenarios" data-provider="scenarios" finished-at="2024-11-26T20:00:04 GMT-05:00" duration-ms="766" status="PASS">
          <params>
            <param index="0">
              <value>
                <![CDATA["Test Overview Impl Practice Question link"]]>
              </value>
            </param>
            <param index="1">
              <value>
                <![CDATA["Test Tree page"]]>
              </value>
            </param>
          </params>
          <reporter-output>
          </reporter-output>
        </test-method> <!-- runScenario -->
        <test-method signature="runScenario(io.cucumber.testng.PickleWrapper,io.cucumber.testng.FeatureWrapper)[pri:0, instance:runner.DsAlgoTestNGRunner@6f8f9349]" started-at="2024-11-26T20:00:04 GMT-05:00" name="runScenario" description="Runs Cucumber Scenarios" data-provider="scenarios" finished-at="2024-11-26T20:00:05 GMT-05:00" duration-ms="1035" status="PASS">
          <params>
            <param index="0">
              <value>
                <![CDATA[""]]>
              </value>
            </param>
            <param index="1">
              <value>
                <![CDATA["Test Tree page"]]>
              </value>
            </param>
          </params>
          <reporter-output>
          </reporter-output>
        </test-method> <!-- runScenario -->
        <test-method signature="runScenario(io.cucumber.testng.PickleWrapper,io.cucumber.testng.FeatureWrapper)[pri:0, instance:runner.DsAlgoTestNGRunner@6f8f9349]" started-at="2024-11-26T20:00:05 GMT-05:00" name="runScenario" description="Runs Cucumber Scenarios" data-provider="scenarios" finished-at="2024-11-26T20:00:06 GMT-05:00" duration-ms="1095" status="PASS">
          <params>
            <param index="0">
              <value>
                <![CDATA[""]]>
              </value>
            </param>
            <param index="1">
              <value>
                <![CDATA["Test Tree page"]]>
              </value>
            </param>
          </params>
          <reporter-output>
          </reporter-output>
        </test-method> <!-- runScenario -->
        <test-method signature="runScenario(io.cucumber.testng.PickleWrapper,io.cucumber.testng.FeatureWrapper)[pri:0, instance:runner.DsAlgoTestNGRunner@6f8f9349]" started-at="2024-11-26T20:00:06 GMT-05:00" name="runScenario" description="Runs Cucumber Scenarios" data-provider="scenarios" finished-at="2024-11-26T20:00:07 GMT-05:00" duration-ms="1171" status="PASS">
          <params>
            <param index="0">
              <value>
                <![CDATA[""]]>
              </value>
            </param>
            <param index="1">
              <value>
                <![CDATA["Test Tree page"]]>
              </value>
            </param>
          </params>
          <reporter-output>
          </reporter-output>
        </test-method> <!-- runScenario -->
        <test-method signature="runScenario(io.cucumber.testng.PickleWrapper,io.cucumber.testng.FeatureWrapper)[pri:0, instance:runner.DsAlgoTestNGRunner@6f8f9349]" started-at="2024-11-26T20:00:07 GMT-05:00" name="runScenario" description="Runs Cucumber Scenarios" data-provider="scenarios" finished-at="2024-11-26T20:00:08 GMT-05:00" duration-ms="1112" status="PASS">
          <params>
            <param index="0">
              <value>
                <![CDATA[""]]>
              </value>
            </param>
            <param index="1">
              <value>
                <![CDATA["Test Tree page"]]>
              </value>
            </param>
          </params>
          <reporter-output>
          </reporter-output>
        </test-method> <!-- runScenario -->
        <test-method signature="runScenario(io.cucumber.testng.PickleWrapper,io.cucumber.testng.FeatureWrapper)[pri:0, instance:runner.DsAlgoTestNGRunner@6f8f9349]" started-at="2024-11-26T20:00:08 GMT-05:00" name="runScenario" description="Runs Cucumber Scenarios" data-provider="scenarios" finished-at="2024-11-26T20:00:09 GMT-05:00" duration-ms="1280" status="PASS">
          <params>
            <param index="0">
              <value>
                <![CDATA[""]]>
              </value>
            </param>
            <param index="1">
              <value>
                <![CDATA["Test Tree page"]]>
              </value>
            </param>
          </params>
          <reporter-output>
          </reporter-output>
        </test-method> <!-- runScenario -->
        <test-method signature="runScenario(io.cucumber.testng.PickleWrapper,io.cucumber.testng.FeatureWrapper)[pri:0, instance:runner.DsAlgoTestNGRunner@6f8f9349]" started-at="2024-11-26T20:00:09 GMT-05:00" name="runScenario" description="Runs Cucumber Scenarios" data-provider="scenarios" finished-at="2024-11-26T20:00:11 GMT-05:00" duration-ms="1233" status="PASS">
          <params>
            <param index="0">
              <value>
                <![CDATA[""]]>
              </value>
            </param>
            <param index="1">
              <value>
                <![CDATA["Test Tree page"]]>
              </value>
            </param>
          </params>
          <reporter-output>
          </reporter-output>
        </test-method> <!-- runScenario -->
        <test-method signature="runScenario(io.cucumber.testng.PickleWrapper,io.cucumber.testng.FeatureWrapper)[pri:0, instance:runner.DsAlgoTestNGRunner@6f8f9349]" started-at="2024-11-26T20:00:11 GMT-05:00" name="runScenario" description="Runs Cucumber Scenarios" data-provider="scenarios" finished-at="2024-11-26T20:00:12 GMT-05:00" duration-ms="1289" status="PASS">
          <params>
            <param index="0">
              <value>
                <![CDATA[""]]>
              </value>
            </param>
            <param index="1">
              <value>
                <![CDATA["Test Tree page"]]>
              </value>
            </param>
          </params>
          <reporter-output>
          </reporter-output>
        </test-method> <!-- runScenario -->
        <test-method signature="runScenario(io.cucumber.testng.PickleWrapper,io.cucumber.testng.FeatureWrapper)[pri:0, instance:runner.DsAlgoTestNGRunner@6f8f9349]" started-at="2024-11-26T20:00:12 GMT-05:00" name="runScenario" description="Runs Cucumber Scenarios" data-provider="scenarios" finished-at="2024-11-26T20:00:13 GMT-05:00" duration-ms="1323" status="PASS">
          <params>
            <param index="0">
              <value>
                <![CDATA[""]]>
              </value>
            </param>
            <param index="1">
              <value>
                <![CDATA["Test Tree page"]]>
              </value>
            </param>
          </params>
          <reporter-output>
          </reporter-output>
        </test-method> <!-- runScenario -->
        <test-method signature="runScenario(io.cucumber.testng.PickleWrapper,io.cucumber.testng.FeatureWrapper)[pri:0, instance:runner.DsAlgoTestNGRunner@6f8f9349]" started-at="2024-11-26T20:00:13 GMT-05:00" name="runScenario" description="Runs Cucumber Scenarios" data-provider="scenarios" finished-at="2024-11-26T20:00:15 GMT-05:00" duration-ms="1523" status="PASS">
          <params>
            <param index="0">
              <value>
                <![CDATA[""]]>
              </value>
            </param>
            <param index="1">
              <value>
                <![CDATA["Test Tree page"]]>
              </value>
            </param>
          </params>
          <reporter-output>
          </reporter-output>
        </test-method> <!-- runScenario -->
        <test-method signature="runScenario(io.cucumber.testng.PickleWrapper,io.cucumber.testng.FeatureWrapper)[pri:0, instance:runner.DsAlgoTestNGRunner@6f8f9349]" started-at="2024-11-26T20:00:15 GMT-05:00" name="runScenario" description="Runs Cucumber Scenarios" data-provider="scenarios" finished-at="2024-11-26T20:00:16 GMT-05:00" duration-ms="1509" status="PASS">
          <params>
            <param index="0">
              <value>
                <![CDATA[""]]>
              </value>
            </param>
            <param index="1">
              <value>
                <![CDATA["Test Tree page"]]>
              </value>
            </param>
          </params>
          <reporter-output>
          </reporter-output>
        </test-method> <!-- runScenario -->
        <test-method signature="runScenario(io.cucumber.testng.PickleWrapper,io.cucumber.testng.FeatureWrapper)[pri:0, instance:runner.DsAlgoTestNGRunner@6f8f9349]" started-at="2024-11-26T20:00:16 GMT-05:00" name="runScenario" description="Runs Cucumber Scenarios" data-provider="scenarios" finished-at="2024-11-26T20:00:18 GMT-05:00" duration-ms="1519" status="PASS">
          <params>
            <param index="0">
              <value>
                <![CDATA[""]]>
              </value>
            </param>
            <param index="1">
              <value>
                <![CDATA["Test Tree page"]]>
              </value>
            </param>
          </params>
          <reporter-output>
          </reporter-output>
        </test-method> <!-- runScenario -->
        <test-method signature="runScenario(io.cucumber.testng.PickleWrapper,io.cucumber.testng.FeatureWrapper)[pri:0, instance:runner.DsAlgoTestNGRunner@6f8f9349]" started-at="2024-11-26T20:00:18 GMT-05:00" name="runScenario" description="Runs Cucumber Scenarios" data-provider="scenarios" finished-at="2024-11-26T20:00:18 GMT-05:00" duration-ms="728" status="PASS">
          <params>
            <param index="0">
              <value>
                <![CDATA["Test Graph page Graph link"]]>
              </value>
            </param>
            <param index="1">
              <value>
                <![CDATA["Test the Graph page"]]>
              </value>
            </param>
          </params>
          <reporter-output>
          </reporter-output>
        </test-method> <!-- runScenario -->
        <test-method signature="runScenario(io.cucumber.testng.PickleWrapper,io.cucumber.testng.FeatureWrapper)[pri:0, instance:runner.DsAlgoTestNGRunner@6f8f9349]" started-at="2024-11-26T20:00:18 GMT-05:00" name="runScenario" description="Runs Cucumber Scenarios" data-provider="scenarios" finished-at="2024-11-26T20:00:19 GMT-05:00" duration-ms="869" status="PASS">
          <params>
            <param index="0">
              <value>
                <![CDATA["Test Graph page Graph Represent link"]]>
              </value>
            </param>
            <param index="1">
              <value>
                <![CDATA["Test the Graph page"]]>
              </value>
            </param>
          </params>
          <reporter-output>
          </reporter-output>
        </test-method> <!-- runScenario -->
        <test-method signature="runScenario(io.cucumber.testng.PickleWrapper,io.cucumber.testng.FeatureWrapper)[pri:0, instance:runner.DsAlgoTestNGRunner@6f8f9349]" started-at="2024-11-26T20:00:19 GMT-05:00" name="runScenario" description="Runs Cucumber Scenarios" data-provider="scenarios" finished-at="2024-11-26T20:00:20 GMT-05:00" duration-ms="947" status="PASS">
          <params>
            <param index="0">
              <value>
                <![CDATA["Test Sub Graph page Graph link"]]>
              </value>
            </param>
            <param index="1">
              <value>
                <![CDATA["Test the Graph page"]]>
              </value>
            </param>
          </params>
          <reporter-output>
          </reporter-output>
        </test-method> <!-- runScenario -->
        <test-method signature="runScenario(io.cucumber.testng.PickleWrapper,io.cucumber.testng.FeatureWrapper)[pri:0, instance:runner.DsAlgoTestNGRunner@6f8f9349]" started-at="2024-11-26T20:00:20 GMT-05:00" name="runScenario" description="Runs Cucumber Scenarios" data-provider="scenarios" finished-at="2024-11-26T20:00:21 GMT-05:00" duration-ms="1082" status="PASS">
          <params>
            <param index="0">
              <value>
                <![CDATA["Test Sub Graph page Graph Represent link"]]>
              </value>
            </param>
            <param index="1">
              <value>
                <![CDATA["Test the Graph page"]]>
              </value>
            </param>
          </params>
          <reporter-output>
          </reporter-output>
        </test-method> <!-- runScenario -->
        <test-method signature="runScenario(io.cucumber.testng.PickleWrapper,io.cucumber.testng.FeatureWrapper)[pri:0, instance:runner.DsAlgoTestNGRunner@6f8f9349]" started-at="2024-11-26T20:00:21 GMT-05:00" name="runScenario" description="Runs Cucumber Scenarios" data-provider="scenarios" finished-at="2024-11-26T20:00:23 GMT-05:00" duration-ms="1114" status="PASS">
          <params>
            <param index="0">
              <value>
                <![CDATA["Test Sub Graph Page Practise Test Link"]]>
              </value>
            </param>
            <param index="1">
              <value>
                <![CDATA["Test the Graph page"]]>
              </value>
            </param>
          </params>
          <reporter-output>
          </reporter-output>
        </test-method> <!-- runScenario -->
        <test-method signature="runScenario(io.cucumber.testng.PickleWrapper,io.cucumber.testng.FeatureWrapper)[pri:0, instance:runner.DsAlgoTestNGRunner@6f8f9349]" started-at="2024-11-26T20:00:23 GMT-05:00" name="runScenario" description="Runs Cucumber Scenarios" data-provider="scenarios" finished-at="2024-11-26T20:00:24 GMT-05:00" duration-ms="1502" status="FAIL">
          <params>
            <param index="0">
              <value>
                <![CDATA[""]]>
              </value>
            </param>
            <param index="1">
              <value>
                <![CDATA["Test the Graph page"]]>
              </value>
            </param>
          </params>
          <exception class="io.cucumber.testng.UndefinedStepException">
            <message>
              <![CDATA[The step 'User clicks on  graph Run button' is undefined.
You can implement this step using the snippet(s) below:

@When("User clicks on  graph Run button")
public void user_clicks_on_graph_run_button() {
    // Write code here that turns the phrase above into concrete actions
    throw new io.cucumber.java.PendingException();
}
]]>
            </message>
            <full-stacktrace>
              <![CDATA[io.cucumber.testng.UndefinedStepException: The step 'User clicks on  graph Run button' is undefined.
You can implement this step using the snippet(s) below:

@When("User clicks on  graph Run button")
public void user_clicks_on_graph_run_button() {
    // Write code here that turns the phrase above into concrete actions
    throw new io.cucumber.java.PendingException();
}

at io.cucumber.core.runtime.TestCaseResultObserver.assertTestCasePassed(TestCaseResultObserver.java:69)
at io.cucumber.testng.TestCaseResultObserver.assertTestCasePassed(TestCaseResultObserver.java:23)
at io.cucumber.testng.TestNGCucumberRunner.lambda$runScenario$1(TestNGCucumberRunner.java:136)
at io.cucumber.core.runtime.CucumberExecutionContext.lambda$runTestCase$5(CucumberExecutionContext.java:136)
at io.cucumber.core.runtime.RethrowingThrowableCollector.executeAndThrow(RethrowingThrowableCollector.java:23)
at io.cucumber.core.runtime.CucumberExecutionContext.runTestCase(CucumberExecutionContext.java:136)
at io.cucumber.testng.TestNGCucumberRunner.runScenario(TestNGCucumberRunner.java:132)
at io.cucumber.testng.AbstractTestNGCucumberTests.runScenario(AbstractTestNGCucumberTests.java:35)
at java.base/jdk.internal.reflect.DirectMethodHandleAccessor.invoke(DirectMethodHandleAccessor.java:103)
at java.base/java.lang.reflect.Method.invoke(Method.java:580)
at org.testng.internal.invokers.MethodInvocationHelper.invokeMethod(MethodInvocationHelper.java:141)
at org.testng.internal.invokers.TestInvoker.invokeMethod(TestInvoker.java:686)
at org.testng.internal.invokers.TestInvoker.invokeTestMethod(TestInvoker.java:230)
at org.testng.internal.invokers.MethodRunner.runInSequence(MethodRunner.java:63)
at org.testng.internal.invokers.TestInvoker$MethodInvocationAgent.invoke(TestInvoker.java:992)
at org.testng.internal.invokers.TestInvoker.invokeTestMethods(TestInvoker.java:203)
at org.testng.internal.invokers.TestMethodWorker.invokeTestMethods(TestMethodWorker.java:154)
at org.testng.internal.invokers.TestMethodWorker.run(TestMethodWorker.java:134)
at java.base/java.util.ArrayList.forEach(ArrayList.java:1597)
at org.testng.TestRunner.privateRun(TestRunner.java:739)
at org.testng.TestRunner.run(TestRunner.java:614)
at org.testng.SuiteRunner.runTest(SuiteRunner.java:421)
at org.testng.SuiteRunner.runSequentially(SuiteRunner.java:413)
at org.testng.SuiteRunner.privateRun(SuiteRunner.java:373)
at org.testng.SuiteRunner.run(SuiteRunner.java:312)
at org.testng.SuiteRunnerWorker.runSuite(SuiteRunnerWorker.java:52)
at org.testng.SuiteRunnerWorker.run(SuiteRunnerWorker.java:95)
at org.testng.TestNG.runSuitesSequentially(TestNG.java:1274)
at org.testng.TestNG.runSuitesLocally(TestNG.java:1208)
at org.testng.TestNG.runSuites(TestNG.java:1112)
at org.testng.TestNG.run(TestNG.java:1079)
at org.testng.remote.AbstractRemoteTestNG.run(AbstractRemoteTestNG.java:115)
at org.testng.remote.RemoteTestNG.initAndRun(RemoteTestNG.java:293)
at org.testng.remote.RemoteTestNG.main(RemoteTestNG.java:91)
]]>
            </full-stacktrace>
          </exception> <!-- io.cucumber.testng.UndefinedStepException -->
          <reporter-output>
          </reporter-output>
        </test-method> <!-- runScenario -->
        <test-method signature="runScenario(io.cucumber.testng.PickleWrapper,io.cucumber.testng.FeatureWrapper)[pri:0, instance:runner.DsAlgoTestNGRunner@6f8f9349]" started-at="2024-11-26T20:00:24 GMT-05:00" name="runScenario" description="Runs Cucumber Scenarios" data-provider="scenarios" finished-at="2024-11-26T20:00:26 GMT-05:00" duration-ms="1786" status="PASS">
          <params>
            <param index="0">
              <value>
                <![CDATA[""]]>
              </value>
            </param>
            <param index="1">
              <value>
                <![CDATA["Test the Graph page"]]>
              </value>
            </param>
          </params>
          <reporter-output>
          </reporter-output>
        </test-method> <!-- runScenario -->
        <test-method is-config="true" signature="tearDownClass()[pri:0, instance:runner.DsAlgoTestNGRunner@6f8f9349]" started-at="2024-11-26T20:00:26 GMT-05:00" name="tearDownClass" finished-at="2024-11-26T20:00:26 GMT-05:00" duration-ms="315" status="PASS">
          <reporter-output>
          </reporter-output>
        </test-method> <!-- tearDownClass -->
      </class> <!-- runner.DsAlgoTestNGRunner -->
    </test> <!-- TestChrome -->
  </suite> <!-- Suite -->
</testng-results>
