<?xml version="1.0" encoding="UTF-8"?>
<!-- Generated by org.testng.reporters.JUnitReportReporter -->
<testsuite hostname="Joanna" failures="1" tests="95" name="runner.DsAlgoTestNGRunner" time="254.096" errors="1" timestamp="2024-11-24T22:59:37 GMT-05:00" skipped="0">
  <testcase classname="runner.DsAlgoTestNGRunner" name="runScenario" time="1.384"/>
  <testcase classname="runner.DsAlgoTestNGRunner" name="runScenario" time="2.738"/>
  <testcase classname="runner.DsAlgoTestNGRunner" name="runScenario" time="1.413"/>
  <testcase classname="runner.DsAlgoTestNGRunner" name="runScenario" time="4.620"/>
  <testcase classname="runner.DsAlgoTestNGRunner" name="runScenario" time="4.624"/>
  <testcase classname="runner.DsAlgoTestNGRunner" name="runScenario" time="5.554"/>
  <testcase classname="runner.DsAlgoTestNGRunner" name="runScenario" time="5.568"/>
  <testcase classname="runner.DsAlgoTestNGRunner" name="runScenario" time="0.589">
    <failure message="expected:&lt;[ Practice Questions ]&gt; but was:&lt;[Practice Questions]&gt;" type="org.junit.ComparisonFailure">
      <![CDATA[org.junit.ComparisonFailure: expected:<[ Practice Questions ]> but was:<[Practice Questions]>
at org.junit.Assert.assertEquals(Assert.java:117)
at org.junit.Assert.assertEquals(Assert.java:146)
at stepdef.QueuePageStep.user_navigated_to_queue_practise_test_page(QueuePageStep.java:91)
at ✽.User navigated to Queue Practise Test page(file:///C:/Users/golda/git/DsAlgoProject/DsAlgoProject/src/test/resources/Features/FQueue.feature:60)
]]>
    </failure>
  </testcase> <!-- runScenario -->
  <testcase classname="runner.DsAlgoTestNGRunner" name="runScenario" time="0.765"/>
  <testcase classname="runner.DsAlgoTestNGRunner" name="runScenario" time="0.337"/>
  <testcase classname="runner.DsAlgoTestNGRunner" name="runScenario" time="2.585"/>
  <testcase classname="runner.DsAlgoTestNGRunner" name="runScenario" time="5.792"/>
  <testcase classname="runner.DsAlgoTestNGRunner" name="runScenario" time="1.124"/>
  <testcase classname="runner.DsAlgoTestNGRunner" name="runScenario" time="2.746"/>
  <testcase classname="runner.DsAlgoTestNGRunner" name="runScenario" time="5.542"/>
  <testcase classname="runner.DsAlgoTestNGRunner" name="runScenario" time="0.743"/>
  <testcase classname="runner.DsAlgoTestNGRunner" name="runScenario" time="3.925"/>
  <testcase classname="runner.DsAlgoTestNGRunner" name="runScenario" time="2.740"/>
  <testcase classname="runner.DsAlgoTestNGRunner" name="runScenario" time="0.650"/>
  <testcase classname="runner.DsAlgoTestNGRunner" name="runScenario" time="1.093"/>
  <testcase classname="runner.DsAlgoTestNGRunner" name="runScenario" time="1.200"/>
  <testcase classname="runner.DsAlgoTestNGRunner" name="runScenario" time="4.587"/>
  <testcase classname="runner.DsAlgoTestNGRunner" name="runScenario" time="4.654"/>
  <testcase classname="runner.DsAlgoTestNGRunner" name="runScenario" time="5.456"/>
  <testcase classname="runner.DsAlgoTestNGRunner" name="runScenario" time="0.720"/>
  <testcase classname="runner.DsAlgoTestNGRunner" name="runScenario" time="4.723"/>
  <testcase classname="runner.DsAlgoTestNGRunner" name="runScenario" time="5.415"/>
  <testcase classname="runner.DsAlgoTestNGRunner" name="runScenario" time="2.653"/>
  <testcase classname="runner.DsAlgoTestNGRunner" name="runScenario" time="4.555"/>
  <testcase classname="runner.DsAlgoTestNGRunner" name="runScenario" time="5.332"/>
  <testcase classname="runner.DsAlgoTestNGRunner" name="runScenario" time="1.376"/>
  <testcase classname="runner.DsAlgoTestNGRunner" name="runScenario" time="2.735"/>
  <testcase classname="runner.DsAlgoTestNGRunner" name="runScenario" time="0.771">
    <error message="The step &#039;User clicks on  graph Run button&#039; is undefined.
You can implement this step using the snippet(s) below:

@When(&quot;User clicks on  graph Run button&quot;)
public void user_clicks_on_graph_run_button() {
    // Write code here that turns the phrase above into concrete actions
    throw new io.cucumber.java.PendingException();
}
" type="io.cucumber.testng.UndefinedStepException">
      <![CDATA[io.cucumber.testng.UndefinedStepException: The step 'User clicks on  graph Run button' is undefined.
You can implement this step using the snippet(s) below:

@When("User clicks on  graph Run button")
public void user_clicks_on_graph_run_button() {
    // Write code here that turns the phrase above into concrete actions
    throw new io.cucumber.java.PendingException();
}

at io.cucumber.core.runtime.TestCaseResultObserver.assertTestCasePassed(TestCaseResultObserver.java:69)
at io.cucumber.testng.TestCaseResultObserver.assertTestCasePassed(TestCaseResultObserver.java:23)
at io.cucumber.testng.TestNGCucumberRunner.lambda$runScenario$1(TestNGCucumberRunner.java:136)
at io.cucumber.core.runtime.CucumberExecutionContext.lambda$runTestCase$5(CucumberExecutionContext.java:136)
at io.cucumber.core.runtime.RethrowingThrowableCollector.executeAndThrow(RethrowingThrowableCollector.java:23)
at io.cucumber.core.runtime.CucumberExecutionContext.runTestCase(CucumberExecutionContext.java:136)
at io.cucumber.testng.TestNGCucumberRunner.runScenario(TestNGCucumberRunner.java:132)
at io.cucumber.testng.AbstractTestNGCucumberTests.runScenario(AbstractTestNGCucumberTests.java:35)
at java.base/jdk.internal.reflect.DirectMethodHandleAccessor.invoke(DirectMethodHandleAccessor.java:103)
at java.base/java.lang.reflect.Method.invoke(Method.java:580)
at org.testng.internal.invokers.MethodInvocationHelper.invokeMethod(MethodInvocationHelper.java:141)
at org.testng.internal.invokers.TestInvoker.invokeMethod(TestInvoker.java:686)
at org.testng.internal.invokers.TestInvoker.invokeTestMethod(TestInvoker.java:230)
at org.testng.internal.invokers.MethodRunner.runInSequence(MethodRunner.java:63)
at org.testng.internal.invokers.TestInvoker$MethodInvocationAgent.invoke(TestInvoker.java:992)
at org.testng.internal.invokers.TestInvoker.invokeTestMethods(TestInvoker.java:203)
at org.testng.internal.invokers.TestMethodWorker.invokeTestMethods(TestMethodWorker.java:154)
at org.testng.internal.invokers.TestMethodWorker.run(TestMethodWorker.java:134)
at java.base/java.util.ArrayList.forEach(ArrayList.java:1597)
at org.testng.TestRunner.privateRun(TestRunner.java:739)
at org.testng.TestRunner.run(TestRunner.java:614)
at org.testng.SuiteRunner.runTest(SuiteRunner.java:421)
at org.testng.SuiteRunner.runSequentially(SuiteRunner.java:413)
at org.testng.SuiteRunner.privateRun(SuiteRunner.java:373)
at org.testng.SuiteRunner.run(SuiteRunner.java:312)
at org.testng.SuiteRunnerWorker.runSuite(SuiteRunnerWorker.java:52)
at org.testng.SuiteRunnerWorker.run(SuiteRunnerWorker.java:95)
at org.testng.TestNG.runSuitesSequentially(TestNG.java:1274)
at org.testng.TestNG.runSuitesLocally(TestNG.java:1208)
at org.testng.TestNG.runSuites(TestNG.java:1112)
at org.testng.TestNG.run(TestNG.java:1079)
at org.testng.remote.AbstractRemoteTestNG.run(AbstractRemoteTestNG.java:115)
at org.testng.remote.RemoteTestNG.initAndRun(RemoteTestNG.java:293)
at org.testng.remote.RemoteTestNG.main(RemoteTestNG.java:91)
]]>
    </error>
  </testcase> <!-- runScenario -->
  <testcase classname="runner.DsAlgoTestNGRunner" name="runScenario" time="2.625"/>
  <testcase classname="runner.DsAlgoTestNGRunner" name="runScenario" time="0.502"/>
  <testcase classname="runner.DsAlgoTestNGRunner" name="runScenario" time="0.555"/>
  <testcase classname="runner.DsAlgoTestNGRunner" name="runScenario" time="0.296"/>
  <testcase classname="runner.DsAlgoTestNGRunner" name="runScenario" time="1.286"/>
  <testcase classname="runner.DsAlgoTestNGRunner" name="runScenario" time="0.336"/>
  <testcase classname="runner.DsAlgoTestNGRunner" name="runScenario" time="2.522"/>
  <testcase classname="runner.DsAlgoTestNGRunner" name="runScenario" time="2.667"/>
  <testcase classname="runner.DsAlgoTestNGRunner" name="runScenario" time="2.704"/>
  <testcase classname="runner.DsAlgoTestNGRunner" name="runScenario" time="2.863"/>
  <testcase classname="runner.DsAlgoTestNGRunner" name="runScenario" time="2.797"/>
  <testcase classname="runner.DsAlgoTestNGRunner" name="runScenario" time="2.819"/>
  <testcase classname="runner.DsAlgoTestNGRunner" name="runScenario" time="4.672"/>
  <testcase classname="runner.DsAlgoTestNGRunner" name="runScenario" time="2.775"/>
  <testcase classname="runner.DsAlgoTestNGRunner" name="runScenario" time="1.023"/>
  <testcase classname="runner.DsAlgoTestNGRunner" name="runScenario" time="5.864"/>
  <testcase classname="runner.DsAlgoTestNGRunner" name="runScenario" time="0.848"/>
  <testcase classname="runner.DsAlgoTestNGRunner" name="runScenario" time="4.645"/>
  <testcase classname="runner.DsAlgoTestNGRunner" name="runScenario" time="3.318"/>
  <testcase classname="runner.DsAlgoTestNGRunner" name="runScenario" time="2.967"/>
  <testcase classname="runner.DsAlgoTestNGRunner" name="runScenario" time="5.440"/>
  <testcase classname="runner.DsAlgoTestNGRunner" name="runScenario" time="4.653"/>
  <testcase classname="runner.DsAlgoTestNGRunner" name="runScenario" time="2.482"/>
  <testcase classname="runner.DsAlgoTestNGRunner" name="runScenario" time="2.475"/>
  <testcase classname="runner.DsAlgoTestNGRunner" name="runScenario" time="2.857"/>
  <testcase classname="runner.DsAlgoTestNGRunner" name="runScenario" time="2.838"/>
  <testcase classname="runner.DsAlgoTestNGRunner" name="runScenario" time="1.071"/>
  <testcase classname="runner.DsAlgoTestNGRunner" name="runScenario" time="4.647"/>
  <testcase classname="runner.DsAlgoTestNGRunner" name="runScenario" time="0.376"/>
  <testcase classname="runner.DsAlgoTestNGRunner" name="runScenario" time="0.697"/>
  <testcase classname="runner.DsAlgoTestNGRunner" name="runScenario" time="2.448"/>
  <testcase classname="runner.DsAlgoTestNGRunner" name="runScenario" time="2.762"/>
  <testcase classname="runner.DsAlgoTestNGRunner" name="runScenario" time="2.849"/>
  <testcase classname="runner.DsAlgoTestNGRunner" name="runScenario" time="0.784"/>
  <testcase classname="runner.DsAlgoTestNGRunner" name="runScenario" time="1.562"/>
  <testcase classname="runner.DsAlgoTestNGRunner" name="runScenario" time="1.891"/>
  <testcase classname="runner.DsAlgoTestNGRunner" name="runScenario" time="3.235"/>
  <testcase classname="runner.DsAlgoTestNGRunner" name="runScenario" time="2.683"/>
  <testcase classname="runner.DsAlgoTestNGRunner" name="runScenario" time="2.311"/>
  <testcase classname="runner.DsAlgoTestNGRunner" name="runScenario" time="5.487"/>
  <testcase classname="runner.DsAlgoTestNGRunner" name="runScenario" time="2.519"/>
  <testcase classname="runner.DsAlgoTestNGRunner" name="runScenario" time="2.476"/>
  <testcase classname="runner.DsAlgoTestNGRunner" name="runScenario" time="2.549"/>
  <testcase classname="runner.DsAlgoTestNGRunner" name="runScenario" time="2.572"/>
  <testcase classname="runner.DsAlgoTestNGRunner" name="runScenario" time="1.353"/>
  <testcase classname="runner.DsAlgoTestNGRunner" name="runScenario" time="3.144"/>
  <testcase classname="runner.DsAlgoTestNGRunner" name="runScenario" time="1.122"/>
  <testcase classname="runner.DsAlgoTestNGRunner" name="runScenario" time="1.339"/>
  <testcase classname="runner.DsAlgoTestNGRunner" name="runScenario" time="0.807"/>
  <testcase classname="runner.DsAlgoTestNGRunner" name="runScenario" time="2.574"/>
  <testcase classname="runner.DsAlgoTestNGRunner" name="runScenario" time="1.246"/>
  <testcase classname="runner.DsAlgoTestNGRunner" name="runScenario" time="2.465"/>
  <testcase classname="runner.DsAlgoTestNGRunner" name="runScenario" time="3.312"/>
  <testcase classname="runner.DsAlgoTestNGRunner" name="runScenario" time="2.462"/>
  <testcase classname="runner.DsAlgoTestNGRunner" name="runScenario" time="4.699"/>
  <testcase classname="runner.DsAlgoTestNGRunner" name="runScenario" time="0.774"/>
  <testcase classname="runner.DsAlgoTestNGRunner" name="runScenario" time="2.476"/>
  <testcase classname="runner.DsAlgoTestNGRunner" name="runScenario" time="0.301"/>
  <testcase classname="runner.DsAlgoTestNGRunner" name="runScenario" time="2.562"/>
  <testcase classname="runner.DsAlgoTestNGRunner" name="runScenario" time="4.633"/>
  <testcase classname="runner.DsAlgoTestNGRunner" name="runScenario" time="2.786"/>
  <testcase classname="runner.DsAlgoTestNGRunner" name="runScenario" time="5.584"/>
</testsuite> <!-- runner.DsAlgoTestNGRunner -->
