<?xml version="1.0" encoding="UTF-8"?>
<!-- Generated by org.testng.reporters.JUnitReportReporter -->
<testsuite hostname="Joanna" failures="1" tests="95" name="runner.DsAlgoTestNGRunner" time="284.340" errors="1" timestamp="2024-11-25T12:13:02 GMT-05:00" skipped="0">
  <testcase classname="runner.DsAlgoTestNGRunner" name="runScenario" time="4.927"/>
  <testcase classname="runner.DsAlgoTestNGRunner" name="runScenario" time="1.712"/>
  <testcase classname="runner.DsAlgoTestNGRunner" name="runScenario" time="2.974"/>
  <testcase classname="runner.DsAlgoTestNGRunner" name="runScenario" time="1.825"/>
  <testcase classname="runner.DsAlgoTestNGRunner" name="runScenario" time="2.544"/>
  <testcase classname="runner.DsAlgoTestNGRunner" name="runScenario" time="2.786"/>
  <testcase classname="runner.DsAlgoTestNGRunner" name="runScenario" time="0.925"/>
  <testcase classname="runner.DsAlgoTestNGRunner" name="runScenario" time="2.016"/>
  <testcase classname="runner.DsAlgoTestNGRunner" name="runScenario" time="0.403"/>
  <testcase classname="runner.DsAlgoTestNGRunner" name="runScenario" time="4.851"/>
  <testcase classname="runner.DsAlgoTestNGRunner" name="runScenario" time="1.378"/>
  <testcase classname="runner.DsAlgoTestNGRunner" name="runScenario" time="2.733"/>
  <testcase classname="runner.DsAlgoTestNGRunner" name="runScenario" time="1.655"/>
  <testcase classname="runner.DsAlgoTestNGRunner" name="runScenario" time="2.000"/>
  <testcase classname="runner.DsAlgoTestNGRunner" name="runScenario" time="2.691"/>
  <testcase classname="runner.DsAlgoTestNGRunner" name="runScenario" time="1.699"/>
  <testcase classname="runner.DsAlgoTestNGRunner" name="runScenario" time="6.254"/>
  <testcase classname="runner.DsAlgoTestNGRunner" name="runScenario" time="0.377"/>
  <testcase classname="runner.DsAlgoTestNGRunner" name="runScenario" time="2.912"/>
  <testcase classname="runner.DsAlgoTestNGRunner" name="runScenario" time="1.128"/>
  <testcase classname="runner.DsAlgoTestNGRunner" name="runScenario" time="5.612"/>
  <testcase classname="runner.DsAlgoTestNGRunner" name="runScenario" time="2.990"/>
  <testcase classname="runner.DsAlgoTestNGRunner" name="runScenario" time="2.713"/>
  <testcase classname="runner.DsAlgoTestNGRunner" name="runScenario" time="3.264"/>
  <testcase classname="runner.DsAlgoTestNGRunner" name="runScenario" time="5.712"/>
  <testcase classname="runner.DsAlgoTestNGRunner" name="runScenario" time="3.011"/>
  <testcase classname="runner.DsAlgoTestNGRunner" name="runScenario" time="0.357"/>
  <testcase classname="runner.DsAlgoTestNGRunner" name="runScenario" time="1.813"/>
  <testcase classname="runner.DsAlgoTestNGRunner" name="runScenario" time="2.767"/>
  <testcase classname="runner.DsAlgoTestNGRunner" name="runScenario" time="3.000"/>
  <testcase classname="runner.DsAlgoTestNGRunner" name="runScenario" time="1.568"/>
  <testcase classname="runner.DsAlgoTestNGRunner" name="runScenario" time="3.038"/>
  <testcase classname="runner.DsAlgoTestNGRunner" name="runScenario" time="2.639"/>
  <testcase classname="runner.DsAlgoTestNGRunner" name="runScenario" time="3.422"/>
  <testcase classname="runner.DsAlgoTestNGRunner" name="runScenario" time="0.997"/>
  <testcase classname="runner.DsAlgoTestNGRunner" name="runScenario" time="4.708"/>
  <testcase classname="runner.DsAlgoTestNGRunner" name="runScenario" time="0.813"/>
  <testcase classname="runner.DsAlgoTestNGRunner" name="runScenario" time="5.450"/>
  <testcase classname="runner.DsAlgoTestNGRunner" name="runScenario" time="1.735"/>
  <testcase classname="runner.DsAlgoTestNGRunner" name="runScenario" time="1.403"/>
  <testcase classname="runner.DsAlgoTestNGRunner" name="runScenario" time="2.772"/>
  <testcase classname="runner.DsAlgoTestNGRunner" name="runScenario" time="0.993"/>
  <testcase classname="runner.DsAlgoTestNGRunner" name="runScenario" time="4.882"/>
  <testcase classname="runner.DsAlgoTestNGRunner" name="runScenario" time="5.648"/>
  <testcase classname="runner.DsAlgoTestNGRunner" name="runScenario" time="3.324"/>
  <testcase classname="runner.DsAlgoTestNGRunner" name="runScenario" time="4.807"/>
  <testcase classname="runner.DsAlgoTestNGRunner" name="runScenario" time="2.090"/>
  <testcase classname="runner.DsAlgoTestNGRunner" name="runScenario" time="4.939"/>
  <testcase classname="runner.DsAlgoTestNGRunner" name="runScenario" time="1.106"/>
  <testcase classname="runner.DsAlgoTestNGRunner" name="runScenario" time="1.110"/>
  <testcase classname="runner.DsAlgoTestNGRunner" name="runScenario" time="1.276"/>
  <testcase classname="runner.DsAlgoTestNGRunner" name="runScenario" time="2.868"/>
  <testcase classname="runner.DsAlgoTestNGRunner" name="runScenario" time="1.523"/>
  <testcase classname="runner.DsAlgoTestNGRunner" name="runScenario" time="3.035"/>
  <testcase classname="runner.DsAlgoTestNGRunner" name="runScenario" time="3.230"/>
  <testcase classname="runner.DsAlgoTestNGRunner" name="runScenario" time="3.221"/>
  <testcase classname="runner.DsAlgoTestNGRunner" name="runScenario" time="2.419"/>
  <testcase classname="runner.DsAlgoTestNGRunner" name="runScenario" time="1.168">
    <error message="The step &#039;User clicks on  graph Run button&#039; is undefined.
You can implement this step using the snippet(s) below:

@When(&quot;User clicks on  graph Run button&quot;)
public void user_clicks_on_graph_run_button() {
    // Write code here that turns the phrase above into concrete actions
    throw new io.cucumber.java.PendingException();
}
" type="io.cucumber.testng.UndefinedStepException">
      <![CDATA[io.cucumber.testng.UndefinedStepException: The step 'User clicks on  graph Run button' is undefined.
You can implement this step using the snippet(s) below:

@When("User clicks on  graph Run button")
public void user_clicks_on_graph_run_button() {
    // Write code here that turns the phrase above into concrete actions
    throw new io.cucumber.java.PendingException();
}

at io.cucumber.core.runtime.TestCaseResultObserver.assertTestCasePassed(TestCaseResultObserver.java:69)
at io.cucumber.testng.TestCaseResultObserver.assertTestCasePassed(TestCaseResultObserver.java:23)
at io.cucumber.testng.TestNGCucumberRunner.lambda$runScenario$1(TestNGCucumberRunner.java:136)
at io.cucumber.core.runtime.CucumberExecutionContext.lambda$runTestCase$5(CucumberExecutionContext.java:136)
at io.cucumber.core.runtime.RethrowingThrowableCollector.executeAndThrow(RethrowingThrowableCollector.java:23)
at io.cucumber.core.runtime.CucumberExecutionContext.runTestCase(CucumberExecutionContext.java:136)
at io.cucumber.testng.TestNGCucumberRunner.runScenario(TestNGCucumberRunner.java:132)
at io.cucumber.testng.AbstractTestNGCucumberTests.runScenario(AbstractTestNGCucumberTests.java:35)
at java.base/jdk.internal.reflect.DirectMethodHandleAccessor.invoke(DirectMethodHandleAccessor.java:103)
at java.base/java.lang.reflect.Method.invoke(Method.java:580)
at org.testng.internal.invokers.MethodInvocationHelper.invokeMethod(MethodInvocationHelper.java:141)
at org.testng.internal.invokers.TestInvoker.invokeMethod(TestInvoker.java:686)
at org.testng.internal.invokers.TestInvoker.invokeTestMethod(TestInvoker.java:230)
at org.testng.internal.invokers.MethodRunner.runInSequence(MethodRunner.java:63)
at org.testng.internal.invokers.TestInvoker$MethodInvocationAgent.invoke(TestInvoker.java:992)
at org.testng.internal.invokers.TestInvoker.invokeTestMethods(TestInvoker.java:203)
at org.testng.internal.invokers.TestMethodWorker.invokeTestMethods(TestMethodWorker.java:154)
at org.testng.internal.invokers.TestMethodWorker.run(TestMethodWorker.java:134)
at java.base/java.util.ArrayList.forEach(ArrayList.java:1597)
at org.testng.TestRunner.privateRun(TestRunner.java:739)
at org.testng.TestRunner.run(TestRunner.java:614)
at org.testng.SuiteRunner.runTest(SuiteRunner.java:421)
at org.testng.SuiteRunner.runSequentially(SuiteRunner.java:413)
at org.testng.SuiteRunner.privateRun(SuiteRunner.java:373)
at org.testng.SuiteRunner.run(SuiteRunner.java:312)
at org.testng.SuiteRunnerWorker.runSuite(SuiteRunnerWorker.java:52)
at org.testng.SuiteRunnerWorker.run(SuiteRunnerWorker.java:95)
at org.testng.TestNG.runSuitesSequentially(TestNG.java:1274)
at org.testng.TestNG.runSuitesLocally(TestNG.java:1208)
at org.testng.TestNG.runSuites(TestNG.java:1112)
at org.testng.TestNG.run(TestNG.java:1079)
at org.testng.remote.AbstractRemoteTestNG.run(AbstractRemoteTestNG.java:115)
at org.testng.remote.RemoteTestNG.initAndRun(RemoteTestNG.java:293)
at org.testng.remote.RemoteTestNG.main(RemoteTestNG.java:91)
]]>
    </error>
  </testcase> <!-- runScenario -->
  <testcase classname="runner.DsAlgoTestNGRunner" name="runScenario" time="4.686"/>
  <testcase classname="runner.DsAlgoTestNGRunner" name="runScenario" time="1.977"/>
  <testcase classname="runner.DsAlgoTestNGRunner" name="runScenario" time="5.727"/>
  <testcase classname="runner.DsAlgoTestNGRunner" name="runScenario" time="2.397"/>
  <testcase classname="runner.DsAlgoTestNGRunner" name="runScenario" time="0.724">
    <failure message="expected:&lt;[ Practice Questions ]&gt; but was:&lt;[Practice Questions]&gt;" type="org.junit.ComparisonFailure">
      <![CDATA[org.junit.ComparisonFailure: expected:<[ Practice Questions ]> but was:<[Practice Questions]>
at org.junit.Assert.assertEquals(Assert.java:117)
at org.junit.Assert.assertEquals(Assert.java:146)
at stepdef.QueuePageStep.user_navigated_to_queue_practise_test_page(QueuePageStep.java:91)
at ✽.User navigated to Queue Practise Test page(file:///C:/Users/golda/git/DsAlgoProject/DsAlgoProject/src/test/resources/Features/FQueue.feature:60)
]]>
    </failure>
  </testcase> <!-- runScenario -->
  <testcase classname="runner.DsAlgoTestNGRunner" name="runScenario" time="3.334"/>
  <testcase classname="runner.DsAlgoTestNGRunner" name="runScenario" time="2.585"/>
  <testcase classname="runner.DsAlgoTestNGRunner" name="runScenario" time="2.909"/>
  <testcase classname="runner.DsAlgoTestNGRunner" name="runScenario" time="3.331"/>
  <testcase classname="runner.DsAlgoTestNGRunner" name="runScenario" time="5.811"/>
  <testcase classname="runner.DsAlgoTestNGRunner" name="runScenario" time="5.747"/>
  <testcase classname="runner.DsAlgoTestNGRunner" name="runScenario" time="3.022"/>
  <testcase classname="runner.DsAlgoTestNGRunner" name="runScenario" time="4.862"/>
  <testcase classname="runner.DsAlgoTestNGRunner" name="runScenario" time="2.834"/>
  <testcase classname="runner.DsAlgoTestNGRunner" name="runScenario" time="5.759"/>
  <testcase classname="runner.DsAlgoTestNGRunner" name="runScenario" time="2.945"/>
  <testcase classname="runner.DsAlgoTestNGRunner" name="runScenario" time="2.583"/>
  <testcase classname="runner.DsAlgoTestNGRunner" name="runScenario" time="3.081"/>
  <testcase classname="runner.DsAlgoTestNGRunner" name="runScenario" time="0.416"/>
  <testcase classname="runner.DsAlgoTestNGRunner" name="runScenario" time="5.150"/>
  <testcase classname="runner.DsAlgoTestNGRunner" name="runScenario" time="3.487"/>
  <testcase classname="runner.DsAlgoTestNGRunner" name="runScenario" time="0.426"/>
  <testcase classname="runner.DsAlgoTestNGRunner" name="runScenario" time="2.763"/>
  <testcase classname="runner.DsAlgoTestNGRunner" name="runScenario" time="1.314"/>
  <testcase classname="runner.DsAlgoTestNGRunner" name="runScenario" time="3.311"/>
  <testcase classname="runner.DsAlgoTestNGRunner" name="runScenario" time="5.750"/>
  <testcase classname="runner.DsAlgoTestNGRunner" name="runScenario" time="3.264"/>
  <testcase classname="runner.DsAlgoTestNGRunner" name="runScenario" time="3.409"/>
  <testcase classname="runner.DsAlgoTestNGRunner" name="runScenario" time="4.877"/>
  <testcase classname="runner.DsAlgoTestNGRunner" name="runScenario" time="4.897"/>
  <testcase classname="runner.DsAlgoTestNGRunner" name="runScenario" time="3.227"/>
  <testcase classname="runner.DsAlgoTestNGRunner" name="runScenario" time="2.697"/>
  <testcase classname="runner.DsAlgoTestNGRunner" name="runScenario" time="4.301"/>
  <testcase classname="runner.DsAlgoTestNGRunner" name="runScenario" time="1.933"/>
  <testcase classname="runner.DsAlgoTestNGRunner" name="runScenario" time="4.910"/>
  <testcase classname="runner.DsAlgoTestNGRunner" name="runScenario" time="2.673"/>
  <testcase classname="runner.DsAlgoTestNGRunner" name="runScenario" time="6.008"/>
</testsuite> <!-- runner.DsAlgoTestNGRunner -->
